[0.042s] Invoking command in '/home/philip/Embedded_programming/Embedded_systems_final_clean/build/dynamixel_sdk': CMAKE_PREFIX_PATH=/opt/ros/foxy /usr/bin/cmake /home/philip/Embedded_programming/Embedded_systems_final_clean/DynamixelSDK/dynamixel_sdk -DCMAKE_INSTALL_PREFIX=/home/philip/Embedded_programming/Embedded_systems_final_clean/install/dynamixel_sdk
[0.131s] -- The C compiler identification is GNU 9.4.0
[0.216s] -- The CXX compiler identification is GNU 9.4.0
[0.222s] -- Check for working C compiler: /usr/bin/cc
[0.333s] -- Check for working C compiler: /usr/bin/cc -- works
[0.333s] -- Detecting C compiler ABI info
[0.440s] -- Detecting C compiler ABI info - done
[0.465s] -- Detecting C compile features
[0.466s] -- Detecting C compile features - done
[0.471s] -- Check for working CXX compiler: /usr/bin/c++
[0.607s] -- Check for working CXX compiler: /usr/bin/c++ -- works
[0.608s] -- Detecting CXX compiler ABI info
[0.750s] -- Detecting CXX compiler ABI info - done
[0.779s] -- Detecting CXX compile features
[0.780s] -- Detecting CXX compile features - done
[0.784s] -- Found ament_cmake: 0.9.11 (/opt/ros/foxy/share/ament_cmake/cmake)
[0.823s] -- Found PythonInterp: /usr/bin/python3 (found suitable version "3.8.10", minimum required is "3") 
[0.823s] -- Using PYTHON_EXECUTABLE: /usr/bin/python3
[1.370s] -- Configuring done
[1.378s] -- Generating done
[1.379s] -- Build files have been written to: /home/philip/Embedded_programming/Embedded_systems_final_clean/build/dynamixel_sdk
[1.384s] Invoked command in '/home/philip/Embedded_programming/Embedded_systems_final_clean/build/dynamixel_sdk' returned '0': CMAKE_PREFIX_PATH=/opt/ros/foxy /usr/bin/cmake /home/philip/Embedded_programming/Embedded_systems_final_clean/DynamixelSDK/dynamixel_sdk -DCMAKE_INSTALL_PREFIX=/home/philip/Embedded_programming/Embedded_systems_final_clean/install/dynamixel_sdk
[1.388s] Invoking command in '/home/philip/Embedded_programming/Embedded_systems_final_clean/build/dynamixel_sdk': CMAKE_PREFIX_PATH=/opt/ros/foxy /usr/bin/cmake --build /home/philip/Embedded_programming/Embedded_systems_final_clean/build/dynamixel_sdk -- -j4 -l4
[1.439s] [35m[1mScanning dependencies of target dynamixel_sdk[0m
[1.460s] [ 10%] [32mBuilding CXX object CMakeFiles/dynamixel_sdk.dir/src/dynamixel_sdk/protocol2_packet_handler.cpp.o[0m
[1.461s] [ 20%] [32mBuilding CXX object CMakeFiles/dynamixel_sdk.dir/src/dynamixel_sdk/protocol1_packet_handler.cpp.o[0m
[1.480s] [ 30%] [32mBuilding CXX object CMakeFiles/dynamixel_sdk.dir/src/dynamixel_sdk/packet_handler.cpp.o[0m
[1.484s] [ 40%] [32mBuilding CXX object CMakeFiles/dynamixel_sdk.dir/src/dynamixel_sdk/group_sync_read.cpp.o[0m
[1.844s] [ 50%] [32mBuilding CXX object CMakeFiles/dynamixel_sdk.dir/src/dynamixel_sdk/group_sync_write.cpp.o[0m
[1.945s] [ 60%] [32mBuilding CXX object CMakeFiles/dynamixel_sdk.dir/src/dynamixel_sdk/group_bulk_read.cpp.o[0m
[2.069s] [ 70%] [32mBuilding CXX object CMakeFiles/dynamixel_sdk.dir/src/dynamixel_sdk/group_bulk_write.cpp.o[0m
[2.682s] [ 80%] [32mBuilding CXX object CMakeFiles/dynamixel_sdk.dir/src/dynamixel_sdk/port_handler.cpp.o[0m
[2.772s] [ 90%] [32mBuilding CXX object CMakeFiles/dynamixel_sdk.dir/src/dynamixel_sdk/port_handler_linux.cpp.o[0m
[3.428s] [100%] [32m[1mLinking CXX shared library libdynamixel_sdk.so[0m
[3.630s] [100%] Built target dynamixel_sdk
[3.655s] Invoked command in '/home/philip/Embedded_programming/Embedded_systems_final_clean/build/dynamixel_sdk' returned '0': CMAKE_PREFIX_PATH=/opt/ros/foxy /usr/bin/cmake --build /home/philip/Embedded_programming/Embedded_systems_final_clean/build/dynamixel_sdk -- -j4 -l4
[3.752s] Invoking command in '/home/philip/Embedded_programming/Embedded_systems_final_clean/build/dynamixel_sdk': CMAKE_PREFIX_PATH=/opt/ros/foxy /usr/bin/cmake --install /home/philip/Embedded_programming/Embedded_systems_final_clean/build/dynamixel_sdk
[3.772s] -- Install configuration: ""
[3.773s] -- Installing: /home/philip/Embedded_programming/Embedded_systems_final_clean/install/dynamixel_sdk/include/
[3.773s] -- Installing: /home/philip/Embedded_programming/Embedded_systems_final_clean/install/dynamixel_sdk/include//dynamixel_sdk
[3.774s] -- Installing: /home/philip/Embedded_programming/Embedded_systems_final_clean/install/dynamixel_sdk/include//dynamixel_sdk/port_handler_mac.h
[3.774s] -- Installing: /home/philip/Embedded_programming/Embedded_systems_final_clean/install/dynamixel_sdk/include//dynamixel_sdk/dynamixel_sdk.h
[3.775s] -- Installing: /home/philip/Embedded_programming/Embedded_systems_final_clean/install/dynamixel_sdk/include//dynamixel_sdk/port_handler_windows.h
[3.776s] -- Installing: /home/philip/Embedded_programming/Embedded_systems_final_clean/install/dynamixel_sdk/include//dynamixel_sdk/protocol1_packet_handler.h
[3.776s] -- Installing: /home/philip/Embedded_programming/Embedded_systems_final_clean/install/dynamixel_sdk/include//dynamixel_sdk/port_handler_arduino.h
[3.777s] -- Installing: /home/philip/Embedded_programming/Embedded_systems_final_clean/install/dynamixel_sdk/include//dynamixel_sdk/group_bulk_read.h
[3.777s] -- Installing: /home/philip/Embedded_programming/Embedded_systems_final_clean/install/dynamixel_sdk/include//dynamixel_sdk/group_sync_write.h
[3.778s] -- Installing: /home/philip/Embedded_programming/Embedded_systems_final_clean/install/dynamixel_sdk/include//dynamixel_sdk/protocol2_packet_handler.h
[3.778s] -- Installing: /home/philip/Embedded_programming/Embedded_systems_final_clean/install/dynamixel_sdk/include//dynamixel_sdk/packet_handler.h
[3.779s] -- Installing: /home/philip/Embedded_programming/Embedded_systems_final_clean/install/dynamixel_sdk/include//dynamixel_sdk/port_handler_linux.h
[3.779s] -- Installing: /home/philip/Embedded_programming/Embedded_systems_final_clean/install/dynamixel_sdk/include//dynamixel_sdk/port_handler.h
[3.780s] -- Installing: /home/philip/Embedded_programming/Embedded_systems_final_clean/install/dynamixel_sdk/include//dynamixel_sdk/group_bulk_write.h
[3.780s] -- Installing: /home/philip/Embedded_programming/Embedded_systems_final_clean/install/dynamixel_sdk/include//dynamixel_sdk/group_sync_read.h
[3.781s] -- Installing: /home/philip/Embedded_programming/Embedded_systems_final_clean/install/dynamixel_sdk/lib/libdynamixel_sdk.so
[3.782s] -- Installing: /home/philip/Embedded_programming/Embedded_systems_final_clean/install/dynamixel_sdk/share/dynamixel_sdk/environment/library_path.sh
[3.783s] -- Installing: /home/philip/Embedded_programming/Embedded_systems_final_clean/install/dynamixel_sdk/share/dynamixel_sdk/environment/library_path.dsv
[3.784s] -- Installing: /home/philip/Embedded_programming/Embedded_systems_final_clean/install/dynamixel_sdk/share/ament_index/resource_index/package_run_dependencies/dynamixel_sdk
[3.784s] -- Installing: /home/philip/Embedded_programming/Embedded_systems_final_clean/install/dynamixel_sdk/share/ament_index/resource_index/parent_prefix_path/dynamixel_sdk
[3.785s] -- Installing: /home/philip/Embedded_programming/Embedded_systems_final_clean/install/dynamixel_sdk/share/dynamixel_sdk/environment/ament_prefix_path.sh
[3.785s] -- Installing: /home/philip/Embedded_programming/Embedded_systems_final_clean/install/dynamixel_sdk/share/dynamixel_sdk/environment/ament_prefix_path.dsv
[3.786s] -- Installing: /home/philip/Embedded_programming/Embedded_systems_final_clean/install/dynamixel_sdk/share/dynamixel_sdk/environment/path.sh
[3.787s] -- Installing: /home/philip/Embedded_programming/Embedded_systems_final_clean/install/dynamixel_sdk/share/dynamixel_sdk/environment/path.dsv
[3.787s] -- Installing: /home/philip/Embedded_programming/Embedded_systems_final_clean/install/dynamixel_sdk/share/dynamixel_sdk/local_setup.bash
[3.788s] -- Installing: /home/philip/Embedded_programming/Embedded_systems_final_clean/install/dynamixel_sdk/share/dynamixel_sdk/local_setup.sh
[3.788s] -- Installing: /home/philip/Embedded_programming/Embedded_systems_final_clean/install/dynamixel_sdk/share/dynamixel_sdk/local_setup.zsh
[3.789s] -- Installing: /home/philip/Embedded_programming/Embedded_systems_final_clean/install/dynamixel_sdk/share/dynamixel_sdk/local_setup.dsv
[3.790s] -- Installing: /home/philip/Embedded_programming/Embedded_systems_final_clean/install/dynamixel_sdk/share/dynamixel_sdk/package.dsv
[3.790s] -- Installing: /home/philip/Embedded_programming/Embedded_systems_final_clean/install/dynamixel_sdk/share/ament_index/resource_index/packages/dynamixel_sdk
[3.791s] -- Installing: /home/philip/Embedded_programming/Embedded_systems_final_clean/install/dynamixel_sdk/share/dynamixel_sdk/cmake/ament_cmake_export_include_directories-extras.cmake
[3.791s] -- Installing: /home/philip/Embedded_programming/Embedded_systems_final_clean/install/dynamixel_sdk/share/dynamixel_sdk/cmake/ament_cmake_export_libraries-extras.cmake
[3.792s] -- Installing: /home/philip/Embedded_programming/Embedded_systems_final_clean/install/dynamixel_sdk/share/dynamixel_sdk/cmake/dynamixel_sdkConfig.cmake
[3.793s] -- Installing: /home/philip/Embedded_programming/Embedded_systems_final_clean/install/dynamixel_sdk/share/dynamixel_sdk/cmake/dynamixel_sdkConfig-version.cmake
[3.793s] -- Installing: /home/philip/Embedded_programming/Embedded_systems_final_clean/install/dynamixel_sdk/share/dynamixel_sdk/package.xml
[3.803s] Invoked command in '/home/philip/Embedded_programming/Embedded_systems_final_clean/build/dynamixel_sdk' returned '0': CMAKE_PREFIX_PATH=/opt/ros/foxy /usr/bin/cmake --install /home/philip/Embedded_programming/Embedded_systems_final_clean/build/dynamixel_sdk
