Performing C SOURCE FILE Test CMAKE_HAVE_LIBC_PTHREAD failed with the following output:
Change Dir: /home/philip/Embedded_programming/Embedded_systems_final_clean/project-ROS2-pkg/build/project_ros2_pkg/CMakeFiles/CMakeTmp

Run Build Command(s):/usr/bin/make cmTC_76916/fast && /usr/bin/make -f CMakeFiles/cmTC_76916.dir/build.make CMakeFiles/cmTC_76916.dir/build
make[1]: Entering directory '/home/philip/Embedded_programming/Embedded_systems_final_clean/project-ROS2-pkg/build/project_ros2_pkg/CMakeFiles/CMakeTmp'
Building C object CMakeFiles/cmTC_76916.dir/src.c.o
/usr/bin/cc   -DCMAKE_HAVE_LIBC_PTHREAD   -o CMakeFiles/cmTC_76916.dir/src.c.o   -c /home/philip/Embedded_programming/Embedded_systems_final_clean/project-ROS2-pkg/build/project_ros2_pkg/CMakeFiles/CMakeTmp/src.c
Linking C executable cmTC_76916
/usr/bin/cmake -E cmake_link_script CMakeFiles/cmTC_76916.dir/link.txt --verbose=1
/usr/bin/cc  -DCMAKE_HAVE_LIBC_PTHREAD    CMakeFiles/cmTC_76916.dir/src.c.o  -o cmTC_76916 
/usr/bin/ld: CMakeFiles/cmTC_76916.dir/src.c.o: in function `main':
src.c:(.text+0x46): undefined reference to `pthread_create'
/usr/bin/ld: src.c:(.text+0x52): undefined reference to `pthread_detach'
/usr/bin/ld: src.c:(.text+0x63): undefined reference to `pthread_join'
collect2: error: ld returned 1 exit status
make[1]: *** [CMakeFiles/cmTC_76916.dir/build.make:87: cmTC_76916] Error 1
make[1]: Leaving directory '/home/philip/Embedded_programming/Embedded_systems_final_clean/project-ROS2-pkg/build/project_ros2_pkg/CMakeFiles/CMakeTmp'
make: *** [Makefile:121: cmTC_76916/fast] Error 2


Source file was:
#include <pthread.h>

void* test_func(void* data)
{
  return data;
}

int main(void)
{
  pthread_t thread;
  pthread_create(&thread, NULL, test_func, NULL);
  pthread_detach(thread);
  pthread_join(thread, NULL);
  pthread_atfork(NULL, NULL, NULL);
  pthread_exit(NULL);

  return 0;
}

Determining if the function pthread_create exists in the pthreads failed with the following output:
Change Dir: /home/philip/Embedded_programming/Embedded_systems_final_clean/project-ROS2-pkg/build/project_ros2_pkg/CMakeFiles/CMakeTmp

Run Build Command(s):/usr/bin/make cmTC_780b0/fast && /usr/bin/make -f CMakeFiles/cmTC_780b0.dir/build.make CMakeFiles/cmTC_780b0.dir/build
make[1]: Entering directory '/home/philip/Embedded_programming/Embedded_systems_final_clean/project-ROS2-pkg/build/project_ros2_pkg/CMakeFiles/CMakeTmp'
Building C object CMakeFiles/cmTC_780b0.dir/CheckFunctionExists.c.o
/usr/bin/cc   -DCHECK_FUNCTION_EXISTS=pthread_create   -o CMakeFiles/cmTC_780b0.dir/CheckFunctionExists.c.o   -c /usr/share/cmake-3.16/Modules/CheckFunctionExists.c
Linking C executable cmTC_780b0
/usr/bin/cmake -E cmake_link_script CMakeFiles/cmTC_780b0.dir/link.txt --verbose=1
/usr/bin/cc  -DCHECK_FUNCTION_EXISTS=pthread_create    CMakeFiles/cmTC_780b0.dir/CheckFunctionExists.c.o  -o cmTC_780b0  -lpthreads 
/usr/bin/ld: cannot find -lpthreads
collect2: error: ld returned 1 exit status
make[1]: *** [CMakeFiles/cmTC_780b0.dir/build.make:87: cmTC_780b0] Error 1
make[1]: Leaving directory '/home/philip/Embedded_programming/Embedded_systems_final_clean/project-ROS2-pkg/build/project_ros2_pkg/CMakeFiles/CMakeTmp'
make: *** [Makefile:121: cmTC_780b0/fast] Error 2



