[0.054s] Invoking command in '/home/philip/Embedded_programming/Embedded_systems_final_clean/build/dynamixel_sdk': CMAKE_PREFIX_PATH=/opt/ros/foxy /usr/bin/cmake /home/philip/Embedded_programming/Embedded_systems_final_clean/DynamixelSDK/dynamixel_sdk -DCMAKE_INSTALL_PREFIX=/home/philip/Embedded_programming/Embedded_systems_final_clean/install/dynamixel_sdk
[0.238s] -- The C compiler identification is GNU 9.4.0
[0.329s] -- The CXX compiler identification is GNU 9.4.0
[0.341s] -- Check for working C compiler: /usr/bin/cc
[0.466s] -- Check for working C compiler: /usr/bin/cc -- works
[0.469s] -- Detecting C compiler ABI info
[0.572s] -- Detecting C compiler ABI info - done
[0.590s] -- Detecting C compile features
[0.591s] -- Detecting C compile features - done
[0.597s] -- Check for working CXX compiler: /usr/bin/c++
[0.729s] -- Check for working CXX compiler: /usr/bin/c++ -- works
[0.731s] -- Detecting CXX compiler ABI info
[0.867s] -- Detecting CXX compiler ABI info - done
[0.898s] -- Detecting CXX compile features
[0.899s] -- Detecting CXX compile features - done
[0.903s] -- Found ament_cmake: 0.9.11 (/opt/ros/foxy/share/ament_cmake/cmake)
[0.950s] -- Found PythonInterp: /usr/bin/python3 (found suitable version "3.8.10", minimum required is "3") 
[0.950s] -- Using PYTHON_EXECUTABLE: /usr/bin/python3
[1.356s] -- Configuring done
[1.363s] -- Generating done
[1.365s] -- Build files have been written to: /home/philip/Embedded_programming/Embedded_systems_final_clean/build/dynamixel_sdk
[1.370s] Invoked command in '/home/philip/Embedded_programming/Embedded_systems_final_clean/build/dynamixel_sdk' returned '0': CMAKE_PREFIX_PATH=/opt/ros/foxy /usr/bin/cmake /home/philip/Embedded_programming/Embedded_systems_final_clean/DynamixelSDK/dynamixel_sdk -DCMAKE_INSTALL_PREFIX=/home/philip/Embedded_programming/Embedded_systems_final_clean/install/dynamixel_sdk
[1.375s] Invoking command in '/home/philip/Embedded_programming/Embedded_systems_final_clean/build/dynamixel_sdk': CMAKE_PREFIX_PATH=/opt/ros/foxy /usr/bin/cmake --build /home/philip/Embedded_programming/Embedded_systems_final_clean/build/dynamixel_sdk -- -j4 -l4
[1.443s] [35m[1mScanning dependencies of target dynamixel_sdk[0m
[1.467s] [ 20%] [32mBuilding CXX object CMakeFiles/dynamixel_sdk.dir/src/dynamixel_sdk/group_sync_read.cpp.o[0m
[1.468s] [ 20%] [32mBuilding CXX object CMakeFiles/dynamixel_sdk.dir/src/dynamixel_sdk/packet_handler.cpp.o[0m
[1.483s] [ 30%] [32mBuilding CXX object CMakeFiles/dynamixel_sdk.dir/src/dynamixel_sdk/protocol2_packet_handler.cpp.o[0m
[1.483s] [ 40%] [32mBuilding CXX object CMakeFiles/dynamixel_sdk.dir/src/dynamixel_sdk/protocol1_packet_handler.cpp.o[0m
[1.825s] [ 50%] [32mBuilding CXX object CMakeFiles/dynamixel_sdk.dir/src/dynamixel_sdk/group_sync_write.cpp.o[0m
[1.969s] [ 60%] [32mBuilding CXX object CMakeFiles/dynamixel_sdk.dir/src/dynamixel_sdk/group_bulk_read.cpp.o[0m
[2.071s] [ 70%] [32mBuilding CXX object CMakeFiles/dynamixel_sdk.dir/src/dynamixel_sdk/group_bulk_write.cpp.o[0m
[2.939s] [ 80%] [32mBuilding CXX object CMakeFiles/dynamixel_sdk.dir/src/dynamixel_sdk/port_handler.cpp.o[0m
[3.066s] [ 90%] [32mBuilding CXX object CMakeFiles/dynamixel_sdk.dir/src/dynamixel_sdk/port_handler_linux.cpp.o[0m
[3.443s] [100%] [32m[1mLinking CXX shared library libdynamixel_sdk.so[0m
[3.616s] [100%] Built target dynamixel_sdk
[3.637s] Invoked command in '/home/philip/Embedded_programming/Embedded_systems_final_clean/build/dynamixel_sdk' returned '0': CMAKE_PREFIX_PATH=/opt/ros/foxy /usr/bin/cmake --build /home/philip/Embedded_programming/Embedded_systems_final_clean/build/dynamixel_sdk -- -j4 -l4
[3.716s] Invoking command in '/home/philip/Embedded_programming/Embedded_systems_final_clean/build/dynamixel_sdk': CMAKE_PREFIX_PATH=/opt/ros/foxy /usr/bin/cmake --install /home/philip/Embedded_programming/Embedded_systems_final_clean/build/dynamixel_sdk
[3.728s] -- Install configuration: ""
[3.729s] -- Installing: /home/philip/Embedded_programming/Embedded_systems_final_clean/install/dynamixel_sdk/include/
[3.729s] -- Installing: /home/philip/Embedded_programming/Embedded_systems_final_clean/install/dynamixel_sdk/include//dynamixel_sdk
[3.729s] -- Installing: /home/philip/Embedded_programming/Embedded_systems_final_clean/install/dynamixel_sdk/include//dynamixel_sdk/port_handler_mac.h
[3.730s] -- Installing: /home/philip/Embedded_programming/Embedded_systems_final_clean/install/dynamixel_sdk/include//dynamixel_sdk/dynamixel_sdk.h
[3.730s] -- Installing: /home/philip/Embedded_programming/Embedded_systems_final_clean/install/dynamixel_sdk/include//dynamixel_sdk/port_handler_windows.h
[3.730s] -- Installing: /home/philip/Embedded_programming/Embedded_systems_final_clean/install/dynamixel_sdk/include//dynamixel_sdk/protocol1_packet_handler.h
[3.730s] -- Installing: /home/philip/Embedded_programming/Embedded_systems_final_clean/install/dynamixel_sdk/include//dynamixel_sdk/port_handler_arduino.h
[3.731s] -- Installing: /home/philip/Embedded_programming/Embedded_systems_final_clean/install/dynamixel_sdk/include//dynamixel_sdk/group_bulk_read.h
[3.731s] -- Installing: /home/philip/Embedded_programming/Embedded_systems_final_clean/install/dynamixel_sdk/include//dynamixel_sdk/group_sync_write.h
[3.731s] -- Installing: /home/philip/Embedded_programming/Embedded_systems_final_clean/install/dynamixel_sdk/include//dynamixel_sdk/protocol2_packet_handler.h
[3.731s] -- Installing: /home/philip/Embedded_programming/Embedded_systems_final_clean/install/dynamixel_sdk/include//dynamixel_sdk/packet_handler.h
[3.732s] -- Installing: /home/philip/Embedded_programming/Embedded_systems_final_clean/install/dynamixel_sdk/include//dynamixel_sdk/port_handler_linux.h
[3.732s] -- Installing: /home/philip/Embedded_programming/Embedded_systems_final_clean/install/dynamixel_sdk/include//dynamixel_sdk/port_handler.h
[3.732s] -- Installing: /home/philip/Embedded_programming/Embedded_systems_final_clean/install/dynamixel_sdk/include//dynamixel_sdk/group_bulk_write.h
[3.732s] -- Installing: /home/philip/Embedded_programming/Embedded_systems_final_clean/install/dynamixel_sdk/include//dynamixel_sdk/group_sync_read.h
[3.732s] -- Installing: /home/philip/Embedded_programming/Embedded_systems_final_clean/install/dynamixel_sdk/lib/libdynamixel_sdk.so
[3.733s] -- Installing: /home/philip/Embedded_programming/Embedded_systems_final_clean/install/dynamixel_sdk/share/dynamixel_sdk/environment/library_path.sh
[3.733s] -- Installing: /home/philip/Embedded_programming/Embedded_systems_final_clean/install/dynamixel_sdk/share/dynamixel_sdk/environment/library_path.dsv
[3.733s] -- Installing: /home/philip/Embedded_programming/Embedded_systems_final_clean/install/dynamixel_sdk/share/ament_index/resource_index/package_run_dependencies/dynamixel_sdk
[3.733s] -- Installing: /home/philip/Embedded_programming/Embedded_systems_final_clean/install/dynamixel_sdk/share/ament_index/resource_index/parent_prefix_path/dynamixel_sdk
[3.737s] -- Installing: /home/philip/Embedded_programming/Embedded_systems_final_clean/install/dynamixel_sdk/share/dynamixel_sdk/environment/ament_prefix_path.sh
[3.738s] -- Installing: /home/philip/Embedded_programming/Embedded_systems_final_clean/install/dynamixel_sdk/share/dynamixel_sdk/environment/ament_prefix_path.dsv
[3.738s] -- Installing: /home/philip/Embedded_programming/Embedded_systems_final_clean/install/dynamixel_sdk/share/dynamixel_sdk/environment/path.sh
[3.738s] -- Installing: /home/philip/Embedded_programming/Embedded_systems_final_clean/install/dynamixel_sdk/share/dynamixel_sdk/environment/path.dsv
[3.738s] -- Installing: /home/philip/Embedded_programming/Embedded_systems_final_clean/install/dynamixel_sdk/share/dynamixel_sdk/local_setup.bash
[3.738s] -- Installing: /home/philip/Embedded_programming/Embedded_systems_final_clean/install/dynamixel_sdk/share/dynamixel_sdk/local_setup.sh
[3.739s] -- Installing: /home/philip/Embedded_programming/Embedded_systems_final_clean/install/dynamixel_sdk/share/dynamixel_sdk/local_setup.zsh
[3.739s] -- Installing: /home/philip/Embedded_programming/Embedded_systems_final_clean/install/dynamixel_sdk/share/dynamixel_sdk/local_setup.dsv
[3.739s] -- Installing: /home/philip/Embedded_programming/Embedded_systems_final_clean/install/dynamixel_sdk/share/dynamixel_sdk/package.dsv
[3.739s] -- Installing: /home/philip/Embedded_programming/Embedded_systems_final_clean/install/dynamixel_sdk/share/ament_index/resource_index/packages/dynamixel_sdk
[3.739s] -- Installing: /home/philip/Embedded_programming/Embedded_systems_final_clean/install/dynamixel_sdk/share/dynamixel_sdk/cmake/ament_cmake_export_include_directories-extras.cmake
[3.739s] -- Installing: /home/philip/Embedded_programming/Embedded_systems_final_clean/install/dynamixel_sdk/share/dynamixel_sdk/cmake/ament_cmake_export_libraries-extras.cmake
[3.740s] -- Installing: /home/philip/Embedded_programming/Embedded_systems_final_clean/install/dynamixel_sdk/share/dynamixel_sdk/cmake/dynamixel_sdkConfig.cmake
[3.740s] -- Installing: /home/philip/Embedded_programming/Embedded_systems_final_clean/install/dynamixel_sdk/share/dynamixel_sdk/cmake/dynamixel_sdkConfig-version.cmake
[3.740s] -- Installing: /home/philip/Embedded_programming/Embedded_systems_final_clean/install/dynamixel_sdk/share/dynamixel_sdk/package.xml
[3.742s] Invoked command in '/home/philip/Embedded_programming/Embedded_systems_final_clean/build/dynamixel_sdk' returned '0': CMAKE_PREFIX_PATH=/opt/ros/foxy /usr/bin/cmake --install /home/philip/Embedded_programming/Embedded_systems_final_clean/build/dynamixel_sdk
