[0.193s] DEBUG:colcon:Command line arguments: ['/usr/bin/colcon', 'build']
[0.193s] DEBUG:colcon:Parsed command line arguments: Namespace(allow_overriding=[], ament_cmake_args=None, base_paths=['.'], build_base='build', catkin_cmake_args=None, catkin_skip_building_tests=False, cmake_args=None, cmake_clean_cache=False, cmake_clean_first=False, cmake_force_configure=False, cmake_target=None, cmake_target_skip_unavailable=False, continue_on_error=False, event_handlers=None, executor='parallel', ignore_user_meta=False, install_base='install', log_base=None, log_level=None, main=<bound method BuildVerb.main of <colcon_core.verb.build.BuildVerb object at 0x7f0434c963d0>>, merge_install=False, metas=['./colcon.meta'], packages_above=None, packages_above_and_dependencies=None, packages_above_depth=None, packages_end=None, packages_ignore=None, packages_ignore_regex=None, packages_select=None, packages_select_build_failed=False, packages_select_by_dep=None, packages_select_regex=None, packages_select_test_failures=False, packages_skip=None, packages_skip_build_finished=False, packages_skip_by_dep=None, packages_skip_regex=None, packages_skip_test_passed=False, packages_skip_up_to=None, packages_start=None, packages_up_to=None, packages_up_to_regex=None, parallel_workers=4, paths=None, symlink_install=False, test_result_base=None, verb_extension=<colcon_core.verb.build.BuildVerb object at 0x7f0434c963d0>, verb_name='build', verb_parser=<colcon_defaults.argument_parser.defaults.DefaultArgumentsDecorator object at 0x7f0434c96910>)
[0.222s] Level 1:colcon.colcon_core.package_discovery:discover_packages(colcon_meta) check parameters
[0.222s] Level 1:colcon.colcon_core.package_discovery:discover_packages(recursive) check parameters
[0.222s] Level 1:colcon.colcon_core.package_discovery:discover_packages(ignore) check parameters
[0.222s] Level 1:colcon.colcon_core.package_discovery:discover_packages(path) check parameters
[0.222s] Level 1:colcon.colcon_core.package_discovery:discover_packages(colcon_meta) discover
[0.222s] Level 1:colcon.colcon_core.package_discovery:discover_packages(recursive) discover
[0.222s] INFO:colcon.colcon_core.package_discovery:Crawling recursively for packages in '/home/philip/Embedded_programming/Embedded_systems_final_clean'
[0.223s] Level 1:colcon.colcon_core.package_identification:_identify(.) by extensions ['ignore', 'ignore_ament_install']
[0.223s] Level 1:colcon.colcon_core.package_identification:_identify(.) by extension 'ignore'
[0.223s] Level 1:colcon.colcon_core.package_identification:_identify(.) by extension 'ignore_ament_install'
[0.223s] Level 1:colcon.colcon_core.package_identification:_identify(.) by extensions ['colcon_pkg']
[0.223s] Level 1:colcon.colcon_core.package_identification:_identify(.) by extension 'colcon_pkg'
[0.223s] Level 1:colcon.colcon_core.package_identification:_identify(.) by extensions ['colcon_meta']
[0.223s] Level 1:colcon.colcon_core.package_identification:_identify(.) by extension 'colcon_meta'
[0.223s] Level 1:colcon.colcon_core.package_identification:_identify(.) by extensions ['ros']
[0.223s] Level 1:colcon.colcon_core.package_identification:_identify(.) by extension 'ros'
[0.236s] Level 1:colcon.colcon_core.package_identification:_identify(.) by extensions ['cmake', 'python']
[0.236s] Level 1:colcon.colcon_core.package_identification:_identify(.) by extension 'cmake'
[0.236s] Level 1:colcon.colcon_core.package_identification:_identify(.) by extension 'python'
[0.236s] Level 1:colcon.colcon_core.package_identification:_identify(.) by extensions ['python_setup_py']
[0.236s] Level 1:colcon.colcon_core.package_identification:_identify(.) by extension 'python_setup_py'
[0.236s] Level 1:colcon.colcon_core.package_identification:_identify(BRAM-uio-driver) by extensions ['ignore', 'ignore_ament_install']
[0.236s] Level 1:colcon.colcon_core.package_identification:_identify(BRAM-uio-driver) by extension 'ignore'
[0.236s] Level 1:colcon.colcon_core.package_identification:_identify(BRAM-uio-driver) by extension 'ignore_ament_install'
[0.237s] Level 1:colcon.colcon_core.package_identification:_identify(BRAM-uio-driver) by extensions ['colcon_pkg']
[0.237s] Level 1:colcon.colcon_core.package_identification:_identify(BRAM-uio-driver) by extension 'colcon_pkg'
[0.237s] Level 1:colcon.colcon_core.package_identification:_identify(BRAM-uio-driver) by extensions ['colcon_meta']
[0.237s] Level 1:colcon.colcon_core.package_identification:_identify(BRAM-uio-driver) by extension 'colcon_meta'
[0.237s] Level 1:colcon.colcon_core.package_identification:_identify(BRAM-uio-driver) by extensions ['ros']
[0.237s] Level 1:colcon.colcon_core.package_identification:_identify(BRAM-uio-driver) by extension 'ros'
[0.237s] Level 1:colcon.colcon_core.package_identification:_identify(BRAM-uio-driver) by extensions ['cmake', 'python']
[0.237s] Level 1:colcon.colcon_core.package_identification:_identify(BRAM-uio-driver) by extension 'cmake'
[0.237s] Level 1:colcon.colcon_core.package_identification:_identify(BRAM-uio-driver) by extension 'python'
[0.237s] Level 1:colcon.colcon_core.package_identification:_identify(BRAM-uio-driver) by extensions ['python_setup_py']
[0.237s] Level 1:colcon.colcon_core.package_identification:_identify(BRAM-uio-driver) by extension 'python_setup_py'
[0.237s] Level 1:colcon.colcon_core.package_identification:_identify(BRAM-uio-driver/src) by extensions ['ignore', 'ignore_ament_install']
[0.237s] Level 1:colcon.colcon_core.package_identification:_identify(BRAM-uio-driver/src) by extension 'ignore'
[0.237s] Level 1:colcon.colcon_core.package_identification:_identify(BRAM-uio-driver/src) by extension 'ignore_ament_install'
[0.237s] Level 1:colcon.colcon_core.package_identification:_identify(BRAM-uio-driver/src) by extensions ['colcon_pkg']
[0.238s] Level 1:colcon.colcon_core.package_identification:_identify(BRAM-uio-driver/src) by extension 'colcon_pkg'
[0.238s] Level 1:colcon.colcon_core.package_identification:_identify(BRAM-uio-driver/src) by extensions ['colcon_meta']
[0.238s] Level 1:colcon.colcon_core.package_identification:_identify(BRAM-uio-driver/src) by extension 'colcon_meta'
[0.238s] Level 1:colcon.colcon_core.package_identification:_identify(BRAM-uio-driver/src) by extensions ['ros']
[0.238s] Level 1:colcon.colcon_core.package_identification:_identify(BRAM-uio-driver/src) by extension 'ros'
[0.238s] Level 1:colcon.colcon_core.package_identification:_identify(BRAM-uio-driver/src) by extensions ['cmake', 'python']
[0.238s] Level 1:colcon.colcon_core.package_identification:_identify(BRAM-uio-driver/src) by extension 'cmake'
[0.238s] Level 1:colcon.colcon_core.package_identification:_identify(BRAM-uio-driver/src) by extension 'python'
[0.238s] Level 1:colcon.colcon_core.package_identification:_identify(BRAM-uio-driver/src) by extensions ['python_setup_py']
[0.238s] Level 1:colcon.colcon_core.package_identification:_identify(BRAM-uio-driver/src) by extension 'python_setup_py'
[0.238s] Level 1:colcon.colcon_core.package_identification:_identify(DynamixelSDK) by extensions ['ignore', 'ignore_ament_install']
[0.238s] Level 1:colcon.colcon_core.package_identification:_identify(DynamixelSDK) by extension 'ignore'
[0.238s] Level 1:colcon.colcon_core.package_identification:_identify(DynamixelSDK) by extension 'ignore_ament_install'
[0.238s] Level 1:colcon.colcon_core.package_identification:_identify(DynamixelSDK) by extensions ['colcon_pkg']
[0.238s] Level 1:colcon.colcon_core.package_identification:_identify(DynamixelSDK) by extension 'colcon_pkg'
[0.238s] Level 1:colcon.colcon_core.package_identification:_identify(DynamixelSDK) by extensions ['colcon_meta']
[0.239s] Level 1:colcon.colcon_core.package_identification:_identify(DynamixelSDK) by extension 'colcon_meta'
[0.239s] Level 1:colcon.colcon_core.package_identification:_identify(DynamixelSDK) by extensions ['ros']
[0.239s] Level 1:colcon.colcon_core.package_identification:_identify(DynamixelSDK) by extension 'ros'
[0.239s] Level 1:colcon.colcon_core.package_identification:_identify(DynamixelSDK) by extensions ['cmake', 'python']
[0.239s] Level 1:colcon.colcon_core.package_identification:_identify(DynamixelSDK) by extension 'cmake'
[0.239s] Level 1:colcon.colcon_core.package_identification:_identify(DynamixelSDK) by extension 'python'
[0.239s] Level 1:colcon.colcon_core.package_identification:_identify(DynamixelSDK) by extensions ['python_setup_py']
[0.239s] Level 1:colcon.colcon_core.package_identification:_identify(DynamixelSDK) by extension 'python_setup_py'
[0.239s] Level 1:colcon.colcon_core.package_identification:_identify(DynamixelSDK/build) by extensions ['ignore', 'ignore_ament_install']
[0.239s] Level 1:colcon.colcon_core.package_identification:_identify(DynamixelSDK/build) by extension 'ignore'
[0.239s] Level 1:colcon.colcon_core.package_identification:_identify(DynamixelSDK/build) ignored
[0.239s] Level 1:colcon.colcon_core.package_identification:_identify(DynamixelSDK/dynamixel_sdk) by extensions ['ignore', 'ignore_ament_install']
[0.240s] Level 1:colcon.colcon_core.package_identification:_identify(DynamixelSDK/dynamixel_sdk) by extension 'ignore'
[0.240s] Level 1:colcon.colcon_core.package_identification:_identify(DynamixelSDK/dynamixel_sdk) by extension 'ignore_ament_install'
[0.240s] Level 1:colcon.colcon_core.package_identification:_identify(DynamixelSDK/dynamixel_sdk) by extensions ['colcon_pkg']
[0.240s] Level 1:colcon.colcon_core.package_identification:_identify(DynamixelSDK/dynamixel_sdk) by extension 'colcon_pkg'
[0.240s] Level 1:colcon.colcon_core.package_identification:_identify(DynamixelSDK/dynamixel_sdk) by extensions ['colcon_meta']
[0.240s] Level 1:colcon.colcon_core.package_identification:_identify(DynamixelSDK/dynamixel_sdk) by extension 'colcon_meta'
[0.240s] Level 1:colcon.colcon_core.package_identification:_identify(DynamixelSDK/dynamixel_sdk) by extensions ['ros']
[0.240s] Level 1:colcon.colcon_core.package_identification:_identify(DynamixelSDK/dynamixel_sdk) by extension 'ros'
[0.244s] DEBUG:colcon.colcon_core.package_identification:Package 'DynamixelSDK/dynamixel_sdk' with type 'ros.ament_cmake' and name 'dynamixel_sdk'
[0.244s] Level 1:colcon.colcon_core.package_identification:_identify(DynamixelSDK/dynamixel_sdk_custom_interfaces) by extensions ['ignore', 'ignore_ament_install']
[0.244s] Level 1:colcon.colcon_core.package_identification:_identify(DynamixelSDK/dynamixel_sdk_custom_interfaces) by extension 'ignore'
[0.244s] Level 1:colcon.colcon_core.package_identification:_identify(DynamixelSDK/dynamixel_sdk_custom_interfaces) by extension 'ignore_ament_install'
[0.244s] Level 1:colcon.colcon_core.package_identification:_identify(DynamixelSDK/dynamixel_sdk_custom_interfaces) by extensions ['colcon_pkg']
[0.244s] Level 1:colcon.colcon_core.package_identification:_identify(DynamixelSDK/dynamixel_sdk_custom_interfaces) by extension 'colcon_pkg'
[0.244s] Level 1:colcon.colcon_core.package_identification:_identify(DynamixelSDK/dynamixel_sdk_custom_interfaces) by extensions ['colcon_meta']
[0.244s] Level 1:colcon.colcon_core.package_identification:_identify(DynamixelSDK/dynamixel_sdk_custom_interfaces) by extension 'colcon_meta'
[0.245s] Level 1:colcon.colcon_core.package_identification:_identify(DynamixelSDK/dynamixel_sdk_custom_interfaces) by extensions ['ros']
[0.245s] Level 1:colcon.colcon_core.package_identification:_identify(DynamixelSDK/dynamixel_sdk_custom_interfaces) by extension 'ros'
[0.245s] DEBUG:colcon.colcon_core.package_identification:Package 'DynamixelSDK/dynamixel_sdk_custom_interfaces' with type 'ros.ament_cmake' and name 'dynamixel_sdk_custom_interfaces'
[0.245s] Level 1:colcon.colcon_core.package_identification:_identify(DynamixelSDK/dynamixel_sdk_examples) by extensions ['ignore', 'ignore_ament_install']
[0.246s] Level 1:colcon.colcon_core.package_identification:_identify(DynamixelSDK/dynamixel_sdk_examples) by extension 'ignore'
[0.246s] Level 1:colcon.colcon_core.package_identification:_identify(DynamixelSDK/dynamixel_sdk_examples) by extension 'ignore_ament_install'
[0.246s] Level 1:colcon.colcon_core.package_identification:_identify(DynamixelSDK/dynamixel_sdk_examples) by extensions ['colcon_pkg']
[0.246s] Level 1:colcon.colcon_core.package_identification:_identify(DynamixelSDK/dynamixel_sdk_examples) by extension 'colcon_pkg'
[0.246s] Level 1:colcon.colcon_core.package_identification:_identify(DynamixelSDK/dynamixel_sdk_examples) by extensions ['colcon_meta']
[0.246s] Level 1:colcon.colcon_core.package_identification:_identify(DynamixelSDK/dynamixel_sdk_examples) by extension 'colcon_meta'
[0.246s] Level 1:colcon.colcon_core.package_identification:_identify(DynamixelSDK/dynamixel_sdk_examples) by extensions ['ros']
[0.246s] Level 1:colcon.colcon_core.package_identification:_identify(DynamixelSDK/dynamixel_sdk_examples) by extension 'ros'
[0.247s] DEBUG:colcon.colcon_core.package_identification:Package 'DynamixelSDK/dynamixel_sdk_examples' with type 'ros.ament_cmake' and name 'dynamixel_sdk_examples'
[0.247s] Level 1:colcon.colcon_core.package_identification:_identify(DynamixelSDK/install) by extensions ['ignore', 'ignore_ament_install']
[0.247s] Level 1:colcon.colcon_core.package_identification:_identify(DynamixelSDK/install) by extension 'ignore'
[0.247s] Level 1:colcon.colcon_core.package_identification:_identify(DynamixelSDK/install) ignored
[0.247s] Level 1:colcon.colcon_core.package_identification:_identify(DynamixelSDK/log) by extensions ['ignore', 'ignore_ament_install']
[0.248s] Level 1:colcon.colcon_core.package_identification:_identify(DynamixelSDK/log) by extension 'ignore'
[0.248s] Level 1:colcon.colcon_core.package_identification:_identify(DynamixelSDK/log) ignored
[0.248s] Level 1:colcon.colcon_core.package_identification:_identify(build) by extensions ['ignore', 'ignore_ament_install']
[0.248s] Level 1:colcon.colcon_core.package_identification:_identify(build) by extension 'ignore'
[0.248s] Level 1:colcon.colcon_core.package_identification:_identify(build) ignored
[0.248s] Level 1:colcon.colcon_core.package_identification:_identify(install) by extensions ['ignore', 'ignore_ament_install']
[0.248s] Level 1:colcon.colcon_core.package_identification:_identify(install) by extension 'ignore'
[0.248s] Level 1:colcon.colcon_core.package_identification:_identify(install) ignored
[0.248s] Level 1:colcon.colcon_core.package_identification:_identify(log) by extensions ['ignore', 'ignore_ament_install']
[0.248s] Level 1:colcon.colcon_core.package_identification:_identify(log) by extension 'ignore'
[0.248s] Level 1:colcon.colcon_core.package_identification:_identify(log) ignored
[0.248s] Level 1:colcon.colcon_core.package_identification:_identify(project-ROS2-pkg) by extensions ['ignore', 'ignore_ament_install']
[0.249s] Level 1:colcon.colcon_core.package_identification:_identify(project-ROS2-pkg) by extension 'ignore'
[0.249s] Level 1:colcon.colcon_core.package_identification:_identify(project-ROS2-pkg) by extension 'ignore_ament_install'
[0.249s] Level 1:colcon.colcon_core.package_identification:_identify(project-ROS2-pkg) by extensions ['colcon_pkg']
[0.249s] Level 1:colcon.colcon_core.package_identification:_identify(project-ROS2-pkg) by extension 'colcon_pkg'
[0.249s] Level 1:colcon.colcon_core.package_identification:_identify(project-ROS2-pkg) by extensions ['colcon_meta']
[0.249s] Level 1:colcon.colcon_core.package_identification:_identify(project-ROS2-pkg) by extension 'colcon_meta'
[0.249s] Level 1:colcon.colcon_core.package_identification:_identify(project-ROS2-pkg) by extensions ['ros']
[0.249s] Level 1:colcon.colcon_core.package_identification:_identify(project-ROS2-pkg) by extension 'ros'
[0.249s] DEBUG:colcon.colcon_core.package_identification:Package 'project-ROS2-pkg' with type 'ros.ament_cmake' and name 'project_ros2_pkg'
[0.250s] Level 1:colcon.colcon_core.package_discovery:discover_packages(recursive) using defaults
[0.250s] Level 1:colcon.colcon_core.package_discovery:discover_packages(ignore) discover
[0.250s] Level 1:colcon.colcon_core.package_discovery:discover_packages(ignore) using defaults
[0.250s] Level 1:colcon.colcon_core.package_discovery:discover_packages(path) discover
[0.250s] Level 1:colcon.colcon_core.package_discovery:discover_packages(path) using defaults
[0.285s] Level 1:colcon.colcon_core.package_discovery:discover_packages(prefix_path) check parameters
[0.285s] Level 1:colcon.colcon_core.package_discovery:discover_packages(prefix_path) discover
[0.289s] DEBUG:colcon.colcon_installed_package_information.package_discovery:Found 270 installed packages in /opt/ros/foxy
[0.291s] Level 1:colcon.colcon_core.package_discovery:discover_packages(prefix_path) using defaults
[0.392s] Level 5:colcon.colcon_core.verb:set package 'dynamixel_sdk' build argument 'cmake_args' from command line to 'None'
[0.392s] Level 5:colcon.colcon_core.verb:set package 'dynamixel_sdk' build argument 'cmake_target' from command line to 'None'
[0.392s] Level 5:colcon.colcon_core.verb:set package 'dynamixel_sdk' build argument 'cmake_target_skip_unavailable' from command line to 'False'
[0.392s] Level 5:colcon.colcon_core.verb:set package 'dynamixel_sdk' build argument 'cmake_clean_cache' from command line to 'False'
[0.392s] Level 5:colcon.colcon_core.verb:set package 'dynamixel_sdk' build argument 'cmake_clean_first' from command line to 'False'
[0.392s] Level 5:colcon.colcon_core.verb:set package 'dynamixel_sdk' build argument 'cmake_force_configure' from command line to 'False'
[0.392s] Level 5:colcon.colcon_core.verb:set package 'dynamixel_sdk' build argument 'ament_cmake_args' from command line to 'None'
[0.392s] Level 5:colcon.colcon_core.verb:set package 'dynamixel_sdk' build argument 'catkin_cmake_args' from command line to 'None'
[0.393s] Level 5:colcon.colcon_core.verb:set package 'dynamixel_sdk' build argument 'catkin_skip_building_tests' from command line to 'False'
[0.393s] DEBUG:colcon.colcon_core.verb:Building package 'dynamixel_sdk' with the following arguments: {'ament_cmake_args': None, 'build_base': '/home/philip/Embedded_programming/Embedded_systems_final_clean/build/dynamixel_sdk', 'catkin_cmake_args': None, 'catkin_skip_building_tests': False, 'cmake_args': None, 'cmake_clean_cache': False, 'cmake_clean_first': False, 'cmake_force_configure': False, 'cmake_target': None, 'cmake_target_skip_unavailable': False, 'install_base': '/home/philip/Embedded_programming/Embedded_systems_final_clean/install/dynamixel_sdk', 'merge_install': False, 'path': '/home/philip/Embedded_programming/Embedded_systems_final_clean/DynamixelSDK/dynamixel_sdk', 'symlink_install': False, 'test_result_base': None}
[0.394s] Level 5:colcon.colcon_core.verb:set package 'dynamixel_sdk_custom_interfaces' build argument 'cmake_args' from command line to 'None'
[0.394s] Level 5:colcon.colcon_core.verb:set package 'dynamixel_sdk_custom_interfaces' build argument 'cmake_target' from command line to 'None'
[0.394s] Level 5:colcon.colcon_core.verb:set package 'dynamixel_sdk_custom_interfaces' build argument 'cmake_target_skip_unavailable' from command line to 'False'
[0.394s] Level 5:colcon.colcon_core.verb:set package 'dynamixel_sdk_custom_interfaces' build argument 'cmake_clean_cache' from command line to 'False'
[0.394s] Level 5:colcon.colcon_core.verb:set package 'dynamixel_sdk_custom_interfaces' build argument 'cmake_clean_first' from command line to 'False'
[0.394s] Level 5:colcon.colcon_core.verb:set package 'dynamixel_sdk_custom_interfaces' build argument 'cmake_force_configure' from command line to 'False'
[0.394s] Level 5:colcon.colcon_core.verb:set package 'dynamixel_sdk_custom_interfaces' build argument 'ament_cmake_args' from command line to 'None'
[0.394s] Level 5:colcon.colcon_core.verb:set package 'dynamixel_sdk_custom_interfaces' build argument 'catkin_cmake_args' from command line to 'None'
[0.394s] Level 5:colcon.colcon_core.verb:set package 'dynamixel_sdk_custom_interfaces' build argument 'catkin_skip_building_tests' from command line to 'False'
[0.394s] DEBUG:colcon.colcon_core.verb:Building package 'dynamixel_sdk_custom_interfaces' with the following arguments: {'ament_cmake_args': None, 'build_base': '/home/philip/Embedded_programming/Embedded_systems_final_clean/build/dynamixel_sdk_custom_interfaces', 'catkin_cmake_args': None, 'catkin_skip_building_tests': False, 'cmake_args': None, 'cmake_clean_cache': False, 'cmake_clean_first': False, 'cmake_force_configure': False, 'cmake_target': None, 'cmake_target_skip_unavailable': False, 'install_base': '/home/philip/Embedded_programming/Embedded_systems_final_clean/install/dynamixel_sdk_custom_interfaces', 'merge_install': False, 'path': '/home/philip/Embedded_programming/Embedded_systems_final_clean/DynamixelSDK/dynamixel_sdk_custom_interfaces', 'symlink_install': False, 'test_result_base': None}
[0.395s] Level 5:colcon.colcon_core.verb:set package 'project_ros2_pkg' build argument 'cmake_args' from command line to 'None'
[0.395s] Level 5:colcon.colcon_core.verb:set package 'project_ros2_pkg' build argument 'cmake_target' from command line to 'None'
[0.395s] Level 5:colcon.colcon_core.verb:set package 'project_ros2_pkg' build argument 'cmake_target_skip_unavailable' from command line to 'False'
[0.395s] Level 5:colcon.colcon_core.verb:set package 'project_ros2_pkg' build argument 'cmake_clean_cache' from command line to 'False'
[0.395s] Level 5:colcon.colcon_core.verb:set package 'project_ros2_pkg' build argument 'cmake_clean_first' from command line to 'False'
[0.395s] Level 5:colcon.colcon_core.verb:set package 'project_ros2_pkg' build argument 'cmake_force_configure' from command line to 'False'
[0.396s] Level 5:colcon.colcon_core.verb:set package 'project_ros2_pkg' build argument 'ament_cmake_args' from command line to 'None'
[0.396s] Level 5:colcon.colcon_core.verb:set package 'project_ros2_pkg' build argument 'catkin_cmake_args' from command line to 'None'
[0.396s] Level 5:colcon.colcon_core.verb:set package 'project_ros2_pkg' build argument 'catkin_skip_building_tests' from command line to 'False'
[0.396s] DEBUG:colcon.colcon_core.verb:Building package 'project_ros2_pkg' with the following arguments: {'ament_cmake_args': None, 'build_base': '/home/philip/Embedded_programming/Embedded_systems_final_clean/build/project_ros2_pkg', 'catkin_cmake_args': None, 'catkin_skip_building_tests': False, 'cmake_args': None, 'cmake_clean_cache': False, 'cmake_clean_first': False, 'cmake_force_configure': False, 'cmake_target': None, 'cmake_target_skip_unavailable': False, 'install_base': '/home/philip/Embedded_programming/Embedded_systems_final_clean/install/project_ros2_pkg', 'merge_install': False, 'path': '/home/philip/Embedded_programming/Embedded_systems_final_clean/project-ROS2-pkg', 'symlink_install': False, 'test_result_base': None}
[0.397s] Level 5:colcon.colcon_core.verb:set package 'dynamixel_sdk_examples' build argument 'cmake_args' from command line to 'None'
[0.397s] Level 5:colcon.colcon_core.verb:set package 'dynamixel_sdk_examples' build argument 'cmake_target' from command line to 'None'
[0.397s] Level 5:colcon.colcon_core.verb:set package 'dynamixel_sdk_examples' build argument 'cmake_target_skip_unavailable' from command line to 'False'
[0.397s] Level 5:colcon.colcon_core.verb:set package 'dynamixel_sdk_examples' build argument 'cmake_clean_cache' from command line to 'False'
[0.397s] Level 5:colcon.colcon_core.verb:set package 'dynamixel_sdk_examples' build argument 'cmake_clean_first' from command line to 'False'
[0.397s] Level 5:colcon.colcon_core.verb:set package 'dynamixel_sdk_examples' build argument 'cmake_force_configure' from command line to 'False'
[0.397s] Level 5:colcon.colcon_core.verb:set package 'dynamixel_sdk_examples' build argument 'ament_cmake_args' from command line to 'None'
[0.397s] Level 5:colcon.colcon_core.verb:set package 'dynamixel_sdk_examples' build argument 'catkin_cmake_args' from command line to 'None'
[0.397s] Level 5:colcon.colcon_core.verb:set package 'dynamixel_sdk_examples' build argument 'catkin_skip_building_tests' from command line to 'False'
[0.397s] DEBUG:colcon.colcon_core.verb:Building package 'dynamixel_sdk_examples' with the following arguments: {'ament_cmake_args': None, 'build_base': '/home/philip/Embedded_programming/Embedded_systems_final_clean/build/dynamixel_sdk_examples', 'catkin_cmake_args': None, 'catkin_skip_building_tests': False, 'cmake_args': None, 'cmake_clean_cache': False, 'cmake_clean_first': False, 'cmake_force_configure': False, 'cmake_target': None, 'cmake_target_skip_unavailable': False, 'install_base': '/home/philip/Embedded_programming/Embedded_systems_final_clean/install/dynamixel_sdk_examples', 'merge_install': False, 'path': '/home/philip/Embedded_programming/Embedded_systems_final_clean/DynamixelSDK/dynamixel_sdk_examples', 'symlink_install': False, 'test_result_base': None}
[0.398s] INFO:colcon.colcon_core.executor:Executing jobs using 'parallel' executor
[0.403s] DEBUG:colcon.colcon_parallel_executor.executor.parallel:run_until_complete
[0.404s] INFO:colcon.colcon_ros.task.ament_cmake.build:Building ROS package in '/home/philip/Embedded_programming/Embedded_systems_final_clean/DynamixelSDK/dynamixel_sdk' with build type 'ament_cmake'
[0.404s] INFO:colcon.colcon_cmake.task.cmake.build:Building CMake package in '/home/philip/Embedded_programming/Embedded_systems_final_clean/DynamixelSDK/dynamixel_sdk'
[0.409s] INFO:colcon.colcon_core.plugin_system:Skipping extension 'colcon_core.shell.bat': Not used on non-Windows systems
[0.410s] INFO:colcon.colcon_core.shell:Skip shell extension 'powershell' for command environment: Not usable outside of PowerShell
[0.410s] DEBUG:colcon.colcon_core.shell:Skip shell extension 'dsv' for command environment
[0.415s] INFO:colcon.colcon_ros.task.ament_cmake.build:Building ROS package in '/home/philip/Embedded_programming/Embedded_systems_final_clean/DynamixelSDK/dynamixel_sdk_custom_interfaces' with build type 'ament_cmake'
[0.416s] INFO:colcon.colcon_cmake.task.cmake.build:Building CMake package in '/home/philip/Embedded_programming/Embedded_systems_final_clean/DynamixelSDK/dynamixel_sdk_custom_interfaces'
[0.419s] INFO:colcon.colcon_core.shell:Skip shell extension 'powershell' for command environment: Not usable outside of PowerShell
[0.419s] DEBUG:colcon.colcon_core.shell:Skip shell extension 'dsv' for command environment
[0.426s] INFO:colcon.colcon_ros.task.ament_cmake.build:Building ROS package in '/home/philip/Embedded_programming/Embedded_systems_final_clean/project-ROS2-pkg' with build type 'ament_cmake'
[0.426s] INFO:colcon.colcon_cmake.task.cmake.build:Building CMake package in '/home/philip/Embedded_programming/Embedded_systems_final_clean/project-ROS2-pkg'
[0.428s] INFO:colcon.colcon_core.shell:Skip shell extension 'powershell' for command environment: Not usable outside of PowerShell
[0.429s] DEBUG:colcon.colcon_core.shell:Skip shell extension 'dsv' for command environment
[0.446s] DEBUG:colcon.colcon_core.event_handler.log_command:Invoking command in '/home/philip/Embedded_programming/Embedded_systems_final_clean/build/dynamixel_sdk': CMAKE_PREFIX_PATH=/opt/ros/foxy /usr/bin/cmake /home/philip/Embedded_programming/Embedded_systems_final_clean/DynamixelSDK/dynamixel_sdk -DCMAKE_INSTALL_PREFIX=/home/philip/Embedded_programming/Embedded_systems_final_clean/install/dynamixel_sdk
[0.452s] DEBUG:colcon.colcon_core.event_handler.log_command:Invoking command in '/home/philip/Embedded_programming/Embedded_systems_final_clean/build/dynamixel_sdk_custom_interfaces': CMAKE_PREFIX_PATH=/opt/ros/foxy /usr/bin/cmake /home/philip/Embedded_programming/Embedded_systems_final_clean/DynamixelSDK/dynamixel_sdk_custom_interfaces -DCMAKE_INSTALL_PREFIX=/home/philip/Embedded_programming/Embedded_systems_final_clean/install/dynamixel_sdk_custom_interfaces
[0.459s] DEBUG:colcon.colcon_core.event_handler.log_command:Invoking command in '/home/philip/Embedded_programming/Embedded_systems_final_clean/build/project_ros2_pkg': CMAKE_PREFIX_PATH=/opt/ros/foxy /usr/bin/cmake /home/philip/Embedded_programming/Embedded_systems_final_clean/project-ROS2-pkg -DCMAKE_INSTALL_PREFIX=/home/philip/Embedded_programming/Embedded_systems_final_clean/install/project_ros2_pkg
[1.788s] DEBUG:colcon.colcon_core.event_handler.log_command:Invoked command in '/home/philip/Embedded_programming/Embedded_systems_final_clean/build/dynamixel_sdk' returned '0': CMAKE_PREFIX_PATH=/opt/ros/foxy /usr/bin/cmake /home/philip/Embedded_programming/Embedded_systems_final_clean/DynamixelSDK/dynamixel_sdk -DCMAKE_INSTALL_PREFIX=/home/philip/Embedded_programming/Embedded_systems_final_clean/install/dynamixel_sdk
[1.792s] DEBUG:colcon.colcon_core.event_handler.log_command:Invoking command in '/home/philip/Embedded_programming/Embedded_systems_final_clean/build/dynamixel_sdk': CMAKE_PREFIX_PATH=/opt/ros/foxy /usr/bin/cmake --build /home/philip/Embedded_programming/Embedded_systems_final_clean/build/dynamixel_sdk -- -j4 -l4
[3.810s] DEBUG:colcon.colcon_core.event_handler.log_command:Invoked command in '/home/philip/Embedded_programming/Embedded_systems_final_clean/build/dynamixel_sdk_custom_interfaces' returned '0': CMAKE_PREFIX_PATH=/opt/ros/foxy /usr/bin/cmake /home/philip/Embedded_programming/Embedded_systems_final_clean/DynamixelSDK/dynamixel_sdk_custom_interfaces -DCMAKE_INSTALL_PREFIX=/home/philip/Embedded_programming/Embedded_systems_final_clean/install/dynamixel_sdk_custom_interfaces
[3.815s] DEBUG:colcon.colcon_core.event_handler.log_command:Invoking command in '/home/philip/Embedded_programming/Embedded_systems_final_clean/build/dynamixel_sdk_custom_interfaces': CMAKE_PREFIX_PATH=/opt/ros/foxy /usr/bin/cmake --build /home/philip/Embedded_programming/Embedded_systems_final_clean/build/dynamixel_sdk_custom_interfaces -- -j4 -l4
[4.060s] DEBUG:colcon.colcon_core.event_handler.log_command:Invoked command in '/home/philip/Embedded_programming/Embedded_systems_final_clean/build/dynamixel_sdk' returned '0': CMAKE_PREFIX_PATH=/opt/ros/foxy /usr/bin/cmake --build /home/philip/Embedded_programming/Embedded_systems_final_clean/build/dynamixel_sdk -- -j4 -l4
[4.157s] DEBUG:colcon.colcon_core.event_handler.log_command:Invoking command in '/home/philip/Embedded_programming/Embedded_systems_final_clean/build/dynamixel_sdk': CMAKE_PREFIX_PATH=/opt/ros/foxy /usr/bin/cmake --install /home/philip/Embedded_programming/Embedded_systems_final_clean/build/dynamixel_sdk
[4.201s] Level 1:colcon.colcon_core.environment:create_environment_scripts_only(dynamixel_sdk)
[4.208s] DEBUG:colcon.colcon_core.event_handler.log_command:Invoked command in '/home/philip/Embedded_programming/Embedded_systems_final_clean/build/dynamixel_sdk' returned '0': CMAKE_PREFIX_PATH=/opt/ros/foxy /usr/bin/cmake --install /home/philip/Embedded_programming/Embedded_systems_final_clean/build/dynamixel_sdk
[4.214s] Level 1:colcon.colcon_core.environment:checking '/home/philip/Embedded_programming/Embedded_systems_final_clean/install/dynamixel_sdk' for CMake module files
[4.215s] Level 1:colcon.colcon_core.environment:checking '/home/philip/Embedded_programming/Embedded_systems_final_clean/install/dynamixel_sdk' for CMake config files
[4.216s] Level 1:colcon.colcon_core.shell:create_environment_hook('dynamixel_sdk', 'cmake_prefix_path')
[4.219s] INFO:colcon.colcon_core.shell:Creating environment hook '/home/philip/Embedded_programming/Embedded_systems_final_clean/install/dynamixel_sdk/share/dynamixel_sdk/hook/cmake_prefix_path.ps1'
[4.221s] INFO:colcon.colcon_core.shell:Creating environment descriptor '/home/philip/Embedded_programming/Embedded_systems_final_clean/install/dynamixel_sdk/share/dynamixel_sdk/hook/cmake_prefix_path.dsv'
[4.222s] INFO:colcon.colcon_core.shell:Creating environment hook '/home/philip/Embedded_programming/Embedded_systems_final_clean/install/dynamixel_sdk/share/dynamixel_sdk/hook/cmake_prefix_path.sh'
[4.224s] Level 1:colcon.colcon_core.environment:checking '/home/philip/Embedded_programming/Embedded_systems_final_clean/install/dynamixel_sdk/lib'
[4.224s] Level 1:colcon.colcon_core.shell:create_environment_hook('dynamixel_sdk', 'ld_library_path_lib')
[4.228s] INFO:colcon.colcon_core.shell:Creating environment hook '/home/philip/Embedded_programming/Embedded_systems_final_clean/install/dynamixel_sdk/share/dynamixel_sdk/hook/ld_library_path_lib.ps1'
[4.229s] INFO:colcon.colcon_core.shell:Creating environment descriptor '/home/philip/Embedded_programming/Embedded_systems_final_clean/install/dynamixel_sdk/share/dynamixel_sdk/hook/ld_library_path_lib.dsv'
[4.230s] INFO:colcon.colcon_core.shell:Creating environment hook '/home/philip/Embedded_programming/Embedded_systems_final_clean/install/dynamixel_sdk/share/dynamixel_sdk/hook/ld_library_path_lib.sh'
[4.230s] Level 1:colcon.colcon_core.environment:checking '/home/philip/Embedded_programming/Embedded_systems_final_clean/install/dynamixel_sdk/bin'
[4.231s] Level 1:colcon.colcon_core.environment:checking '/home/philip/Embedded_programming/Embedded_systems_final_clean/install/dynamixel_sdk/lib/pkgconfig/dynamixel_sdk.pc'
[4.231s] Level 1:colcon.colcon_core.environment:checking '/home/philip/Embedded_programming/Embedded_systems_final_clean/install/dynamixel_sdk/lib/python3.8/site-packages'
[4.231s] Level 1:colcon.colcon_core.environment:checking '/home/philip/Embedded_programming/Embedded_systems_final_clean/install/dynamixel_sdk/bin'
[4.235s] INFO:colcon.colcon_core.shell:Creating package script '/home/philip/Embedded_programming/Embedded_systems_final_clean/install/dynamixel_sdk/share/dynamixel_sdk/package.ps1'
[4.237s] INFO:colcon.colcon_core.shell:Creating package descriptor '/home/philip/Embedded_programming/Embedded_systems_final_clean/install/dynamixel_sdk/share/dynamixel_sdk/package.dsv'
[4.240s] INFO:colcon.colcon_core.shell:Creating package script '/home/philip/Embedded_programming/Embedded_systems_final_clean/install/dynamixel_sdk/share/dynamixel_sdk/package.sh'
[4.241s] INFO:colcon.colcon_core.shell:Creating package script '/home/philip/Embedded_programming/Embedded_systems_final_clean/install/dynamixel_sdk/share/dynamixel_sdk/package.bash'
[4.243s] INFO:colcon.colcon_core.shell:Creating package script '/home/philip/Embedded_programming/Embedded_systems_final_clean/install/dynamixel_sdk/share/dynamixel_sdk/package.zsh'
[4.244s] Level 1:colcon.colcon_core.environment:create_file_with_runtime_dependencies(/home/philip/Embedded_programming/Embedded_systems_final_clean/install/dynamixel_sdk/share/colcon-core/packages/dynamixel_sdk)
[4.320s] Level 1:colcon.colcon_core.environment:create_environment_scripts_only(dynamixel_sdk)
[4.326s] Level 1:colcon.colcon_core.environment:checking '/home/philip/Embedded_programming/Embedded_systems_final_clean/install/dynamixel_sdk' for CMake module files
[4.327s] Level 1:colcon.colcon_core.environment:checking '/home/philip/Embedded_programming/Embedded_systems_final_clean/install/dynamixel_sdk' for CMake config files
[4.327s] Level 1:colcon.colcon_core.shell:create_environment_hook('dynamixel_sdk', 'cmake_prefix_path')
[4.331s] INFO:colcon.colcon_core.shell:Creating environment hook '/home/philip/Embedded_programming/Embedded_systems_final_clean/install/dynamixel_sdk/share/dynamixel_sdk/hook/cmake_prefix_path.ps1'
[4.332s] INFO:colcon.colcon_core.shell:Creating environment descriptor '/home/philip/Embedded_programming/Embedded_systems_final_clean/install/dynamixel_sdk/share/dynamixel_sdk/hook/cmake_prefix_path.dsv'
[4.333s] INFO:colcon.colcon_core.shell:Creating environment hook '/home/philip/Embedded_programming/Embedded_systems_final_clean/install/dynamixel_sdk/share/dynamixel_sdk/hook/cmake_prefix_path.sh'
[4.334s] Level 1:colcon.colcon_core.environment:checking '/home/philip/Embedded_programming/Embedded_systems_final_clean/install/dynamixel_sdk/lib'
[4.334s] Level 1:colcon.colcon_core.shell:create_environment_hook('dynamixel_sdk', 'ld_library_path_lib')
[4.337s] INFO:colcon.colcon_core.shell:Creating environment hook '/home/philip/Embedded_programming/Embedded_systems_final_clean/install/dynamixel_sdk/share/dynamixel_sdk/hook/ld_library_path_lib.ps1'
[4.343s] INFO:colcon.colcon_core.shell:Creating environment descriptor '/home/philip/Embedded_programming/Embedded_systems_final_clean/install/dynamixel_sdk/share/dynamixel_sdk/hook/ld_library_path_lib.dsv'
[4.343s] INFO:colcon.colcon_core.shell:Creating environment hook '/home/philip/Embedded_programming/Embedded_systems_final_clean/install/dynamixel_sdk/share/dynamixel_sdk/hook/ld_library_path_lib.sh'
[4.344s] Level 1:colcon.colcon_core.environment:checking '/home/philip/Embedded_programming/Embedded_systems_final_clean/install/dynamixel_sdk/bin'
[4.345s] Level 1:colcon.colcon_core.environment:checking '/home/philip/Embedded_programming/Embedded_systems_final_clean/install/dynamixel_sdk/lib/pkgconfig/dynamixel_sdk.pc'
[4.345s] Level 1:colcon.colcon_core.environment:checking '/home/philip/Embedded_programming/Embedded_systems_final_clean/install/dynamixel_sdk/lib/python3.8/site-packages'
[4.346s] Level 1:colcon.colcon_core.environment:checking '/home/philip/Embedded_programming/Embedded_systems_final_clean/install/dynamixel_sdk/bin'
[4.360s] INFO:colcon.colcon_core.shell:Creating package script '/home/philip/Embedded_programming/Embedded_systems_final_clean/install/dynamixel_sdk/share/dynamixel_sdk/package.ps1'
[4.361s] INFO:colcon.colcon_core.shell:Creating package descriptor '/home/philip/Embedded_programming/Embedded_systems_final_clean/install/dynamixel_sdk/share/dynamixel_sdk/package.dsv'
[4.362s] INFO:colcon.colcon_core.shell:Creating package script '/home/philip/Embedded_programming/Embedded_systems_final_clean/install/dynamixel_sdk/share/dynamixel_sdk/package.sh'
[4.363s] INFO:colcon.colcon_core.shell:Creating package script '/home/philip/Embedded_programming/Embedded_systems_final_clean/install/dynamixel_sdk/share/dynamixel_sdk/package.bash'
[4.364s] INFO:colcon.colcon_core.shell:Creating package script '/home/philip/Embedded_programming/Embedded_systems_final_clean/install/dynamixel_sdk/share/dynamixel_sdk/package.zsh'
[4.366s] Level 1:colcon.colcon_core.environment:create_file_with_runtime_dependencies(/home/philip/Embedded_programming/Embedded_systems_final_clean/install/dynamixel_sdk/share/colcon-core/packages/dynamixel_sdk)
[4.774s] DEBUG:colcon.colcon_core.event_handler.log_command:Invoked command in '/home/philip/Embedded_programming/Embedded_systems_final_clean/build/project_ros2_pkg' returned '0': CMAKE_PREFIX_PATH=/opt/ros/foxy /usr/bin/cmake /home/philip/Embedded_programming/Embedded_systems_final_clean/project-ROS2-pkg -DCMAKE_INSTALL_PREFIX=/home/philip/Embedded_programming/Embedded_systems_final_clean/install/project_ros2_pkg
[4.776s] DEBUG:colcon.colcon_core.event_handler.log_command:Invoking command in '/home/philip/Embedded_programming/Embedded_systems_final_clean/build/project_ros2_pkg': CMAKE_PREFIX_PATH=/opt/ros/foxy /usr/bin/cmake --build /home/philip/Embedded_programming/Embedded_systems_final_clean/build/project_ros2_pkg -- -j4 -l4
[14.858s] DEBUG:colcon.colcon_core.event_handler.log_command:Invoked command in '/home/philip/Embedded_programming/Embedded_systems_final_clean/build/dynamixel_sdk_custom_interfaces' returned '0': CMAKE_PREFIX_PATH=/opt/ros/foxy /usr/bin/cmake --build /home/philip/Embedded_programming/Embedded_systems_final_clean/build/dynamixel_sdk_custom_interfaces -- -j4 -l4
[15.014s] DEBUG:colcon.colcon_core.event_handler.log_command:Invoking command in '/home/philip/Embedded_programming/Embedded_systems_final_clean/build/dynamixel_sdk_custom_interfaces': CMAKE_PREFIX_PATH=/opt/ros/foxy /usr/bin/cmake --install /home/philip/Embedded_programming/Embedded_systems_final_clean/build/dynamixel_sdk_custom_interfaces
[15.212s] Level 1:colcon.colcon_core.environment:create_environment_scripts_only(dynamixel_sdk_custom_interfaces)
[15.219s] Level 1:colcon.colcon_core.environment:checking '/home/philip/Embedded_programming/Embedded_systems_final_clean/install/dynamixel_sdk_custom_interfaces' for CMake module files
[15.220s] DEBUG:colcon.colcon_core.event_handler.log_command:Invoked command in '/home/philip/Embedded_programming/Embedded_systems_final_clean/build/dynamixel_sdk_custom_interfaces' returned '0': CMAKE_PREFIX_PATH=/opt/ros/foxy /usr/bin/cmake --install /home/philip/Embedded_programming/Embedded_systems_final_clean/build/dynamixel_sdk_custom_interfaces
[15.222s] Level 1:colcon.colcon_core.environment:checking '/home/philip/Embedded_programming/Embedded_systems_final_clean/install/dynamixel_sdk_custom_interfaces' for CMake config files
[15.223s] Level 1:colcon.colcon_core.shell:create_environment_hook('dynamixel_sdk_custom_interfaces', 'cmake_prefix_path')
[15.226s] INFO:colcon.colcon_core.shell:Creating environment hook '/home/philip/Embedded_programming/Embedded_systems_final_clean/install/dynamixel_sdk_custom_interfaces/share/dynamixel_sdk_custom_interfaces/hook/cmake_prefix_path.ps1'
[15.228s] INFO:colcon.colcon_core.shell:Creating environment descriptor '/home/philip/Embedded_programming/Embedded_systems_final_clean/install/dynamixel_sdk_custom_interfaces/share/dynamixel_sdk_custom_interfaces/hook/cmake_prefix_path.dsv'
[15.229s] INFO:colcon.colcon_core.shell:Creating environment hook '/home/philip/Embedded_programming/Embedded_systems_final_clean/install/dynamixel_sdk_custom_interfaces/share/dynamixel_sdk_custom_interfaces/hook/cmake_prefix_path.sh'
[15.230s] Level 1:colcon.colcon_core.environment:checking '/home/philip/Embedded_programming/Embedded_systems_final_clean/install/dynamixel_sdk_custom_interfaces/lib'
[15.230s] Level 1:colcon.colcon_core.shell:create_environment_hook('dynamixel_sdk_custom_interfaces', 'ld_library_path_lib')
[15.234s] INFO:colcon.colcon_core.shell:Creating environment hook '/home/philip/Embedded_programming/Embedded_systems_final_clean/install/dynamixel_sdk_custom_interfaces/share/dynamixel_sdk_custom_interfaces/hook/ld_library_path_lib.ps1'
[15.235s] INFO:colcon.colcon_core.shell:Creating environment descriptor '/home/philip/Embedded_programming/Embedded_systems_final_clean/install/dynamixel_sdk_custom_interfaces/share/dynamixel_sdk_custom_interfaces/hook/ld_library_path_lib.dsv'
[15.236s] INFO:colcon.colcon_core.shell:Creating environment hook '/home/philip/Embedded_programming/Embedded_systems_final_clean/install/dynamixel_sdk_custom_interfaces/share/dynamixel_sdk_custom_interfaces/hook/ld_library_path_lib.sh'
[15.237s] Level 1:colcon.colcon_core.environment:checking '/home/philip/Embedded_programming/Embedded_systems_final_clean/install/dynamixel_sdk_custom_interfaces/bin'
[15.237s] Level 1:colcon.colcon_core.environment:checking '/home/philip/Embedded_programming/Embedded_systems_final_clean/install/dynamixel_sdk_custom_interfaces/lib/pkgconfig/dynamixel_sdk_custom_interfaces.pc'
[15.237s] Level 1:colcon.colcon_core.environment:checking '/home/philip/Embedded_programming/Embedded_systems_final_clean/install/dynamixel_sdk_custom_interfaces/lib/python3.8/site-packages'
[15.238s] Level 1:colcon.colcon_core.shell:create_environment_hook('dynamixel_sdk_custom_interfaces', 'pythonpath')
[15.241s] INFO:colcon.colcon_core.shell:Creating environment hook '/home/philip/Embedded_programming/Embedded_systems_final_clean/install/dynamixel_sdk_custom_interfaces/share/dynamixel_sdk_custom_interfaces/hook/pythonpath.ps1'
[15.242s] INFO:colcon.colcon_core.shell:Creating environment descriptor '/home/philip/Embedded_programming/Embedded_systems_final_clean/install/dynamixel_sdk_custom_interfaces/share/dynamixel_sdk_custom_interfaces/hook/pythonpath.dsv'
[15.243s] INFO:colcon.colcon_core.shell:Creating environment hook '/home/philip/Embedded_programming/Embedded_systems_final_clean/install/dynamixel_sdk_custom_interfaces/share/dynamixel_sdk_custom_interfaces/hook/pythonpath.sh'
[15.244s] Level 1:colcon.colcon_core.environment:checking '/home/philip/Embedded_programming/Embedded_systems_final_clean/install/dynamixel_sdk_custom_interfaces/bin'
[15.248s] INFO:colcon.colcon_core.shell:Creating package script '/home/philip/Embedded_programming/Embedded_systems_final_clean/install/dynamixel_sdk_custom_interfaces/share/dynamixel_sdk_custom_interfaces/package.ps1'
[15.249s] INFO:colcon.colcon_core.shell:Creating package descriptor '/home/philip/Embedded_programming/Embedded_systems_final_clean/install/dynamixel_sdk_custom_interfaces/share/dynamixel_sdk_custom_interfaces/package.dsv'
[15.251s] INFO:colcon.colcon_core.shell:Creating package script '/home/philip/Embedded_programming/Embedded_systems_final_clean/install/dynamixel_sdk_custom_interfaces/share/dynamixel_sdk_custom_interfaces/package.sh'
[15.252s] INFO:colcon.colcon_core.shell:Creating package script '/home/philip/Embedded_programming/Embedded_systems_final_clean/install/dynamixel_sdk_custom_interfaces/share/dynamixel_sdk_custom_interfaces/package.bash'
[15.253s] INFO:colcon.colcon_core.shell:Creating package script '/home/philip/Embedded_programming/Embedded_systems_final_clean/install/dynamixel_sdk_custom_interfaces/share/dynamixel_sdk_custom_interfaces/package.zsh'
[15.253s] Level 1:colcon.colcon_core.environment:create_file_with_runtime_dependencies(/home/philip/Embedded_programming/Embedded_systems_final_clean/install/dynamixel_sdk_custom_interfaces/share/colcon-core/packages/dynamixel_sdk_custom_interfaces)
[15.406s] Level 1:colcon.colcon_core.environment:create_environment_scripts_only(dynamixel_sdk_custom_interfaces)
[15.417s] Level 1:colcon.colcon_core.environment:checking '/home/philip/Embedded_programming/Embedded_systems_final_clean/install/dynamixel_sdk_custom_interfaces' for CMake module files
[15.420s] Level 1:colcon.colcon_core.environment:checking '/home/philip/Embedded_programming/Embedded_systems_final_clean/install/dynamixel_sdk_custom_interfaces' for CMake config files
[15.422s] Level 1:colcon.colcon_core.shell:create_environment_hook('dynamixel_sdk_custom_interfaces', 'cmake_prefix_path')
[15.429s] INFO:colcon.colcon_core.shell:Creating environment hook '/home/philip/Embedded_programming/Embedded_systems_final_clean/install/dynamixel_sdk_custom_interfaces/share/dynamixel_sdk_custom_interfaces/hook/cmake_prefix_path.ps1'
[15.431s] INFO:colcon.colcon_core.shell:Creating environment descriptor '/home/philip/Embedded_programming/Embedded_systems_final_clean/install/dynamixel_sdk_custom_interfaces/share/dynamixel_sdk_custom_interfaces/hook/cmake_prefix_path.dsv'
[15.433s] INFO:colcon.colcon_core.shell:Creating environment hook '/home/philip/Embedded_programming/Embedded_systems_final_clean/install/dynamixel_sdk_custom_interfaces/share/dynamixel_sdk_custom_interfaces/hook/cmake_prefix_path.sh'
[15.435s] Level 1:colcon.colcon_core.environment:checking '/home/philip/Embedded_programming/Embedded_systems_final_clean/install/dynamixel_sdk_custom_interfaces/lib'
[15.435s] Level 1:colcon.colcon_core.shell:create_environment_hook('dynamixel_sdk_custom_interfaces', 'ld_library_path_lib')
[15.442s] INFO:colcon.colcon_core.shell:Creating environment hook '/home/philip/Embedded_programming/Embedded_systems_final_clean/install/dynamixel_sdk_custom_interfaces/share/dynamixel_sdk_custom_interfaces/hook/ld_library_path_lib.ps1'
[15.444s] INFO:colcon.colcon_core.shell:Creating environment descriptor '/home/philip/Embedded_programming/Embedded_systems_final_clean/install/dynamixel_sdk_custom_interfaces/share/dynamixel_sdk_custom_interfaces/hook/ld_library_path_lib.dsv'
[15.445s] INFO:colcon.colcon_core.shell:Creating environment hook '/home/philip/Embedded_programming/Embedded_systems_final_clean/install/dynamixel_sdk_custom_interfaces/share/dynamixel_sdk_custom_interfaces/hook/ld_library_path_lib.sh'
[15.446s] Level 1:colcon.colcon_core.environment:checking '/home/philip/Embedded_programming/Embedded_systems_final_clean/install/dynamixel_sdk_custom_interfaces/bin'
[15.447s] Level 1:colcon.colcon_core.environment:checking '/home/philip/Embedded_programming/Embedded_systems_final_clean/install/dynamixel_sdk_custom_interfaces/lib/pkgconfig/dynamixel_sdk_custom_interfaces.pc'
[15.448s] Level 1:colcon.colcon_core.environment:checking '/home/philip/Embedded_programming/Embedded_systems_final_clean/install/dynamixel_sdk_custom_interfaces/lib/python3.8/site-packages'
[15.448s] Level 1:colcon.colcon_core.shell:create_environment_hook('dynamixel_sdk_custom_interfaces', 'pythonpath')
[15.455s] INFO:colcon.colcon_core.shell:Creating environment hook '/home/philip/Embedded_programming/Embedded_systems_final_clean/install/dynamixel_sdk_custom_interfaces/share/dynamixel_sdk_custom_interfaces/hook/pythonpath.ps1'
[15.457s] INFO:colcon.colcon_core.shell:Creating environment descriptor '/home/philip/Embedded_programming/Embedded_systems_final_clean/install/dynamixel_sdk_custom_interfaces/share/dynamixel_sdk_custom_interfaces/hook/pythonpath.dsv'
[15.458s] INFO:colcon.colcon_core.shell:Creating environment hook '/home/philip/Embedded_programming/Embedded_systems_final_clean/install/dynamixel_sdk_custom_interfaces/share/dynamixel_sdk_custom_interfaces/hook/pythonpath.sh'
[15.460s] Level 1:colcon.colcon_core.environment:checking '/home/philip/Embedded_programming/Embedded_systems_final_clean/install/dynamixel_sdk_custom_interfaces/bin'
[15.468s] INFO:colcon.colcon_core.shell:Creating package script '/home/philip/Embedded_programming/Embedded_systems_final_clean/install/dynamixel_sdk_custom_interfaces/share/dynamixel_sdk_custom_interfaces/package.ps1'
[15.471s] INFO:colcon.colcon_core.shell:Creating package descriptor '/home/philip/Embedded_programming/Embedded_systems_final_clean/install/dynamixel_sdk_custom_interfaces/share/dynamixel_sdk_custom_interfaces/package.dsv'
[15.473s] INFO:colcon.colcon_core.shell:Creating package script '/home/philip/Embedded_programming/Embedded_systems_final_clean/install/dynamixel_sdk_custom_interfaces/share/dynamixel_sdk_custom_interfaces/package.sh'
[15.476s] INFO:colcon.colcon_core.shell:Creating package script '/home/philip/Embedded_programming/Embedded_systems_final_clean/install/dynamixel_sdk_custom_interfaces/share/dynamixel_sdk_custom_interfaces/package.bash'
[15.477s] INFO:colcon.colcon_core.shell:Creating package script '/home/philip/Embedded_programming/Embedded_systems_final_clean/install/dynamixel_sdk_custom_interfaces/share/dynamixel_sdk_custom_interfaces/package.zsh'
[15.479s] Level 1:colcon.colcon_core.environment:create_file_with_runtime_dependencies(/home/philip/Embedded_programming/Embedded_systems_final_clean/install/dynamixel_sdk_custom_interfaces/share/colcon-core/packages/dynamixel_sdk_custom_interfaces)
[15.481s] INFO:colcon.colcon_ros.task.ament_cmake.build:Building ROS package in '/home/philip/Embedded_programming/Embedded_systems_final_clean/DynamixelSDK/dynamixel_sdk_examples' with build type 'ament_cmake'
[15.482s] INFO:colcon.colcon_cmake.task.cmake.build:Building CMake package in '/home/philip/Embedded_programming/Embedded_systems_final_clean/DynamixelSDK/dynamixel_sdk_examples'
[15.488s] INFO:colcon.colcon_core.shell:Skip shell extension 'powershell' for command environment: Not usable outside of PowerShell
[15.489s] DEBUG:colcon.colcon_core.shell:Skip shell extension 'dsv' for command environment
[15.536s] DEBUG:colcon.colcon_core.event_handler.log_command:Invoking command in '/home/philip/Embedded_programming/Embedded_systems_final_clean/build/dynamixel_sdk_examples': AMENT_PREFIX_PATH=/home/philip/Embedded_programming/Embedded_systems_final_clean/install/dynamixel_sdk_custom_interfaces:/home/philip/Embedded_programming/Embedded_systems_final_clean/install/dynamixel_sdk:${AMENT_PREFIX_PATH} CMAKE_PREFIX_PATH=/home/philip/Embedded_programming/Embedded_systems_final_clean/install/dynamixel_sdk_custom_interfaces:/home/philip/Embedded_programming/Embedded_systems_final_clean/install/dynamixel_sdk:/opt/ros/foxy LD_LIBRARY_PATH=/home/philip/Embedded_programming/Embedded_systems_final_clean/install/dynamixel_sdk_custom_interfaces/lib:/home/philip/Embedded_programming/Embedded_systems_final_clean/install/dynamixel_sdk/lib:${LD_LIBRARY_PATH} PYTHONPATH=/home/philip/Embedded_programming/Embedded_systems_final_clean/install/dynamixel_sdk_custom_interfaces/lib/python3.8/site-packages:${PYTHONPATH} /usr/bin/cmake /home/philip/Embedded_programming/Embedded_systems_final_clean/DynamixelSDK/dynamixel_sdk_examples -DCMAKE_INSTALL_PREFIX=/home/philip/Embedded_programming/Embedded_systems_final_clean/install/dynamixel_sdk_examples
[19.890s] DEBUG:colcon.colcon_core.event_handler.log_command:Invoked command in '/home/philip/Embedded_programming/Embedded_systems_final_clean/build/dynamixel_sdk_examples' returned '0': AMENT_PREFIX_PATH=/home/philip/Embedded_programming/Embedded_systems_final_clean/install/dynamixel_sdk_custom_interfaces:/home/philip/Embedded_programming/Embedded_systems_final_clean/install/dynamixel_sdk:${AMENT_PREFIX_PATH} CMAKE_PREFIX_PATH=/home/philip/Embedded_programming/Embedded_systems_final_clean/install/dynamixel_sdk_custom_interfaces:/home/philip/Embedded_programming/Embedded_systems_final_clean/install/dynamixel_sdk:/opt/ros/foxy LD_LIBRARY_PATH=/home/philip/Embedded_programming/Embedded_systems_final_clean/install/dynamixel_sdk_custom_interfaces/lib:/home/philip/Embedded_programming/Embedded_systems_final_clean/install/dynamixel_sdk/lib:${LD_LIBRARY_PATH} PYTHONPATH=/home/philip/Embedded_programming/Embedded_systems_final_clean/install/dynamixel_sdk_custom_interfaces/lib/python3.8/site-packages:${PYTHONPATH} /usr/bin/cmake /home/philip/Embedded_programming/Embedded_systems_final_clean/DynamixelSDK/dynamixel_sdk_examples -DCMAKE_INSTALL_PREFIX=/home/philip/Embedded_programming/Embedded_systems_final_clean/install/dynamixel_sdk_examples
[19.898s] DEBUG:colcon.colcon_core.event_handler.log_command:Invoking command in '/home/philip/Embedded_programming/Embedded_systems_final_clean/build/dynamixel_sdk_examples': AMENT_PREFIX_PATH=/home/philip/Embedded_programming/Embedded_systems_final_clean/install/dynamixel_sdk_custom_interfaces:/home/philip/Embedded_programming/Embedded_systems_final_clean/install/dynamixel_sdk:${AMENT_PREFIX_PATH} CMAKE_PREFIX_PATH=/home/philip/Embedded_programming/Embedded_systems_final_clean/install/dynamixel_sdk_custom_interfaces:/home/philip/Embedded_programming/Embedded_systems_final_clean/install/dynamixel_sdk:/opt/ros/foxy LD_LIBRARY_PATH=/home/philip/Embedded_programming/Embedded_systems_final_clean/install/dynamixel_sdk_custom_interfaces/lib:/home/philip/Embedded_programming/Embedded_systems_final_clean/install/dynamixel_sdk/lib:${LD_LIBRARY_PATH} PYTHONPATH=/home/philip/Embedded_programming/Embedded_systems_final_clean/install/dynamixel_sdk_custom_interfaces/lib/python3.8/site-packages:${PYTHONPATH} /usr/bin/cmake --build /home/philip/Embedded_programming/Embedded_systems_final_clean/build/dynamixel_sdk_examples -- -j4 -l4
[24.845s] DEBUG:colcon.colcon_core.event_handler.log_command:Invoked command in '/home/philip/Embedded_programming/Embedded_systems_final_clean/build/project_ros2_pkg' returned '0': CMAKE_PREFIX_PATH=/opt/ros/foxy /usr/bin/cmake --build /home/philip/Embedded_programming/Embedded_systems_final_clean/build/project_ros2_pkg -- -j4 -l4
[24.902s] DEBUG:colcon.colcon_core.event_handler.log_command:Invoking command in '/home/philip/Embedded_programming/Embedded_systems_final_clean/build/project_ros2_pkg': CMAKE_PREFIX_PATH=/opt/ros/foxy /usr/bin/cmake --install /home/philip/Embedded_programming/Embedded_systems_final_clean/build/project_ros2_pkg
[24.942s] Level 1:colcon.colcon_core.environment:create_environment_scripts_only(project_ros2_pkg)
[24.949s] DEBUG:colcon.colcon_core.event_handler.log_command:Invoked command in '/home/philip/Embedded_programming/Embedded_systems_final_clean/build/project_ros2_pkg' returned '0': CMAKE_PREFIX_PATH=/opt/ros/foxy /usr/bin/cmake --install /home/philip/Embedded_programming/Embedded_systems_final_clean/build/project_ros2_pkg
[24.951s] Level 1:colcon.colcon_core.environment:checking '/home/philip/Embedded_programming/Embedded_systems_final_clean/install/project_ros2_pkg' for CMake module files
[24.952s] Level 1:colcon.colcon_core.environment:checking '/home/philip/Embedded_programming/Embedded_systems_final_clean/install/project_ros2_pkg' for CMake config files
[24.953s] Level 1:colcon.colcon_core.shell:create_environment_hook('project_ros2_pkg', 'cmake_prefix_path')
[24.957s] INFO:colcon.colcon_core.shell:Creating environment hook '/home/philip/Embedded_programming/Embedded_systems_final_clean/install/project_ros2_pkg/share/project_ros2_pkg/hook/cmake_prefix_path.ps1'
[24.959s] INFO:colcon.colcon_core.shell:Creating environment descriptor '/home/philip/Embedded_programming/Embedded_systems_final_clean/install/project_ros2_pkg/share/project_ros2_pkg/hook/cmake_prefix_path.dsv'
[24.960s] INFO:colcon.colcon_core.shell:Creating environment hook '/home/philip/Embedded_programming/Embedded_systems_final_clean/install/project_ros2_pkg/share/project_ros2_pkg/hook/cmake_prefix_path.sh'
[24.961s] Level 1:colcon.colcon_core.environment:checking '/home/philip/Embedded_programming/Embedded_systems_final_clean/install/project_ros2_pkg/lib'
[24.961s] Level 1:colcon.colcon_core.environment:checking '/home/philip/Embedded_programming/Embedded_systems_final_clean/install/project_ros2_pkg/bin'
[24.962s] Level 1:colcon.colcon_core.environment:checking '/home/philip/Embedded_programming/Embedded_systems_final_clean/install/project_ros2_pkg/lib/pkgconfig/project_ros2_pkg.pc'
[24.962s] Level 1:colcon.colcon_core.environment:checking '/home/philip/Embedded_programming/Embedded_systems_final_clean/install/project_ros2_pkg/lib/python3.8/site-packages'
[24.963s] Level 1:colcon.colcon_core.environment:checking '/home/philip/Embedded_programming/Embedded_systems_final_clean/install/project_ros2_pkg/bin'
[24.967s] INFO:colcon.colcon_core.shell:Creating package script '/home/philip/Embedded_programming/Embedded_systems_final_clean/install/project_ros2_pkg/share/project_ros2_pkg/package.ps1'
[24.968s] INFO:colcon.colcon_core.shell:Creating package descriptor '/home/philip/Embedded_programming/Embedded_systems_final_clean/install/project_ros2_pkg/share/project_ros2_pkg/package.dsv'
[24.969s] INFO:colcon.colcon_core.shell:Creating package script '/home/philip/Embedded_programming/Embedded_systems_final_clean/install/project_ros2_pkg/share/project_ros2_pkg/package.sh'
[24.970s] INFO:colcon.colcon_core.shell:Creating package script '/home/philip/Embedded_programming/Embedded_systems_final_clean/install/project_ros2_pkg/share/project_ros2_pkg/package.bash'
[24.971s] INFO:colcon.colcon_core.shell:Creating package script '/home/philip/Embedded_programming/Embedded_systems_final_clean/install/project_ros2_pkg/share/project_ros2_pkg/package.zsh'
[24.972s] Level 1:colcon.colcon_core.environment:create_file_with_runtime_dependencies(/home/philip/Embedded_programming/Embedded_systems_final_clean/install/project_ros2_pkg/share/colcon-core/packages/project_ros2_pkg)
[25.030s] Level 1:colcon.colcon_core.environment:create_environment_scripts_only(project_ros2_pkg)
[25.036s] Level 1:colcon.colcon_core.environment:checking '/home/philip/Embedded_programming/Embedded_systems_final_clean/install/project_ros2_pkg' for CMake module files
[25.038s] Level 1:colcon.colcon_core.environment:checking '/home/philip/Embedded_programming/Embedded_systems_final_clean/install/project_ros2_pkg' for CMake config files
[25.038s] Level 1:colcon.colcon_core.shell:create_environment_hook('project_ros2_pkg', 'cmake_prefix_path')
[25.042s] INFO:colcon.colcon_core.shell:Creating environment hook '/home/philip/Embedded_programming/Embedded_systems_final_clean/install/project_ros2_pkg/share/project_ros2_pkg/hook/cmake_prefix_path.ps1'
[25.044s] INFO:colcon.colcon_core.shell:Creating environment descriptor '/home/philip/Embedded_programming/Embedded_systems_final_clean/install/project_ros2_pkg/share/project_ros2_pkg/hook/cmake_prefix_path.dsv'
[25.045s] INFO:colcon.colcon_core.shell:Creating environment hook '/home/philip/Embedded_programming/Embedded_systems_final_clean/install/project_ros2_pkg/share/project_ros2_pkg/hook/cmake_prefix_path.sh'
[25.046s] Level 1:colcon.colcon_core.environment:checking '/home/philip/Embedded_programming/Embedded_systems_final_clean/install/project_ros2_pkg/lib'
[25.046s] Level 1:colcon.colcon_core.environment:checking '/home/philip/Embedded_programming/Embedded_systems_final_clean/install/project_ros2_pkg/bin'
[25.047s] Level 1:colcon.colcon_core.environment:checking '/home/philip/Embedded_programming/Embedded_systems_final_clean/install/project_ros2_pkg/lib/pkgconfig/project_ros2_pkg.pc'
[25.047s] Level 1:colcon.colcon_core.environment:checking '/home/philip/Embedded_programming/Embedded_systems_final_clean/install/project_ros2_pkg/lib/python3.8/site-packages'
[25.048s] Level 1:colcon.colcon_core.environment:checking '/home/philip/Embedded_programming/Embedded_systems_final_clean/install/project_ros2_pkg/bin'
[25.054s] INFO:colcon.colcon_core.shell:Creating package script '/home/philip/Embedded_programming/Embedded_systems_final_clean/install/project_ros2_pkg/share/project_ros2_pkg/package.ps1'
[25.056s] INFO:colcon.colcon_core.shell:Creating package descriptor '/home/philip/Embedded_programming/Embedded_systems_final_clean/install/project_ros2_pkg/share/project_ros2_pkg/package.dsv'
[25.057s] INFO:colcon.colcon_core.shell:Creating package script '/home/philip/Embedded_programming/Embedded_systems_final_clean/install/project_ros2_pkg/share/project_ros2_pkg/package.sh'
[25.058s] INFO:colcon.colcon_core.shell:Creating package script '/home/philip/Embedded_programming/Embedded_systems_final_clean/install/project_ros2_pkg/share/project_ros2_pkg/package.bash'
[25.059s] INFO:colcon.colcon_core.shell:Creating package script '/home/philip/Embedded_programming/Embedded_systems_final_clean/install/project_ros2_pkg/share/project_ros2_pkg/package.zsh'
[25.060s] Level 1:colcon.colcon_core.environment:create_file_with_runtime_dependencies(/home/philip/Embedded_programming/Embedded_systems_final_clean/install/project_ros2_pkg/share/colcon-core/packages/project_ros2_pkg)
[33.447s] DEBUG:colcon.colcon_core.event_handler.log_command:Invoked command in '/home/philip/Embedded_programming/Embedded_systems_final_clean/build/dynamixel_sdk_examples' returned '0': AMENT_PREFIX_PATH=/home/philip/Embedded_programming/Embedded_systems_final_clean/install/dynamixel_sdk_custom_interfaces:/home/philip/Embedded_programming/Embedded_systems_final_clean/install/dynamixel_sdk:${AMENT_PREFIX_PATH} CMAKE_PREFIX_PATH=/home/philip/Embedded_programming/Embedded_systems_final_clean/install/dynamixel_sdk_custom_interfaces:/home/philip/Embedded_programming/Embedded_systems_final_clean/install/dynamixel_sdk:/opt/ros/foxy LD_LIBRARY_PATH=/home/philip/Embedded_programming/Embedded_systems_final_clean/install/dynamixel_sdk_custom_interfaces/lib:/home/philip/Embedded_programming/Embedded_systems_final_clean/install/dynamixel_sdk/lib:${LD_LIBRARY_PATH} PYTHONPATH=/home/philip/Embedded_programming/Embedded_systems_final_clean/install/dynamixel_sdk_custom_interfaces/lib/python3.8/site-packages:${PYTHONPATH} /usr/bin/cmake --build /home/philip/Embedded_programming/Embedded_systems_final_clean/build/dynamixel_sdk_examples -- -j4 -l4
[33.504s] DEBUG:colcon.colcon_core.event_handler.log_command:Invoking command in '/home/philip/Embedded_programming/Embedded_systems_final_clean/build/dynamixel_sdk_examples': AMENT_PREFIX_PATH=/home/philip/Embedded_programming/Embedded_systems_final_clean/install/dynamixel_sdk_custom_interfaces:/home/philip/Embedded_programming/Embedded_systems_final_clean/install/dynamixel_sdk:${AMENT_PREFIX_PATH} CMAKE_PREFIX_PATH=/home/philip/Embedded_programming/Embedded_systems_final_clean/install/dynamixel_sdk_custom_interfaces:/home/philip/Embedded_programming/Embedded_systems_final_clean/install/dynamixel_sdk:/opt/ros/foxy LD_LIBRARY_PATH=/home/philip/Embedded_programming/Embedded_systems_final_clean/install/dynamixel_sdk_custom_interfaces/lib:/home/philip/Embedded_programming/Embedded_systems_final_clean/install/dynamixel_sdk/lib:${LD_LIBRARY_PATH} PYTHONPATH=/home/philip/Embedded_programming/Embedded_systems_final_clean/install/dynamixel_sdk_custom_interfaces/lib/python3.8/site-packages:${PYTHONPATH} /usr/bin/cmake --install /home/philip/Embedded_programming/Embedded_systems_final_clean/build/dynamixel_sdk_examples
[33.542s] Level 1:colcon.colcon_core.environment:create_environment_scripts_only(dynamixel_sdk_examples)
[33.543s] DEBUG:colcon.colcon_core.event_handler.log_command:Invoked command in '/home/philip/Embedded_programming/Embedded_systems_final_clean/build/dynamixel_sdk_examples' returned '0': AMENT_PREFIX_PATH=/home/philip/Embedded_programming/Embedded_systems_final_clean/install/dynamixel_sdk_custom_interfaces:/home/philip/Embedded_programming/Embedded_systems_final_clean/install/dynamixel_sdk:${AMENT_PREFIX_PATH} CMAKE_PREFIX_PATH=/home/philip/Embedded_programming/Embedded_systems_final_clean/install/dynamixel_sdk_custom_interfaces:/home/philip/Embedded_programming/Embedded_systems_final_clean/install/dynamixel_sdk:/opt/ros/foxy LD_LIBRARY_PATH=/home/philip/Embedded_programming/Embedded_systems_final_clean/install/dynamixel_sdk_custom_interfaces/lib:/home/philip/Embedded_programming/Embedded_systems_final_clean/install/dynamixel_sdk/lib:${LD_LIBRARY_PATH} PYTHONPATH=/home/philip/Embedded_programming/Embedded_systems_final_clean/install/dynamixel_sdk_custom_interfaces/lib/python3.8/site-packages:${PYTHONPATH} /usr/bin/cmake --install /home/philip/Embedded_programming/Embedded_systems_final_clean/build/dynamixel_sdk_examples
[33.549s] Level 1:colcon.colcon_core.environment:checking '/home/philip/Embedded_programming/Embedded_systems_final_clean/install/dynamixel_sdk_examples' for CMake module files
[33.551s] Level 1:colcon.colcon_core.environment:checking '/home/philip/Embedded_programming/Embedded_systems_final_clean/install/dynamixel_sdk_examples' for CMake config files
[33.552s] Level 1:colcon.colcon_core.shell:create_environment_hook('dynamixel_sdk_examples', 'cmake_prefix_path')
[33.555s] INFO:colcon.colcon_core.shell:Creating environment hook '/home/philip/Embedded_programming/Embedded_systems_final_clean/install/dynamixel_sdk_examples/share/dynamixel_sdk_examples/hook/cmake_prefix_path.ps1'
[33.556s] INFO:colcon.colcon_core.shell:Creating environment descriptor '/home/philip/Embedded_programming/Embedded_systems_final_clean/install/dynamixel_sdk_examples/share/dynamixel_sdk_examples/hook/cmake_prefix_path.dsv'
[33.557s] INFO:colcon.colcon_core.shell:Creating environment hook '/home/philip/Embedded_programming/Embedded_systems_final_clean/install/dynamixel_sdk_examples/share/dynamixel_sdk_examples/hook/cmake_prefix_path.sh'
[33.558s] Level 1:colcon.colcon_core.environment:checking '/home/philip/Embedded_programming/Embedded_systems_final_clean/install/dynamixel_sdk_examples/lib'
[33.559s] Level 1:colcon.colcon_core.environment:checking '/home/philip/Embedded_programming/Embedded_systems_final_clean/install/dynamixel_sdk_examples/bin'
[33.559s] Level 1:colcon.colcon_core.environment:checking '/home/philip/Embedded_programming/Embedded_systems_final_clean/install/dynamixel_sdk_examples/lib/pkgconfig/dynamixel_sdk_examples.pc'
[33.560s] Level 1:colcon.colcon_core.environment:checking '/home/philip/Embedded_programming/Embedded_systems_final_clean/install/dynamixel_sdk_examples/lib/python3.8/site-packages'
[33.560s] Level 1:colcon.colcon_core.environment:checking '/home/philip/Embedded_programming/Embedded_systems_final_clean/install/dynamixel_sdk_examples/bin'
[33.564s] INFO:colcon.colcon_core.shell:Creating package script '/home/philip/Embedded_programming/Embedded_systems_final_clean/install/dynamixel_sdk_examples/share/dynamixel_sdk_examples/package.ps1'
[33.565s] INFO:colcon.colcon_core.shell:Creating package descriptor '/home/philip/Embedded_programming/Embedded_systems_final_clean/install/dynamixel_sdk_examples/share/dynamixel_sdk_examples/package.dsv'
[33.566s] INFO:colcon.colcon_core.shell:Creating package script '/home/philip/Embedded_programming/Embedded_systems_final_clean/install/dynamixel_sdk_examples/share/dynamixel_sdk_examples/package.sh'
[33.567s] INFO:colcon.colcon_core.shell:Creating package script '/home/philip/Embedded_programming/Embedded_systems_final_clean/install/dynamixel_sdk_examples/share/dynamixel_sdk_examples/package.bash'
[33.568s] INFO:colcon.colcon_core.shell:Creating package script '/home/philip/Embedded_programming/Embedded_systems_final_clean/install/dynamixel_sdk_examples/share/dynamixel_sdk_examples/package.zsh'
[33.569s] Level 1:colcon.colcon_core.environment:create_file_with_runtime_dependencies(/home/philip/Embedded_programming/Embedded_systems_final_clean/install/dynamixel_sdk_examples/share/colcon-core/packages/dynamixel_sdk_examples)
[33.626s] Level 1:colcon.colcon_core.environment:create_environment_scripts_only(dynamixel_sdk_examples)
[33.631s] Level 1:colcon.colcon_core.environment:checking '/home/philip/Embedded_programming/Embedded_systems_final_clean/install/dynamixel_sdk_examples' for CMake module files
[33.633s] Level 1:colcon.colcon_core.environment:checking '/home/philip/Embedded_programming/Embedded_systems_final_clean/install/dynamixel_sdk_examples' for CMake config files
[33.633s] Level 1:colcon.colcon_core.shell:create_environment_hook('dynamixel_sdk_examples', 'cmake_prefix_path')
[33.637s] INFO:colcon.colcon_core.shell:Creating environment hook '/home/philip/Embedded_programming/Embedded_systems_final_clean/install/dynamixel_sdk_examples/share/dynamixel_sdk_examples/hook/cmake_prefix_path.ps1'
[33.638s] INFO:colcon.colcon_core.shell:Creating environment descriptor '/home/philip/Embedded_programming/Embedded_systems_final_clean/install/dynamixel_sdk_examples/share/dynamixel_sdk_examples/hook/cmake_prefix_path.dsv'
[33.639s] INFO:colcon.colcon_core.shell:Creating environment hook '/home/philip/Embedded_programming/Embedded_systems_final_clean/install/dynamixel_sdk_examples/share/dynamixel_sdk_examples/hook/cmake_prefix_path.sh'
[33.641s] Level 1:colcon.colcon_core.environment:checking '/home/philip/Embedded_programming/Embedded_systems_final_clean/install/dynamixel_sdk_examples/lib'
[33.641s] Level 1:colcon.colcon_core.environment:checking '/home/philip/Embedded_programming/Embedded_systems_final_clean/install/dynamixel_sdk_examples/bin'
[33.641s] Level 1:colcon.colcon_core.environment:checking '/home/philip/Embedded_programming/Embedded_systems_final_clean/install/dynamixel_sdk_examples/lib/pkgconfig/dynamixel_sdk_examples.pc'
[33.642s] Level 1:colcon.colcon_core.environment:checking '/home/philip/Embedded_programming/Embedded_systems_final_clean/install/dynamixel_sdk_examples/lib/python3.8/site-packages'
[33.642s] Level 1:colcon.colcon_core.environment:checking '/home/philip/Embedded_programming/Embedded_systems_final_clean/install/dynamixel_sdk_examples/bin'
[33.646s] INFO:colcon.colcon_core.shell:Creating package script '/home/philip/Embedded_programming/Embedded_systems_final_clean/install/dynamixel_sdk_examples/share/dynamixel_sdk_examples/package.ps1'
[33.647s] INFO:colcon.colcon_core.shell:Creating package descriptor '/home/philip/Embedded_programming/Embedded_systems_final_clean/install/dynamixel_sdk_examples/share/dynamixel_sdk_examples/package.dsv'
[33.648s] INFO:colcon.colcon_core.shell:Creating package script '/home/philip/Embedded_programming/Embedded_systems_final_clean/install/dynamixel_sdk_examples/share/dynamixel_sdk_examples/package.sh'
[33.649s] INFO:colcon.colcon_core.shell:Creating package script '/home/philip/Embedded_programming/Embedded_systems_final_clean/install/dynamixel_sdk_examples/share/dynamixel_sdk_examples/package.bash'
[33.650s] INFO:colcon.colcon_core.shell:Creating package script '/home/philip/Embedded_programming/Embedded_systems_final_clean/install/dynamixel_sdk_examples/share/dynamixel_sdk_examples/package.zsh'
[33.651s] Level 1:colcon.colcon_core.environment:create_file_with_runtime_dependencies(/home/philip/Embedded_programming/Embedded_systems_final_clean/install/dynamixel_sdk_examples/share/colcon-core/packages/dynamixel_sdk_examples)
[33.652s] DEBUG:colcon.colcon_parallel_executor.executor.parallel:closing loop
[33.653s] DEBUG:colcon.colcon_parallel_executor.executor.parallel:loop closed
[33.653s] DEBUG:colcon.colcon_parallel_executor.executor.parallel:run_until_complete finished with '0'
[33.653s] DEBUG:colcon.colcon_core.event_reactor:joining thread
[33.674s] INFO:colcon.colcon_core.plugin_system:Skipping extension 'colcon_notification.desktop_notification.terminal_notifier': Not used on non-Darwin systems
[33.674s] INFO:colcon.colcon_core.plugin_system:Skipping extension 'colcon_notification.desktop_notification.win32': Not used on non-Windows systems
[33.675s] INFO:colcon.colcon_notification.desktop_notification:Sending desktop notification using 'notify2'
[33.714s] DEBUG:colcon.colcon_core.event_reactor:joined thread
[33.718s] INFO:colcon.colcon_core.shell:Creating prefix script '/home/philip/Embedded_programming/Embedded_systems_final_clean/install/local_setup.ps1'
[33.721s] INFO:colcon.colcon_core.shell:Creating prefix util module '/home/philip/Embedded_programming/Embedded_systems_final_clean/install/_local_setup_util_ps1.py'
[33.724s] INFO:colcon.colcon_core.shell:Creating prefix chain script '/home/philip/Embedded_programming/Embedded_systems_final_clean/install/setup.ps1'
[33.729s] INFO:colcon.colcon_core.shell:Creating prefix script '/home/philip/Embedded_programming/Embedded_systems_final_clean/install/local_setup.sh'
[33.732s] INFO:colcon.colcon_core.shell:Creating prefix util module '/home/philip/Embedded_programming/Embedded_systems_final_clean/install/_local_setup_util_sh.py'
[33.734s] INFO:colcon.colcon_core.shell:Creating prefix chain script '/home/philip/Embedded_programming/Embedded_systems_final_clean/install/setup.sh'
[33.737s] INFO:colcon.colcon_core.shell:Creating prefix script '/home/philip/Embedded_programming/Embedded_systems_final_clean/install/local_setup.bash'
[33.738s] INFO:colcon.colcon_core.shell:Creating prefix chain script '/home/philip/Embedded_programming/Embedded_systems_final_clean/install/setup.bash'
[33.742s] INFO:colcon.colcon_core.shell:Creating prefix script '/home/philip/Embedded_programming/Embedded_systems_final_clean/install/local_setup.zsh'
[33.743s] INFO:colcon.colcon_core.shell:Creating prefix chain script '/home/philip/Embedded_programming/Embedded_systems_final_clean/install/setup.zsh'
