[0.349s] DEBUG:colcon:Command line arguments: ['/usr/bin/colcon', 'build']
[0.349s] DEBUG:colcon:Parsed command line arguments: Namespace(allow_overriding=[], ament_cmake_args=None, base_paths=['.'], build_base='build', catkin_cmake_args=None, catkin_skip_building_tests=False, cmake_args=None, cmake_clean_cache=False, cmake_clean_first=False, cmake_force_configure=False, cmake_target=None, cmake_target_skip_unavailable=False, continue_on_error=False, event_handlers=None, executor='parallel', ignore_user_meta=False, install_base='install', log_base=None, log_level=None, main=<bound method BuildVerb.main of <colcon_core.verb.build.BuildVerb object at 0x7faf17fa32e0>>, merge_install=False, metas=['./colcon.meta'], packages_above=None, packages_above_and_dependencies=None, packages_above_depth=None, packages_end=None, packages_ignore=None, packages_ignore_regex=None, packages_select=None, packages_select_build_failed=False, packages_select_by_dep=None, packages_select_regex=None, packages_select_test_failures=False, packages_skip=None, packages_skip_build_finished=False, packages_skip_by_dep=None, packages_skip_regex=None, packages_skip_test_passed=False, packages_skip_up_to=None, packages_start=None, packages_up_to=None, packages_up_to_regex=None, parallel_workers=4, paths=None, symlink_install=False, test_result_base=None, verb_extension=<colcon_core.verb.build.BuildVerb object at 0x7faf17fa32e0>, verb_name='build', verb_parser=<colcon_defaults.argument_parser.defaults.DefaultArgumentsDecorator object at 0x7faf17fa3820>)
[0.420s] Level 1:colcon.colcon_core.package_discovery:discover_packages(colcon_meta) check parameters
[0.420s] Level 1:colcon.colcon_core.package_discovery:discover_packages(recursive) check parameters
[0.420s] Level 1:colcon.colcon_core.package_discovery:discover_packages(ignore) check parameters
[0.420s] Level 1:colcon.colcon_core.package_discovery:discover_packages(path) check parameters
[0.420s] Level 1:colcon.colcon_core.package_discovery:discover_packages(colcon_meta) discover
[0.420s] Level 1:colcon.colcon_core.package_discovery:discover_packages(recursive) discover
[0.420s] INFO:colcon.colcon_core.package_discovery:Crawling recursively for packages in '/home/philip/Embedded_programming/Embedded_systems_final_clean'
[0.420s] Level 1:colcon.colcon_core.package_identification:_identify(.) by extensions ['ignore', 'ignore_ament_install']
[0.420s] Level 1:colcon.colcon_core.package_identification:_identify(.) by extension 'ignore'
[0.421s] Level 1:colcon.colcon_core.package_identification:_identify(.) by extension 'ignore_ament_install'
[0.421s] Level 1:colcon.colcon_core.package_identification:_identify(.) by extensions ['colcon_pkg']
[0.421s] Level 1:colcon.colcon_core.package_identification:_identify(.) by extension 'colcon_pkg'
[0.421s] Level 1:colcon.colcon_core.package_identification:_identify(.) by extensions ['colcon_meta']
[0.421s] Level 1:colcon.colcon_core.package_identification:_identify(.) by extension 'colcon_meta'
[0.421s] Level 1:colcon.colcon_core.package_identification:_identify(.) by extensions ['ros']
[0.421s] Level 1:colcon.colcon_core.package_identification:_identify(.) by extension 'ros'
[0.437s] Level 1:colcon.colcon_core.package_identification:_identify(.) by extensions ['cmake', 'python']
[0.437s] Level 1:colcon.colcon_core.package_identification:_identify(.) by extension 'cmake'
[0.437s] Level 1:colcon.colcon_core.package_identification:_identify(.) by extension 'python'
[0.437s] Level 1:colcon.colcon_core.package_identification:_identify(.) by extensions ['python_setup_py']
[0.437s] Level 1:colcon.colcon_core.package_identification:_identify(.) by extension 'python_setup_py'
[0.437s] Level 1:colcon.colcon_core.package_identification:_identify(BRAM-uio-driver) by extensions ['ignore', 'ignore_ament_install']
[0.438s] Level 1:colcon.colcon_core.package_identification:_identify(BRAM-uio-driver) by extension 'ignore'
[0.438s] Level 1:colcon.colcon_core.package_identification:_identify(BRAM-uio-driver) by extension 'ignore_ament_install'
[0.438s] Level 1:colcon.colcon_core.package_identification:_identify(BRAM-uio-driver) by extensions ['colcon_pkg']
[0.438s] Level 1:colcon.colcon_core.package_identification:_identify(BRAM-uio-driver) by extension 'colcon_pkg'
[0.438s] Level 1:colcon.colcon_core.package_identification:_identify(BRAM-uio-driver) by extensions ['colcon_meta']
[0.438s] Level 1:colcon.colcon_core.package_identification:_identify(BRAM-uio-driver) by extension 'colcon_meta'
[0.438s] Level 1:colcon.colcon_core.package_identification:_identify(BRAM-uio-driver) by extensions ['ros']
[0.438s] Level 1:colcon.colcon_core.package_identification:_identify(BRAM-uio-driver) by extension 'ros'
[0.438s] Level 1:colcon.colcon_core.package_identification:_identify(BRAM-uio-driver) by extensions ['cmake', 'python']
[0.438s] Level 1:colcon.colcon_core.package_identification:_identify(BRAM-uio-driver) by extension 'cmake'
[0.438s] Level 1:colcon.colcon_core.package_identification:_identify(BRAM-uio-driver) by extension 'python'
[0.438s] Level 1:colcon.colcon_core.package_identification:_identify(BRAM-uio-driver) by extensions ['python_setup_py']
[0.438s] Level 1:colcon.colcon_core.package_identification:_identify(BRAM-uio-driver) by extension 'python_setup_py'
[0.439s] Level 1:colcon.colcon_core.package_identification:_identify(BRAM-uio-driver/src) by extensions ['ignore', 'ignore_ament_install']
[0.439s] Level 1:colcon.colcon_core.package_identification:_identify(BRAM-uio-driver/src) by extension 'ignore'
[0.439s] Level 1:colcon.colcon_core.package_identification:_identify(BRAM-uio-driver/src) by extension 'ignore_ament_install'
[0.439s] Level 1:colcon.colcon_core.package_identification:_identify(BRAM-uio-driver/src) by extensions ['colcon_pkg']
[0.439s] Level 1:colcon.colcon_core.package_identification:_identify(BRAM-uio-driver/src) by extension 'colcon_pkg'
[0.439s] Level 1:colcon.colcon_core.package_identification:_identify(BRAM-uio-driver/src) by extensions ['colcon_meta']
[0.439s] Level 1:colcon.colcon_core.package_identification:_identify(BRAM-uio-driver/src) by extension 'colcon_meta'
[0.439s] Level 1:colcon.colcon_core.package_identification:_identify(BRAM-uio-driver/src) by extensions ['ros']
[0.439s] Level 1:colcon.colcon_core.package_identification:_identify(BRAM-uio-driver/src) by extension 'ros'
[0.439s] Level 1:colcon.colcon_core.package_identification:_identify(BRAM-uio-driver/src) by extensions ['cmake', 'python']
[0.439s] Level 1:colcon.colcon_core.package_identification:_identify(BRAM-uio-driver/src) by extension 'cmake'
[0.439s] Level 1:colcon.colcon_core.package_identification:_identify(BRAM-uio-driver/src) by extension 'python'
[0.439s] Level 1:colcon.colcon_core.package_identification:_identify(BRAM-uio-driver/src) by extensions ['python_setup_py']
[0.439s] Level 1:colcon.colcon_core.package_identification:_identify(BRAM-uio-driver/src) by extension 'python_setup_py'
[0.439s] Level 1:colcon.colcon_core.package_identification:_identify(DynamixelSDK) by extensions ['ignore', 'ignore_ament_install']
[0.440s] Level 1:colcon.colcon_core.package_identification:_identify(DynamixelSDK) by extension 'ignore'
[0.440s] Level 1:colcon.colcon_core.package_identification:_identify(DynamixelSDK) by extension 'ignore_ament_install'
[0.440s] Level 1:colcon.colcon_core.package_identification:_identify(DynamixelSDK) by extensions ['colcon_pkg']
[0.440s] Level 1:colcon.colcon_core.package_identification:_identify(DynamixelSDK) by extension 'colcon_pkg'
[0.440s] Level 1:colcon.colcon_core.package_identification:_identify(DynamixelSDK) by extensions ['colcon_meta']
[0.440s] Level 1:colcon.colcon_core.package_identification:_identify(DynamixelSDK) by extension 'colcon_meta'
[0.440s] Level 1:colcon.colcon_core.package_identification:_identify(DynamixelSDK) by extensions ['ros']
[0.440s] Level 1:colcon.colcon_core.package_identification:_identify(DynamixelSDK) by extension 'ros'
[0.440s] Level 1:colcon.colcon_core.package_identification:_identify(DynamixelSDK) by extensions ['cmake', 'python']
[0.440s] Level 1:colcon.colcon_core.package_identification:_identify(DynamixelSDK) by extension 'cmake'
[0.440s] Level 1:colcon.colcon_core.package_identification:_identify(DynamixelSDK) by extension 'python'
[0.440s] Level 1:colcon.colcon_core.package_identification:_identify(DynamixelSDK) by extensions ['python_setup_py']
[0.440s] Level 1:colcon.colcon_core.package_identification:_identify(DynamixelSDK) by extension 'python_setup_py'
[0.440s] Level 1:colcon.colcon_core.package_identification:_identify(DynamixelSDK/dynamixel_sdk) by extensions ['ignore', 'ignore_ament_install']
[0.440s] Level 1:colcon.colcon_core.package_identification:_identify(DynamixelSDK/dynamixel_sdk) by extension 'ignore'
[0.441s] Level 1:colcon.colcon_core.package_identification:_identify(DynamixelSDK/dynamixel_sdk) by extension 'ignore_ament_install'
[0.441s] Level 1:colcon.colcon_core.package_identification:_identify(DynamixelSDK/dynamixel_sdk) by extensions ['colcon_pkg']
[0.441s] Level 1:colcon.colcon_core.package_identification:_identify(DynamixelSDK/dynamixel_sdk) by extension 'colcon_pkg'
[0.441s] Level 1:colcon.colcon_core.package_identification:_identify(DynamixelSDK/dynamixel_sdk) by extensions ['colcon_meta']
[0.441s] Level 1:colcon.colcon_core.package_identification:_identify(DynamixelSDK/dynamixel_sdk) by extension 'colcon_meta'
[0.441s] Level 1:colcon.colcon_core.package_identification:_identify(DynamixelSDK/dynamixel_sdk) by extensions ['ros']
[0.441s] Level 1:colcon.colcon_core.package_identification:_identify(DynamixelSDK/dynamixel_sdk) by extension 'ros'
[0.446s] DEBUG:colcon.colcon_core.package_identification:Package 'DynamixelSDK/dynamixel_sdk' with type 'ros.ament_cmake' and name 'dynamixel_sdk'
[0.446s] Level 1:colcon.colcon_core.package_identification:_identify(DynamixelSDK/dynamixel_sdk_custom_interfaces) by extensions ['ignore', 'ignore_ament_install']
[0.446s] Level 1:colcon.colcon_core.package_identification:_identify(DynamixelSDK/dynamixel_sdk_custom_interfaces) by extension 'ignore'
[0.447s] Level 1:colcon.colcon_core.package_identification:_identify(DynamixelSDK/dynamixel_sdk_custom_interfaces) by extension 'ignore_ament_install'
[0.447s] Level 1:colcon.colcon_core.package_identification:_identify(DynamixelSDK/dynamixel_sdk_custom_interfaces) by extensions ['colcon_pkg']
[0.447s] Level 1:colcon.colcon_core.package_identification:_identify(DynamixelSDK/dynamixel_sdk_custom_interfaces) by extension 'colcon_pkg'
[0.447s] Level 1:colcon.colcon_core.package_identification:_identify(DynamixelSDK/dynamixel_sdk_custom_interfaces) by extensions ['colcon_meta']
[0.447s] Level 1:colcon.colcon_core.package_identification:_identify(DynamixelSDK/dynamixel_sdk_custom_interfaces) by extension 'colcon_meta'
[0.447s] Level 1:colcon.colcon_core.package_identification:_identify(DynamixelSDK/dynamixel_sdk_custom_interfaces) by extensions ['ros']
[0.447s] Level 1:colcon.colcon_core.package_identification:_identify(DynamixelSDK/dynamixel_sdk_custom_interfaces) by extension 'ros'
[0.448s] DEBUG:colcon.colcon_core.package_identification:Package 'DynamixelSDK/dynamixel_sdk_custom_interfaces' with type 'ros.ament_cmake' and name 'dynamixel_sdk_custom_interfaces'
[0.448s] Level 1:colcon.colcon_core.package_identification:_identify(DynamixelSDK/dynamixel_sdk_examples) by extensions ['ignore', 'ignore_ament_install']
[0.448s] Level 1:colcon.colcon_core.package_identification:_identify(DynamixelSDK/dynamixel_sdk_examples) by extension 'ignore'
[0.448s] Level 1:colcon.colcon_core.package_identification:_identify(DynamixelSDK/dynamixel_sdk_examples) by extension 'ignore_ament_install'
[0.448s] Level 1:colcon.colcon_core.package_identification:_identify(DynamixelSDK/dynamixel_sdk_examples) by extensions ['colcon_pkg']
[0.448s] Level 1:colcon.colcon_core.package_identification:_identify(DynamixelSDK/dynamixel_sdk_examples) by extension 'colcon_pkg'
[0.448s] Level 1:colcon.colcon_core.package_identification:_identify(DynamixelSDK/dynamixel_sdk_examples) by extensions ['colcon_meta']
[0.448s] Level 1:colcon.colcon_core.package_identification:_identify(DynamixelSDK/dynamixel_sdk_examples) by extension 'colcon_meta'
[0.448s] Level 1:colcon.colcon_core.package_identification:_identify(DynamixelSDK/dynamixel_sdk_examples) by extensions ['ros']
[0.448s] Level 1:colcon.colcon_core.package_identification:_identify(DynamixelSDK/dynamixel_sdk_examples) by extension 'ros'
[0.449s] DEBUG:colcon.colcon_core.package_identification:Package 'DynamixelSDK/dynamixel_sdk_examples' with type 'ros.ament_cmake' and name 'dynamixel_sdk_examples'
[0.449s] Level 1:colcon.colcon_core.package_identification:_identify(build) by extensions ['ignore', 'ignore_ament_install']
[0.449s] Level 1:colcon.colcon_core.package_identification:_identify(build) by extension 'ignore'
[0.449s] Level 1:colcon.colcon_core.package_identification:_identify(build) ignored
[0.450s] Level 1:colcon.colcon_core.package_identification:_identify(drivers) by extensions ['ignore', 'ignore_ament_install']
[0.450s] Level 1:colcon.colcon_core.package_identification:_identify(drivers) by extension 'ignore'
[0.450s] Level 1:colcon.colcon_core.package_identification:_identify(drivers) by extension 'ignore_ament_install'
[0.450s] Level 1:colcon.colcon_core.package_identification:_identify(drivers) by extensions ['colcon_pkg']
[0.450s] Level 1:colcon.colcon_core.package_identification:_identify(drivers) by extension 'colcon_pkg'
[0.450s] Level 1:colcon.colcon_core.package_identification:_identify(drivers) by extensions ['colcon_meta']
[0.450s] Level 1:colcon.colcon_core.package_identification:_identify(drivers) by extension 'colcon_meta'
[0.450s] Level 1:colcon.colcon_core.package_identification:_identify(drivers) by extensions ['ros']
[0.450s] Level 1:colcon.colcon_core.package_identification:_identify(drivers) by extension 'ros'
[0.450s] Level 1:colcon.colcon_core.package_identification:_identify(drivers) by extensions ['cmake', 'python']
[0.450s] Level 1:colcon.colcon_core.package_identification:_identify(drivers) by extension 'cmake'
[0.450s] Level 1:colcon.colcon_core.package_identification:_identify(drivers) by extension 'python'
[0.450s] Level 1:colcon.colcon_core.package_identification:_identify(drivers) by extensions ['python_setup_py']
[0.450s] Level 1:colcon.colcon_core.package_identification:_identify(drivers) by extension 'python_setup_py'
[0.451s] Level 1:colcon.colcon_core.package_identification:_identify(drivers/nn_inference_v1_0) by extensions ['ignore', 'ignore_ament_install']
[0.451s] Level 1:colcon.colcon_core.package_identification:_identify(drivers/nn_inference_v1_0) by extension 'ignore'
[0.451s] Level 1:colcon.colcon_core.package_identification:_identify(drivers/nn_inference_v1_0) by extension 'ignore_ament_install'
[0.451s] Level 1:colcon.colcon_core.package_identification:_identify(drivers/nn_inference_v1_0) by extensions ['colcon_pkg']
[0.451s] Level 1:colcon.colcon_core.package_identification:_identify(drivers/nn_inference_v1_0) by extension 'colcon_pkg'
[0.451s] Level 1:colcon.colcon_core.package_identification:_identify(drivers/nn_inference_v1_0) by extensions ['colcon_meta']
[0.451s] Level 1:colcon.colcon_core.package_identification:_identify(drivers/nn_inference_v1_0) by extension 'colcon_meta'
[0.451s] Level 1:colcon.colcon_core.package_identification:_identify(drivers/nn_inference_v1_0) by extensions ['ros']
[0.451s] Level 1:colcon.colcon_core.package_identification:_identify(drivers/nn_inference_v1_0) by extension 'ros'
[0.451s] Level 1:colcon.colcon_core.package_identification:_identify(drivers/nn_inference_v1_0) by extensions ['cmake', 'python']
[0.451s] Level 1:colcon.colcon_core.package_identification:_identify(drivers/nn_inference_v1_0) by extension 'cmake'
[0.451s] Level 1:colcon.colcon_core.package_identification:_identify(drivers/nn_inference_v1_0) by extension 'python'
[0.451s] Level 1:colcon.colcon_core.package_identification:_identify(drivers/nn_inference_v1_0) by extensions ['python_setup_py']
[0.451s] Level 1:colcon.colcon_core.package_identification:_identify(drivers/nn_inference_v1_0) by extension 'python_setup_py'
[0.451s] Level 1:colcon.colcon_core.package_identification:_identify(drivers/nn_inference_v1_0/data) by extensions ['ignore', 'ignore_ament_install']
[0.452s] Level 1:colcon.colcon_core.package_identification:_identify(drivers/nn_inference_v1_0/data) by extension 'ignore'
[0.452s] Level 1:colcon.colcon_core.package_identification:_identify(drivers/nn_inference_v1_0/data) by extension 'ignore_ament_install'
[0.452s] Level 1:colcon.colcon_core.package_identification:_identify(drivers/nn_inference_v1_0/data) by extensions ['colcon_pkg']
[0.452s] Level 1:colcon.colcon_core.package_identification:_identify(drivers/nn_inference_v1_0/data) by extension 'colcon_pkg'
[0.452s] Level 1:colcon.colcon_core.package_identification:_identify(drivers/nn_inference_v1_0/data) by extensions ['colcon_meta']
[0.452s] Level 1:colcon.colcon_core.package_identification:_identify(drivers/nn_inference_v1_0/data) by extension 'colcon_meta'
[0.452s] Level 1:colcon.colcon_core.package_identification:_identify(drivers/nn_inference_v1_0/data) by extensions ['ros']
[0.452s] Level 1:colcon.colcon_core.package_identification:_identify(drivers/nn_inference_v1_0/data) by extension 'ros'
[0.452s] Level 1:colcon.colcon_core.package_identification:_identify(drivers/nn_inference_v1_0/data) by extensions ['cmake', 'python']
[0.452s] Level 1:colcon.colcon_core.package_identification:_identify(drivers/nn_inference_v1_0/data) by extension 'cmake'
[0.452s] Level 1:colcon.colcon_core.package_identification:_identify(drivers/nn_inference_v1_0/data) by extension 'python'
[0.452s] Level 1:colcon.colcon_core.package_identification:_identify(drivers/nn_inference_v1_0/data) by extensions ['python_setup_py']
[0.452s] Level 1:colcon.colcon_core.package_identification:_identify(drivers/nn_inference_v1_0/data) by extension 'python_setup_py'
[0.452s] Level 1:colcon.colcon_core.package_identification:_identify(drivers/nn_inference_v1_0/src) by extensions ['ignore', 'ignore_ament_install']
[0.452s] Level 1:colcon.colcon_core.package_identification:_identify(drivers/nn_inference_v1_0/src) by extension 'ignore'
[0.453s] Level 1:colcon.colcon_core.package_identification:_identify(drivers/nn_inference_v1_0/src) by extension 'ignore_ament_install'
[0.453s] Level 1:colcon.colcon_core.package_identification:_identify(drivers/nn_inference_v1_0/src) by extensions ['colcon_pkg']
[0.453s] Level 1:colcon.colcon_core.package_identification:_identify(drivers/nn_inference_v1_0/src) by extension 'colcon_pkg'
[0.453s] Level 1:colcon.colcon_core.package_identification:_identify(drivers/nn_inference_v1_0/src) by extensions ['colcon_meta']
[0.453s] Level 1:colcon.colcon_core.package_identification:_identify(drivers/nn_inference_v1_0/src) by extension 'colcon_meta'
[0.453s] Level 1:colcon.colcon_core.package_identification:_identify(drivers/nn_inference_v1_0/src) by extensions ['ros']
[0.453s] Level 1:colcon.colcon_core.package_identification:_identify(drivers/nn_inference_v1_0/src) by extension 'ros'
[0.453s] Level 1:colcon.colcon_core.package_identification:_identify(drivers/nn_inference_v1_0/src) by extensions ['cmake', 'python']
[0.453s] Level 1:colcon.colcon_core.package_identification:_identify(drivers/nn_inference_v1_0/src) by extension 'cmake'
[0.453s] Level 1:colcon.colcon_core.package_identification:_identify(drivers/nn_inference_v1_0/src) by extension 'python'
[0.453s] Level 1:colcon.colcon_core.package_identification:_identify(drivers/nn_inference_v1_0/src) by extensions ['python_setup_py']
[0.453s] Level 1:colcon.colcon_core.package_identification:_identify(drivers/nn_inference_v1_0/src) by extension 'python_setup_py'
[0.453s] Level 1:colcon.colcon_core.package_identification:_identify(install) by extensions ['ignore', 'ignore_ament_install']
[0.453s] Level 1:colcon.colcon_core.package_identification:_identify(install) by extension 'ignore'
[0.454s] Level 1:colcon.colcon_core.package_identification:_identify(install) ignored
[0.454s] Level 1:colcon.colcon_core.package_identification:_identify(log) by extensions ['ignore', 'ignore_ament_install']
[0.454s] Level 1:colcon.colcon_core.package_identification:_identify(log) by extension 'ignore'
[0.454s] Level 1:colcon.colcon_core.package_identification:_identify(log) ignored
[0.454s] Level 1:colcon.colcon_core.package_identification:_identify(project-ROS2-pkg) by extensions ['ignore', 'ignore_ament_install']
[0.454s] Level 1:colcon.colcon_core.package_identification:_identify(project-ROS2-pkg) by extension 'ignore'
[0.454s] Level 1:colcon.colcon_core.package_identification:_identify(project-ROS2-pkg) by extension 'ignore_ament_install'
[0.454s] Level 1:colcon.colcon_core.package_identification:_identify(project-ROS2-pkg) by extensions ['colcon_pkg']
[0.454s] Level 1:colcon.colcon_core.package_identification:_identify(project-ROS2-pkg) by extension 'colcon_pkg'
[0.454s] Level 1:colcon.colcon_core.package_identification:_identify(project-ROS2-pkg) by extensions ['colcon_meta']
[0.454s] Level 1:colcon.colcon_core.package_identification:_identify(project-ROS2-pkg) by extension 'colcon_meta'
[0.454s] Level 1:colcon.colcon_core.package_identification:_identify(project-ROS2-pkg) by extensions ['ros']
[0.454s] Level 1:colcon.colcon_core.package_identification:_identify(project-ROS2-pkg) by extension 'ros'
[0.455s] DEBUG:colcon.colcon_core.package_identification:Package 'project-ROS2-pkg' with type 'ros.ament_cmake' and name 'project_ros2_pkg'
[0.455s] Level 1:colcon.colcon_core.package_discovery:discover_packages(recursive) using defaults
[0.455s] Level 1:colcon.colcon_core.package_discovery:discover_packages(ignore) discover
[0.455s] Level 1:colcon.colcon_core.package_discovery:discover_packages(ignore) using defaults
[0.455s] Level 1:colcon.colcon_core.package_discovery:discover_packages(path) discover
[0.455s] Level 1:colcon.colcon_core.package_discovery:discover_packages(path) using defaults
[0.504s] Level 1:colcon.colcon_core.package_discovery:discover_packages(prefix_path) check parameters
[0.504s] Level 1:colcon.colcon_core.package_discovery:discover_packages(prefix_path) discover
[0.511s] DEBUG:colcon.colcon_installed_package_information.package_discovery:Found 270 installed packages in /opt/ros/foxy
[0.512s] Level 1:colcon.colcon_core.package_discovery:discover_packages(prefix_path) using defaults
[0.611s] Level 5:colcon.colcon_core.verb:set package 'dynamixel_sdk' build argument 'cmake_args' from command line to 'None'
[0.611s] Level 5:colcon.colcon_core.verb:set package 'dynamixel_sdk' build argument 'cmake_target' from command line to 'None'
[0.611s] Level 5:colcon.colcon_core.verb:set package 'dynamixel_sdk' build argument 'cmake_target_skip_unavailable' from command line to 'False'
[0.611s] Level 5:colcon.colcon_core.verb:set package 'dynamixel_sdk' build argument 'cmake_clean_cache' from command line to 'False'
[0.611s] Level 5:colcon.colcon_core.verb:set package 'dynamixel_sdk' build argument 'cmake_clean_first' from command line to 'False'
[0.611s] Level 5:colcon.colcon_core.verb:set package 'dynamixel_sdk' build argument 'cmake_force_configure' from command line to 'False'
[0.611s] Level 5:colcon.colcon_core.verb:set package 'dynamixel_sdk' build argument 'ament_cmake_args' from command line to 'None'
[0.611s] Level 5:colcon.colcon_core.verb:set package 'dynamixel_sdk' build argument 'catkin_cmake_args' from command line to 'None'
[0.611s] Level 5:colcon.colcon_core.verb:set package 'dynamixel_sdk' build argument 'catkin_skip_building_tests' from command line to 'False'
[0.611s] DEBUG:colcon.colcon_core.verb:Building package 'dynamixel_sdk' with the following arguments: {'ament_cmake_args': None, 'build_base': '/home/philip/Embedded_programming/Embedded_systems_final_clean/build/dynamixel_sdk', 'catkin_cmake_args': None, 'catkin_skip_building_tests': False, 'cmake_args': None, 'cmake_clean_cache': False, 'cmake_clean_first': False, 'cmake_force_configure': False, 'cmake_target': None, 'cmake_target_skip_unavailable': False, 'install_base': '/home/philip/Embedded_programming/Embedded_systems_final_clean/install/dynamixel_sdk', 'merge_install': False, 'path': '/home/philip/Embedded_programming/Embedded_systems_final_clean/DynamixelSDK/dynamixel_sdk', 'symlink_install': False, 'test_result_base': None}
[0.612s] Level 5:colcon.colcon_core.verb:set package 'dynamixel_sdk_custom_interfaces' build argument 'cmake_args' from command line to 'None'
[0.612s] Level 5:colcon.colcon_core.verb:set package 'dynamixel_sdk_custom_interfaces' build argument 'cmake_target' from command line to 'None'
[0.613s] Level 5:colcon.colcon_core.verb:set package 'dynamixel_sdk_custom_interfaces' build argument 'cmake_target_skip_unavailable' from command line to 'False'
[0.613s] Level 5:colcon.colcon_core.verb:set package 'dynamixel_sdk_custom_interfaces' build argument 'cmake_clean_cache' from command line to 'False'
[0.613s] Level 5:colcon.colcon_core.verb:set package 'dynamixel_sdk_custom_interfaces' build argument 'cmake_clean_first' from command line to 'False'
[0.613s] Level 5:colcon.colcon_core.verb:set package 'dynamixel_sdk_custom_interfaces' build argument 'cmake_force_configure' from command line to 'False'
[0.613s] Level 5:colcon.colcon_core.verb:set package 'dynamixel_sdk_custom_interfaces' build argument 'ament_cmake_args' from command line to 'None'
[0.613s] Level 5:colcon.colcon_core.verb:set package 'dynamixel_sdk_custom_interfaces' build argument 'catkin_cmake_args' from command line to 'None'
[0.613s] Level 5:colcon.colcon_core.verb:set package 'dynamixel_sdk_custom_interfaces' build argument 'catkin_skip_building_tests' from command line to 'False'
[0.613s] DEBUG:colcon.colcon_core.verb:Building package 'dynamixel_sdk_custom_interfaces' with the following arguments: {'ament_cmake_args': None, 'build_base': '/home/philip/Embedded_programming/Embedded_systems_final_clean/build/dynamixel_sdk_custom_interfaces', 'catkin_cmake_args': None, 'catkin_skip_building_tests': False, 'cmake_args': None, 'cmake_clean_cache': False, 'cmake_clean_first': False, 'cmake_force_configure': False, 'cmake_target': None, 'cmake_target_skip_unavailable': False, 'install_base': '/home/philip/Embedded_programming/Embedded_systems_final_clean/install/dynamixel_sdk_custom_interfaces', 'merge_install': False, 'path': '/home/philip/Embedded_programming/Embedded_systems_final_clean/DynamixelSDK/dynamixel_sdk_custom_interfaces', 'symlink_install': False, 'test_result_base': None}
[0.614s] Level 5:colcon.colcon_core.verb:set package 'project_ros2_pkg' build argument 'cmake_args' from command line to 'None'
[0.614s] Level 5:colcon.colcon_core.verb:set package 'project_ros2_pkg' build argument 'cmake_target' from command line to 'None'
[0.614s] Level 5:colcon.colcon_core.verb:set package 'project_ros2_pkg' build argument 'cmake_target_skip_unavailable' from command line to 'False'
[0.614s] Level 5:colcon.colcon_core.verb:set package 'project_ros2_pkg' build argument 'cmake_clean_cache' from command line to 'False'
[0.614s] Level 5:colcon.colcon_core.verb:set package 'project_ros2_pkg' build argument 'cmake_clean_first' from command line to 'False'
[0.614s] Level 5:colcon.colcon_core.verb:set package 'project_ros2_pkg' build argument 'cmake_force_configure' from command line to 'False'
[0.614s] Level 5:colcon.colcon_core.verb:set package 'project_ros2_pkg' build argument 'ament_cmake_args' from command line to 'None'
[0.614s] Level 5:colcon.colcon_core.verb:set package 'project_ros2_pkg' build argument 'catkin_cmake_args' from command line to 'None'
[0.614s] Level 5:colcon.colcon_core.verb:set package 'project_ros2_pkg' build argument 'catkin_skip_building_tests' from command line to 'False'
[0.614s] DEBUG:colcon.colcon_core.verb:Building package 'project_ros2_pkg' with the following arguments: {'ament_cmake_args': None, 'build_base': '/home/philip/Embedded_programming/Embedded_systems_final_clean/build/project_ros2_pkg', 'catkin_cmake_args': None, 'catkin_skip_building_tests': False, 'cmake_args': None, 'cmake_clean_cache': False, 'cmake_clean_first': False, 'cmake_force_configure': False, 'cmake_target': None, 'cmake_target_skip_unavailable': False, 'install_base': '/home/philip/Embedded_programming/Embedded_systems_final_clean/install/project_ros2_pkg', 'merge_install': False, 'path': '/home/philip/Embedded_programming/Embedded_systems_final_clean/project-ROS2-pkg', 'symlink_install': False, 'test_result_base': None}
[0.616s] Level 5:colcon.colcon_core.verb:set package 'dynamixel_sdk_examples' build argument 'cmake_args' from command line to 'None'
[0.616s] Level 5:colcon.colcon_core.verb:set package 'dynamixel_sdk_examples' build argument 'cmake_target' from command line to 'None'
[0.616s] Level 5:colcon.colcon_core.verb:set package 'dynamixel_sdk_examples' build argument 'cmake_target_skip_unavailable' from command line to 'False'
[0.616s] Level 5:colcon.colcon_core.verb:set package 'dynamixel_sdk_examples' build argument 'cmake_clean_cache' from command line to 'False'
[0.616s] Level 5:colcon.colcon_core.verb:set package 'dynamixel_sdk_examples' build argument 'cmake_clean_first' from command line to 'False'
[0.616s] Level 5:colcon.colcon_core.verb:set package 'dynamixel_sdk_examples' build argument 'cmake_force_configure' from command line to 'False'
[0.616s] Level 5:colcon.colcon_core.verb:set package 'dynamixel_sdk_examples' build argument 'ament_cmake_args' from command line to 'None'
[0.616s] Level 5:colcon.colcon_core.verb:set package 'dynamixel_sdk_examples' build argument 'catkin_cmake_args' from command line to 'None'
[0.616s] Level 5:colcon.colcon_core.verb:set package 'dynamixel_sdk_examples' build argument 'catkin_skip_building_tests' from command line to 'False'
[0.616s] DEBUG:colcon.colcon_core.verb:Building package 'dynamixel_sdk_examples' with the following arguments: {'ament_cmake_args': None, 'build_base': '/home/philip/Embedded_programming/Embedded_systems_final_clean/build/dynamixel_sdk_examples', 'catkin_cmake_args': None, 'catkin_skip_building_tests': False, 'cmake_args': None, 'cmake_clean_cache': False, 'cmake_clean_first': False, 'cmake_force_configure': False, 'cmake_target': None, 'cmake_target_skip_unavailable': False, 'install_base': '/home/philip/Embedded_programming/Embedded_systems_final_clean/install/dynamixel_sdk_examples', 'merge_install': False, 'path': '/home/philip/Embedded_programming/Embedded_systems_final_clean/DynamixelSDK/dynamixel_sdk_examples', 'symlink_install': False, 'test_result_base': None}
[0.617s] INFO:colcon.colcon_core.executor:Executing jobs using 'parallel' executor
[0.622s] DEBUG:colcon.colcon_parallel_executor.executor.parallel:run_until_complete
[0.622s] INFO:colcon.colcon_ros.task.ament_cmake.build:Building ROS package in '/home/philip/Embedded_programming/Embedded_systems_final_clean/DynamixelSDK/dynamixel_sdk' with build type 'ament_cmake'
[0.623s] INFO:colcon.colcon_cmake.task.cmake.build:Building CMake package in '/home/philip/Embedded_programming/Embedded_systems_final_clean/DynamixelSDK/dynamixel_sdk'
[0.636s] INFO:colcon.colcon_core.plugin_system:Skipping extension 'colcon_core.shell.bat': Not used on non-Windows systems
[0.636s] INFO:colcon.colcon_core.shell:Skip shell extension 'powershell' for command environment: Not usable outside of PowerShell
[0.636s] DEBUG:colcon.colcon_core.shell:Skip shell extension 'dsv' for command environment
[0.643s] INFO:colcon.colcon_ros.task.ament_cmake.build:Building ROS package in '/home/philip/Embedded_programming/Embedded_systems_final_clean/DynamixelSDK/dynamixel_sdk_custom_interfaces' with build type 'ament_cmake'
[0.643s] INFO:colcon.colcon_cmake.task.cmake.build:Building CMake package in '/home/philip/Embedded_programming/Embedded_systems_final_clean/DynamixelSDK/dynamixel_sdk_custom_interfaces'
[0.646s] INFO:colcon.colcon_core.shell:Skip shell extension 'powershell' for command environment: Not usable outside of PowerShell
[0.646s] DEBUG:colcon.colcon_core.shell:Skip shell extension 'dsv' for command environment
[0.655s] INFO:colcon.colcon_ros.task.ament_cmake.build:Building ROS package in '/home/philip/Embedded_programming/Embedded_systems_final_clean/project-ROS2-pkg' with build type 'ament_cmake'
[0.655s] INFO:colcon.colcon_cmake.task.cmake.build:Building CMake package in '/home/philip/Embedded_programming/Embedded_systems_final_clean/project-ROS2-pkg'
[0.659s] INFO:colcon.colcon_core.shell:Skip shell extension 'powershell' for command environment: Not usable outside of PowerShell
[0.659s] DEBUG:colcon.colcon_core.shell:Skip shell extension 'dsv' for command environment
[0.678s] DEBUG:colcon.colcon_core.event_handler.log_command:Invoking command in '/home/philip/Embedded_programming/Embedded_systems_final_clean/build/dynamixel_sdk': CMAKE_PREFIX_PATH=/opt/ros/foxy /usr/bin/cmake /home/philip/Embedded_programming/Embedded_systems_final_clean/DynamixelSDK/dynamixel_sdk -DCMAKE_INSTALL_PREFIX=/home/philip/Embedded_programming/Embedded_systems_final_clean/install/dynamixel_sdk
[0.691s] DEBUG:colcon.colcon_core.event_handler.log_command:Invoking command in '/home/philip/Embedded_programming/Embedded_systems_final_clean/build/dynamixel_sdk_custom_interfaces': CMAKE_PREFIX_PATH=/opt/ros/foxy /usr/bin/cmake /home/philip/Embedded_programming/Embedded_systems_final_clean/DynamixelSDK/dynamixel_sdk_custom_interfaces -DCMAKE_INSTALL_PREFIX=/home/philip/Embedded_programming/Embedded_systems_final_clean/install/dynamixel_sdk_custom_interfaces
[0.701s] DEBUG:colcon.colcon_core.event_handler.log_command:Invoking command in '/home/philip/Embedded_programming/Embedded_systems_final_clean/build/project_ros2_pkg': CMAKE_PREFIX_PATH=/opt/ros/foxy /usr/bin/cmake /home/philip/Embedded_programming/Embedded_systems_final_clean/project-ROS2-pkg -DCMAKE_INSTALL_PREFIX=/home/philip/Embedded_programming/Embedded_systems_final_clean/install/project_ros2_pkg
[1.994s] DEBUG:colcon.colcon_core.event_handler.log_command:Invoked command in '/home/philip/Embedded_programming/Embedded_systems_final_clean/build/dynamixel_sdk' returned '0': CMAKE_PREFIX_PATH=/opt/ros/foxy /usr/bin/cmake /home/philip/Embedded_programming/Embedded_systems_final_clean/DynamixelSDK/dynamixel_sdk -DCMAKE_INSTALL_PREFIX=/home/philip/Embedded_programming/Embedded_systems_final_clean/install/dynamixel_sdk
[1.999s] DEBUG:colcon.colcon_core.event_handler.log_command:Invoking command in '/home/philip/Embedded_programming/Embedded_systems_final_clean/build/dynamixel_sdk': CMAKE_PREFIX_PATH=/opt/ros/foxy /usr/bin/cmake --build /home/philip/Embedded_programming/Embedded_systems_final_clean/build/dynamixel_sdk -- -j4 -l4
[4.261s] DEBUG:colcon.colcon_core.event_handler.log_command:Invoked command in '/home/philip/Embedded_programming/Embedded_systems_final_clean/build/dynamixel_sdk' returned '0': CMAKE_PREFIX_PATH=/opt/ros/foxy /usr/bin/cmake --build /home/philip/Embedded_programming/Embedded_systems_final_clean/build/dynamixel_sdk -- -j4 -l4
[4.340s] DEBUG:colcon.colcon_core.event_handler.log_command:Invoking command in '/home/philip/Embedded_programming/Embedded_systems_final_clean/build/dynamixel_sdk': CMAKE_PREFIX_PATH=/opt/ros/foxy /usr/bin/cmake --install /home/philip/Embedded_programming/Embedded_systems_final_clean/build/dynamixel_sdk
[4.364s] Level 1:colcon.colcon_core.environment:create_environment_scripts_only(dynamixel_sdk)
[4.366s] DEBUG:colcon.colcon_core.event_handler.log_command:Invoked command in '/home/philip/Embedded_programming/Embedded_systems_final_clean/build/dynamixel_sdk' returned '0': CMAKE_PREFIX_PATH=/opt/ros/foxy /usr/bin/cmake --install /home/philip/Embedded_programming/Embedded_systems_final_clean/build/dynamixel_sdk
[4.377s] Level 1:colcon.colcon_core.environment:checking '/home/philip/Embedded_programming/Embedded_systems_final_clean/install/dynamixel_sdk' for CMake module files
[4.377s] Level 1:colcon.colcon_core.environment:checking '/home/philip/Embedded_programming/Embedded_systems_final_clean/install/dynamixel_sdk' for CMake config files
[4.378s] Level 1:colcon.colcon_core.shell:create_environment_hook('dynamixel_sdk', 'cmake_prefix_path')
[4.380s] INFO:colcon.colcon_core.shell:Creating environment hook '/home/philip/Embedded_programming/Embedded_systems_final_clean/install/dynamixel_sdk/share/dynamixel_sdk/hook/cmake_prefix_path.ps1'
[4.381s] INFO:colcon.colcon_core.shell:Creating environment descriptor '/home/philip/Embedded_programming/Embedded_systems_final_clean/install/dynamixel_sdk/share/dynamixel_sdk/hook/cmake_prefix_path.dsv'
[4.382s] INFO:colcon.colcon_core.shell:Creating environment hook '/home/philip/Embedded_programming/Embedded_systems_final_clean/install/dynamixel_sdk/share/dynamixel_sdk/hook/cmake_prefix_path.sh'
[4.383s] Level 1:colcon.colcon_core.environment:checking '/home/philip/Embedded_programming/Embedded_systems_final_clean/install/dynamixel_sdk/lib'
[4.383s] Level 1:colcon.colcon_core.shell:create_environment_hook('dynamixel_sdk', 'ld_library_path_lib')
[4.385s] INFO:colcon.colcon_core.shell:Creating environment hook '/home/philip/Embedded_programming/Embedded_systems_final_clean/install/dynamixel_sdk/share/dynamixel_sdk/hook/ld_library_path_lib.ps1'
[4.386s] INFO:colcon.colcon_core.shell:Creating environment descriptor '/home/philip/Embedded_programming/Embedded_systems_final_clean/install/dynamixel_sdk/share/dynamixel_sdk/hook/ld_library_path_lib.dsv'
[4.386s] INFO:colcon.colcon_core.shell:Creating environment hook '/home/philip/Embedded_programming/Embedded_systems_final_clean/install/dynamixel_sdk/share/dynamixel_sdk/hook/ld_library_path_lib.sh'
[4.387s] Level 1:colcon.colcon_core.environment:checking '/home/philip/Embedded_programming/Embedded_systems_final_clean/install/dynamixel_sdk/bin'
[4.387s] Level 1:colcon.colcon_core.environment:checking '/home/philip/Embedded_programming/Embedded_systems_final_clean/install/dynamixel_sdk/lib/pkgconfig/dynamixel_sdk.pc'
[4.387s] Level 1:colcon.colcon_core.environment:checking '/home/philip/Embedded_programming/Embedded_systems_final_clean/install/dynamixel_sdk/lib/python3.8/site-packages'
[4.387s] Level 1:colcon.colcon_core.environment:checking '/home/philip/Embedded_programming/Embedded_systems_final_clean/install/dynamixel_sdk/bin'
[4.390s] INFO:colcon.colcon_core.shell:Creating package script '/home/philip/Embedded_programming/Embedded_systems_final_clean/install/dynamixel_sdk/share/dynamixel_sdk/package.ps1'
[4.392s] INFO:colcon.colcon_core.shell:Creating package descriptor '/home/philip/Embedded_programming/Embedded_systems_final_clean/install/dynamixel_sdk/share/dynamixel_sdk/package.dsv'
[4.393s] INFO:colcon.colcon_core.shell:Creating package script '/home/philip/Embedded_programming/Embedded_systems_final_clean/install/dynamixel_sdk/share/dynamixel_sdk/package.sh'
[4.394s] INFO:colcon.colcon_core.shell:Creating package script '/home/philip/Embedded_programming/Embedded_systems_final_clean/install/dynamixel_sdk/share/dynamixel_sdk/package.bash'
[4.396s] INFO:colcon.colcon_core.shell:Creating package script '/home/philip/Embedded_programming/Embedded_systems_final_clean/install/dynamixel_sdk/share/dynamixel_sdk/package.zsh'
[4.397s] Level 1:colcon.colcon_core.environment:create_file_with_runtime_dependencies(/home/philip/Embedded_programming/Embedded_systems_final_clean/install/dynamixel_sdk/share/colcon-core/packages/dynamixel_sdk)
[4.447s] Level 1:colcon.colcon_core.environment:create_environment_scripts_only(dynamixel_sdk)
[4.450s] Level 1:colcon.colcon_core.environment:checking '/home/philip/Embedded_programming/Embedded_systems_final_clean/install/dynamixel_sdk' for CMake module files
[4.451s] Level 1:colcon.colcon_core.environment:checking '/home/philip/Embedded_programming/Embedded_systems_final_clean/install/dynamixel_sdk' for CMake config files
[4.452s] Level 1:colcon.colcon_core.shell:create_environment_hook('dynamixel_sdk', 'cmake_prefix_path')
[4.454s] INFO:colcon.colcon_core.shell:Creating environment hook '/home/philip/Embedded_programming/Embedded_systems_final_clean/install/dynamixel_sdk/share/dynamixel_sdk/hook/cmake_prefix_path.ps1'
[4.454s] INFO:colcon.colcon_core.shell:Creating environment descriptor '/home/philip/Embedded_programming/Embedded_systems_final_clean/install/dynamixel_sdk/share/dynamixel_sdk/hook/cmake_prefix_path.dsv'
[4.455s] INFO:colcon.colcon_core.shell:Creating environment hook '/home/philip/Embedded_programming/Embedded_systems_final_clean/install/dynamixel_sdk/share/dynamixel_sdk/hook/cmake_prefix_path.sh'
[4.456s] Level 1:colcon.colcon_core.environment:checking '/home/philip/Embedded_programming/Embedded_systems_final_clean/install/dynamixel_sdk/lib'
[4.456s] Level 1:colcon.colcon_core.shell:create_environment_hook('dynamixel_sdk', 'ld_library_path_lib')
[4.458s] INFO:colcon.colcon_core.shell:Creating environment hook '/home/philip/Embedded_programming/Embedded_systems_final_clean/install/dynamixel_sdk/share/dynamixel_sdk/hook/ld_library_path_lib.ps1'
[4.458s] INFO:colcon.colcon_core.shell:Creating environment descriptor '/home/philip/Embedded_programming/Embedded_systems_final_clean/install/dynamixel_sdk/share/dynamixel_sdk/hook/ld_library_path_lib.dsv'
[4.459s] INFO:colcon.colcon_core.shell:Creating environment hook '/home/philip/Embedded_programming/Embedded_systems_final_clean/install/dynamixel_sdk/share/dynamixel_sdk/hook/ld_library_path_lib.sh'
[4.460s] Level 1:colcon.colcon_core.environment:checking '/home/philip/Embedded_programming/Embedded_systems_final_clean/install/dynamixel_sdk/bin'
[4.460s] Level 1:colcon.colcon_core.environment:checking '/home/philip/Embedded_programming/Embedded_systems_final_clean/install/dynamixel_sdk/lib/pkgconfig/dynamixel_sdk.pc'
[4.461s] Level 1:colcon.colcon_core.environment:checking '/home/philip/Embedded_programming/Embedded_systems_final_clean/install/dynamixel_sdk/lib/python3.8/site-packages'
[4.461s] Level 1:colcon.colcon_core.environment:checking '/home/philip/Embedded_programming/Embedded_systems_final_clean/install/dynamixel_sdk/bin'
[4.465s] INFO:colcon.colcon_core.shell:Creating package script '/home/philip/Embedded_programming/Embedded_systems_final_clean/install/dynamixel_sdk/share/dynamixel_sdk/package.ps1'
[4.466s] INFO:colcon.colcon_core.shell:Creating package descriptor '/home/philip/Embedded_programming/Embedded_systems_final_clean/install/dynamixel_sdk/share/dynamixel_sdk/package.dsv'
[4.467s] INFO:colcon.colcon_core.shell:Creating package script '/home/philip/Embedded_programming/Embedded_systems_final_clean/install/dynamixel_sdk/share/dynamixel_sdk/package.sh'
[4.468s] INFO:colcon.colcon_core.shell:Creating package script '/home/philip/Embedded_programming/Embedded_systems_final_clean/install/dynamixel_sdk/share/dynamixel_sdk/package.bash'
[4.469s] INFO:colcon.colcon_core.shell:Creating package script '/home/philip/Embedded_programming/Embedded_systems_final_clean/install/dynamixel_sdk/share/dynamixel_sdk/package.zsh'
[4.469s] Level 1:colcon.colcon_core.environment:create_file_with_runtime_dependencies(/home/philip/Embedded_programming/Embedded_systems_final_clean/install/dynamixel_sdk/share/colcon-core/packages/dynamixel_sdk)
[4.472s] DEBUG:colcon.colcon_core.event_handler.log_command:Invoked command in '/home/philip/Embedded_programming/Embedded_systems_final_clean/build/dynamixel_sdk_custom_interfaces' returned '0': CMAKE_PREFIX_PATH=/opt/ros/foxy /usr/bin/cmake /home/philip/Embedded_programming/Embedded_systems_final_clean/DynamixelSDK/dynamixel_sdk_custom_interfaces -DCMAKE_INSTALL_PREFIX=/home/philip/Embedded_programming/Embedded_systems_final_clean/install/dynamixel_sdk_custom_interfaces
[4.477s] DEBUG:colcon.colcon_core.event_handler.log_command:Invoking command in '/home/philip/Embedded_programming/Embedded_systems_final_clean/build/dynamixel_sdk_custom_interfaces': CMAKE_PREFIX_PATH=/opt/ros/foxy /usr/bin/cmake --build /home/philip/Embedded_programming/Embedded_systems_final_clean/build/dynamixel_sdk_custom_interfaces -- -j4 -l4
[4.761s] DEBUG:colcon.colcon_core.event_handler.log_command:Invoked command in '/home/philip/Embedded_programming/Embedded_systems_final_clean/build/project_ros2_pkg' returned '1': CMAKE_PREFIX_PATH=/opt/ros/foxy /usr/bin/cmake /home/philip/Embedded_programming/Embedded_systems_final_clean/project-ROS2-pkg -DCMAKE_INSTALL_PREFIX=/home/philip/Embedded_programming/Embedded_systems_final_clean/install/project_ros2_pkg
[4.778s] Level 1:colcon.colcon_core.environment:create_environment_scripts_only(project_ros2_pkg)
[4.781s] Level 1:colcon.colcon_core.environment:checking '/home/philip/Embedded_programming/Embedded_systems_final_clean/install/project_ros2_pkg' for CMake module files
[4.782s] Level 1:colcon.colcon_core.environment:checking '/home/philip/Embedded_programming/Embedded_systems_final_clean/install/project_ros2_pkg' for CMake config files
[4.782s] Level 1:colcon.colcon_core.environment:checking '/home/philip/Embedded_programming/Embedded_systems_final_clean/install/project_ros2_pkg/bin'
[4.782s] Level 1:colcon.colcon_core.environment:checking '/home/philip/Embedded_programming/Embedded_systems_final_clean/install/project_ros2_pkg/lib/pkgconfig/project_ros2_pkg.pc'
[4.782s] Level 1:colcon.colcon_core.environment:checking '/home/philip/Embedded_programming/Embedded_systems_final_clean/install/project_ros2_pkg/lib/python3.8/site-packages'
[4.783s] Level 1:colcon.colcon_core.environment:checking '/home/philip/Embedded_programming/Embedded_systems_final_clean/install/project_ros2_pkg/bin'
[4.785s] INFO:colcon.colcon_core.shell:Creating package script '/home/philip/Embedded_programming/Embedded_systems_final_clean/install/project_ros2_pkg/share/project_ros2_pkg/package.ps1'
[4.785s] INFO:colcon.colcon_core.shell:Creating package descriptor '/home/philip/Embedded_programming/Embedded_systems_final_clean/install/project_ros2_pkg/share/project_ros2_pkg/package.dsv'
[4.786s] INFO:colcon.colcon_core.shell:Creating package script '/home/philip/Embedded_programming/Embedded_systems_final_clean/install/project_ros2_pkg/share/project_ros2_pkg/package.sh'
[4.786s] INFO:colcon.colcon_core.shell:Creating package script '/home/philip/Embedded_programming/Embedded_systems_final_clean/install/project_ros2_pkg/share/project_ros2_pkg/package.bash'
[4.787s] INFO:colcon.colcon_core.shell:Creating package script '/home/philip/Embedded_programming/Embedded_systems_final_clean/install/project_ros2_pkg/share/project_ros2_pkg/package.zsh'
[4.787s] Level 1:colcon.colcon_core.environment:create_file_with_runtime_dependencies(/home/philip/Embedded_programming/Embedded_systems_final_clean/install/project_ros2_pkg/share/colcon-core/packages/project_ros2_pkg)
[11.100s] DEBUG:colcon.colcon_parallel_executor.executor.parallel:closing loop
[11.100s] DEBUG:colcon.colcon_parallel_executor.executor.parallel:loop closed
[11.101s] DEBUG:colcon.colcon_parallel_executor.executor.parallel:run_until_complete finished with '1'
[11.101s] DEBUG:colcon.colcon_core.event_reactor:joining thread
[11.119s] INFO:colcon.colcon_core.plugin_system:Skipping extension 'colcon_notification.desktop_notification.terminal_notifier': Not used on non-Darwin systems
[11.119s] INFO:colcon.colcon_core.plugin_system:Skipping extension 'colcon_notification.desktop_notification.win32': Not used on non-Windows systems
[11.119s] INFO:colcon.colcon_notification.desktop_notification:Sending desktop notification using 'notify2'
[11.146s] DEBUG:colcon.colcon_core.event_reactor:joined thread
[11.148s] INFO:colcon.colcon_core.shell:Creating prefix script '/home/philip/Embedded_programming/Embedded_systems_final_clean/install/local_setup.ps1'
[11.150s] INFO:colcon.colcon_core.shell:Creating prefix util module '/home/philip/Embedded_programming/Embedded_systems_final_clean/install/_local_setup_util_ps1.py'
[11.152s] INFO:colcon.colcon_core.shell:Creating prefix chain script '/home/philip/Embedded_programming/Embedded_systems_final_clean/install/setup.ps1'
[11.153s] INFO:colcon.colcon_core.shell:Creating prefix script '/home/philip/Embedded_programming/Embedded_systems_final_clean/install/local_setup.sh'
[11.154s] INFO:colcon.colcon_core.shell:Creating prefix util module '/home/philip/Embedded_programming/Embedded_systems_final_clean/install/_local_setup_util_sh.py'
[11.155s] INFO:colcon.colcon_core.shell:Creating prefix chain script '/home/philip/Embedded_programming/Embedded_systems_final_clean/install/setup.sh'
[11.157s] INFO:colcon.colcon_core.shell:Creating prefix script '/home/philip/Embedded_programming/Embedded_systems_final_clean/install/local_setup.bash'
[11.158s] INFO:colcon.colcon_core.shell:Creating prefix chain script '/home/philip/Embedded_programming/Embedded_systems_final_clean/install/setup.bash'
[11.160s] INFO:colcon.colcon_core.shell:Creating prefix script '/home/philip/Embedded_programming/Embedded_systems_final_clean/install/local_setup.zsh'
[11.161s] INFO:colcon.colcon_core.shell:Creating prefix chain script '/home/philip/Embedded_programming/Embedded_systems_final_clean/install/setup.zsh'
