[0.030s] Invoking command in '/home/philip/Embedded_programming/Embedded_systems_final_clean/build/project_ros2_pkg': CMAKE_PREFIX_PATH=/opt/ros/foxy /usr/bin/cmake /home/philip/Embedded_programming/Embedded_systems_final_clean/project-ROS2-pkg -DCMAKE_INSTALL_PREFIX=/home/philip/Embedded_programming/Embedded_systems_final_clean/install/project_ros2_pkg
[0.139s] -- The C compiler identification is GNU 9.4.0
[0.235s] -- The CXX compiler identification is GNU 9.4.0
[0.242s] -- Check for working C compiler: /usr/bin/cc
[0.357s] -- Check for working C compiler: /usr/bin/cc -- works
[0.359s] -- Detecting C compiler ABI info
[0.486s] -- Detecting C compiler ABI info - done
[0.505s] -- Detecting C compile features
[0.506s] -- Detecting C compile features - done
[0.509s] -- Check for working CXX compiler: /usr/bin/c++
[0.638s] -- Check for working CXX compiler: /usr/bin/c++ -- works
[0.640s] -- Detecting CXX compiler ABI info
[0.772s] -- Detecting CXX compiler ABI info - done
[0.798s] -- Detecting CXX compile features
[0.799s] -- Detecting CXX compile features - done
[0.803s] -- Found ament_cmake: 0.9.11 (/opt/ros/foxy/share/ament_cmake/cmake)
[0.854s] -- Found PythonInterp: /usr/bin/python3 (found suitable version "3.8.10", minimum required is "3") 
[0.854s] -- Using PYTHON_EXECUTABLE: /usr/bin/python3
[1.307s] -- Found rclcpp: 2.4.2 (/opt/ros/foxy/share/rclcpp/cmake)
[1.389s] -- Using all available rosidl_typesupport_c: rosidl_typesupport_fastrtps_c;rosidl_typesupport_introspection_c
[1.404s] -- Found rosidl_adapter: 1.3.0 (/opt/ros/foxy/share/rosidl_adapter/cmake)
[1.827s] -- Found OpenSSL: /usr/lib/x86_64-linux-gnu/libcrypto.so (found version "1.1.1f")  
[1.941s] -- Found FastRTPS: /opt/ros/foxy/include  
[2.200s] -- Using all available rosidl_typesupport_cpp: rosidl_typesupport_fastrtps_cpp;rosidl_typesupport_introspection_cpp
[2.469s] -- Found rmw_implementation_cmake: 1.0.3 (/opt/ros/foxy/share/rmw_implementation_cmake/cmake)
[2.473s] -- Using RMW implementation 'rmw_fastrtps_cpp' as default
[2.475s] -- Looking for pthread.h
[2.838s] -- Looking for pthread.h - found
[2.838s] -- Performing Test CMAKE_HAVE_LIBC_PTHREAD
[3.161s] -- Performing Test CMAKE_HAVE_LIBC_PTHREAD - Failed
[3.162s] -- Looking for pthread_create in pthreads
[3.276s] -- Looking for pthread_create in pthreads - not found
[3.277s] -- Looking for pthread_create in pthread
[3.399s] -- Looking for pthread_create in pthread - found
[3.401s] -- Found Threads: TRUE  
[3.800s] -- Found sensor_msgs: 2.0.5 (/opt/ros/foxy/share/sensor_msgs/cmake)
[4.077s] -- Found OpenCV: /usr/local (found version "4.6.0") 
[4.078s] -- Found cv_bridge: 3.0.7 (/opt/ros/foxy/share/cv_bridge/cmake)
[4.101s] -- Found ament_lint_auto: 0.9.7 (/opt/ros/foxy/share/ament_lint_auto/cmake)
[4.203s] -- Added test 'copyright' to check source files copyright and LICENSE
[4.224s] -- Added test 'cppcheck' to perform static code analysis on C / C++ code
[4.225s] -- Configured cppcheck include dirs: 
[4.226s] -- Configured cppcheck exclude dirs and/or files: 
[4.244s] -- Added test 'cpplint' to check C / C++ code against the Google style
[4.244s] -- Configured cpplint exclude dirs and/or files: 
[4.248s] -- Added test 'flake8' to check Python code syntax and style conventions
[4.254s] -- Added test 'lint_cmake' to check CMake code style
[4.258s] -- Added test 'pep257' to check Python code against some of the style conventions in PEP 257
[4.276s] -- Added test 'uncrustify' to check C / C++ code style
[4.277s] -- Configured uncrustify additional arguments: 
[4.280s] -- Added test 'xmllint' to check XML markup files
[4.288s] -- Configuring done
[4.320s] -- Generating done
[4.324s] -- Build files have been written to: /home/philip/Embedded_programming/Embedded_systems_final_clean/build/project_ros2_pkg
[4.345s] Invoked command in '/home/philip/Embedded_programming/Embedded_systems_final_clean/build/project_ros2_pkg' returned '0': CMAKE_PREFIX_PATH=/opt/ros/foxy /usr/bin/cmake /home/philip/Embedded_programming/Embedded_systems_final_clean/project-ROS2-pkg -DCMAKE_INSTALL_PREFIX=/home/philip/Embedded_programming/Embedded_systems_final_clean/install/project_ros2_pkg
[4.347s] Invoking command in '/home/philip/Embedded_programming/Embedded_systems_final_clean/build/project_ros2_pkg': CMAKE_PREFIX_PATH=/opt/ros/foxy /usr/bin/cmake --build /home/philip/Embedded_programming/Embedded_systems_final_clean/build/project_ros2_pkg -- -j4 -l4
[4.514s] [35m[1mScanning dependencies of target image_subscriber[0m
[4.684s] [ 50%] [32mBuilding CXX object CMakeFiles/image_subscriber.dir/src/image_subscriber.cpp.o[0m
[23.187s] [100%] [32m[1mLinking CXX executable image_subscriber[0m
[24.364s] /usr/bin/ld: warning: libopencv_imgcodecs.so.4.2, needed by /opt/ros/foxy/lib/libcv_bridge.so, may conflict with libopencv_imgcodecs.so.406
[24.364s] /usr/bin/ld: warning: libopencv_core.so.4.2, needed by /opt/ros/foxy/lib/libcv_bridge.so, may conflict with libopencv_core.so.406
[24.390s] [100%] Built target image_subscriber
[24.416s] Invoked command in '/home/philip/Embedded_programming/Embedded_systems_final_clean/build/project_ros2_pkg' returned '0': CMAKE_PREFIX_PATH=/opt/ros/foxy /usr/bin/cmake --build /home/philip/Embedded_programming/Embedded_systems_final_clean/build/project_ros2_pkg -- -j4 -l4
[24.473s] Invoking command in '/home/philip/Embedded_programming/Embedded_systems_final_clean/build/project_ros2_pkg': CMAKE_PREFIX_PATH=/opt/ros/foxy /usr/bin/cmake --install /home/philip/Embedded_programming/Embedded_systems_final_clean/build/project_ros2_pkg
[24.498s] -- Install configuration: ""
[24.499s] -- Installing: /home/philip/Embedded_programming/Embedded_systems_final_clean/install/project_ros2_pkg/lib/project_ros2_pkg/image_subscriber
[24.503s] -- Set runtime path of "/home/philip/Embedded_programming/Embedded_systems_final_clean/install/project_ros2_pkg/lib/project_ros2_pkg/image_subscriber" to ""
[24.504s] -- Installing: /home/philip/Embedded_programming/Embedded_systems_final_clean/install/project_ros2_pkg/share/ament_index/resource_index/package_run_dependencies/project_ros2_pkg
[24.504s] -- Installing: /home/philip/Embedded_programming/Embedded_systems_final_clean/install/project_ros2_pkg/share/ament_index/resource_index/parent_prefix_path/project_ros2_pkg
[24.505s] -- Installing: /home/philip/Embedded_programming/Embedded_systems_final_clean/install/project_ros2_pkg/share/project_ros2_pkg/environment/ament_prefix_path.sh
[24.506s] -- Installing: /home/philip/Embedded_programming/Embedded_systems_final_clean/install/project_ros2_pkg/share/project_ros2_pkg/environment/ament_prefix_path.dsv
[24.506s] -- Installing: /home/philip/Embedded_programming/Embedded_systems_final_clean/install/project_ros2_pkg/share/project_ros2_pkg/environment/path.sh
[24.506s] -- Installing: /home/philip/Embedded_programming/Embedded_systems_final_clean/install/project_ros2_pkg/share/project_ros2_pkg/environment/path.dsv
[24.507s] -- Installing: /home/philip/Embedded_programming/Embedded_systems_final_clean/install/project_ros2_pkg/share/project_ros2_pkg/local_setup.bash
[24.507s] -- Installing: /home/philip/Embedded_programming/Embedded_systems_final_clean/install/project_ros2_pkg/share/project_ros2_pkg/local_setup.sh
[24.508s] -- Installing: /home/philip/Embedded_programming/Embedded_systems_final_clean/install/project_ros2_pkg/share/project_ros2_pkg/local_setup.zsh
[24.508s] -- Installing: /home/philip/Embedded_programming/Embedded_systems_final_clean/install/project_ros2_pkg/share/project_ros2_pkg/local_setup.dsv
[24.508s] -- Installing: /home/philip/Embedded_programming/Embedded_systems_final_clean/install/project_ros2_pkg/share/project_ros2_pkg/package.dsv
[24.509s] -- Installing: /home/philip/Embedded_programming/Embedded_systems_final_clean/install/project_ros2_pkg/share/ament_index/resource_index/packages/project_ros2_pkg
[24.509s] -- Installing: /home/philip/Embedded_programming/Embedded_systems_final_clean/install/project_ros2_pkg/share/project_ros2_pkg/cmake/project_ros2_pkgConfig.cmake
[24.509s] -- Installing: /home/philip/Embedded_programming/Embedded_systems_final_clean/install/project_ros2_pkg/share/project_ros2_pkg/cmake/project_ros2_pkgConfig-version.cmake
[24.510s] -- Installing: /home/philip/Embedded_programming/Embedded_systems_final_clean/install/project_ros2_pkg/share/project_ros2_pkg/package.xml
[24.515s] Invoked command in '/home/philip/Embedded_programming/Embedded_systems_final_clean/build/project_ros2_pkg' returned '0': CMAKE_PREFIX_PATH=/opt/ros/foxy /usr/bin/cmake --install /home/philip/Embedded_programming/Embedded_systems_final_clean/build/project_ros2_pkg
