[0.040s] Invoking command in '/home/philip/Embedded_programming/Embedded_systems_final_clean/build/dynamixel_sdk_examples': AMENT_PREFIX_PATH=/home/philip/Embedded_programming/Embedded_systems_final_clean/install/dynamixel_sdk_custom_interfaces:/home/philip/Embedded_programming/Embedded_systems_final_clean/install/dynamixel_sdk:${AMENT_PREFIX_PATH} CMAKE_PREFIX_PATH=/home/philip/Embedded_programming/Embedded_systems_final_clean/install/dynamixel_sdk_custom_interfaces:/home/philip/Embedded_programming/Embedded_systems_final_clean/install/dynamixel_sdk:/opt/ros/foxy LD_LIBRARY_PATH=/home/philip/Embedded_programming/Embedded_systems_final_clean/install/dynamixel_sdk_custom_interfaces/lib:/home/philip/Embedded_programming/Embedded_systems_final_clean/install/dynamixel_sdk/lib:${LD_LIBRARY_PATH} PYTHONPATH=/home/philip/Embedded_programming/Embedded_systems_final_clean/install/dynamixel_sdk_custom_interfaces/lib/python3.8/site-packages:${PYTHONPATH} /usr/bin/cmake /home/philip/Embedded_programming/Embedded_systems_final_clean/DynamixelSDK/dynamixel_sdk_examples -DCMAKE_INSTALL_PREFIX=/home/philip/Embedded_programming/Embedded_systems_final_clean/install/dynamixel_sdk_examples
[0.191s] -- The C compiler identification is GNU 9.4.0
[0.327s] -- The CXX compiler identification is GNU 9.4.0
[0.339s] -- Check for working C compiler: /usr/bin/cc
[0.505s] -- Check for working C compiler: /usr/bin/cc -- works
[0.509s] -- Detecting C compiler ABI info
[0.677s] -- Detecting C compiler ABI info - done
[0.707s] -- Detecting C compile features
[0.710s] -- Detecting C compile features - done
[0.715s] -- Check for working CXX compiler: /usr/bin/c++
[0.909s] -- Check for working CXX compiler: /usr/bin/c++ -- works
[0.912s] -- Detecting CXX compiler ABI info
[1.106s] -- Detecting CXX compiler ABI info - done
[1.139s] -- Detecting CXX compile features
[1.142s] -- Detecting CXX compile features - done
[1.146s] -- Found ament_cmake: 0.9.11 (/opt/ros/foxy/share/ament_cmake/cmake)
[1.212s] -- Found PythonInterp: /usr/bin/python3 (found suitable version "3.8.10", minimum required is "3") 
[1.213s] -- Using PYTHON_EXECUTABLE: /usr/bin/python3
[1.794s] -- Found dynamixel_sdk: 3.7.40 (/home/philip/Embedded_programming/Embedded_systems_final_clean/install/dynamixel_sdk/share/dynamixel_sdk/cmake)
[1.799s] -- Found dynamixel_sdk_custom_interfaces: 3.7.40 (/home/philip/Embedded_programming/Embedded_systems_final_clean/install/dynamixel_sdk_custom_interfaces/share/dynamixel_sdk_custom_interfaces/cmake)
[1.874s] -- Using all available rosidl_typesupport_c: rosidl_typesupport_fastrtps_c;rosidl_typesupport_introspection_c
[1.893s] -- Found rosidl_adapter: 1.3.0 (/opt/ros/foxy/share/rosidl_adapter/cmake)
[2.090s] -- Found OpenSSL: /usr/lib/x86_64-linux-gnu/libcrypto.so (found version "1.1.1f")  
[2.167s] -- Found FastRTPS: /opt/ros/foxy/include  
[2.373s] -- Using all available rosidl_typesupport_cpp: rosidl_typesupport_fastrtps_cpp;rosidl_typesupport_introspection_cpp
[2.504s] -- Found rclcpp: 2.4.2 (/opt/ros/foxy/share/rclcpp/cmake)
[2.627s] -- Found rmw_implementation_cmake: 1.0.3 (/opt/ros/foxy/share/rmw_implementation_cmake/cmake)
[2.631s] -- Using RMW implementation 'rmw_fastrtps_cpp' as default
[2.633s] -- Looking for pthread.h
[2.819s] -- Looking for pthread.h - found
[2.820s] -- Performing Test CMAKE_HAVE_LIBC_PTHREAD
[3.015s] -- Performing Test CMAKE_HAVE_LIBC_PTHREAD - Failed
[3.016s] -- Looking for pthread_create in pthreads
[3.160s] -- Looking for pthread_create in pthreads - not found
[3.160s] -- Looking for pthread_create in pthread
[3.333s] -- Looking for pthread_create in pthread - found
[3.337s] -- Found Threads: TRUE  
[4.125s] -- Found ament_lint_auto: 0.9.7 (/opt/ros/foxy/share/ament_lint_auto/cmake)
[4.327s] -- Added test 'copyright' to check source files copyright and LICENSE
[4.330s] -- Added test 'cppcheck' to perform static code analysis on C / C++ code
[4.331s] -- Configured cppcheck include dirs: /home/philip/Embedded_programming/Embedded_systems_final_clean/DynamixelSDK/dynamixel_sdk_examples/include
[4.331s] -- Configured cppcheck exclude dirs and/or files: 
[4.334s] -- Added test 'cpplint' to check C / C++ code against the Google style
[4.334s] -- Configured cpplint exclude dirs and/or files: 
[4.336s] -- Added test 'lint_cmake' to check CMake code style
[4.342s] -- Added test 'uncrustify' to check C / C++ code style
[4.342s] -- Configured uncrustify additional arguments: 
[4.344s] -- Added test 'xmllint' to check XML markup files
[4.352s] -- Configuring done
[4.372s] -- Generating done
[4.376s] -- Build files have been written to: /home/philip/Embedded_programming/Embedded_systems_final_clean/build/dynamixel_sdk_examples
[4.394s] Invoked command in '/home/philip/Embedded_programming/Embedded_systems_final_clean/build/dynamixel_sdk_examples' returned '0': AMENT_PREFIX_PATH=/home/philip/Embedded_programming/Embedded_systems_final_clean/install/dynamixel_sdk_custom_interfaces:/home/philip/Embedded_programming/Embedded_systems_final_clean/install/dynamixel_sdk:${AMENT_PREFIX_PATH} CMAKE_PREFIX_PATH=/home/philip/Embedded_programming/Embedded_systems_final_clean/install/dynamixel_sdk_custom_interfaces:/home/philip/Embedded_programming/Embedded_systems_final_clean/install/dynamixel_sdk:/opt/ros/foxy LD_LIBRARY_PATH=/home/philip/Embedded_programming/Embedded_systems_final_clean/install/dynamixel_sdk_custom_interfaces/lib:/home/philip/Embedded_programming/Embedded_systems_final_clean/install/dynamixel_sdk/lib:${LD_LIBRARY_PATH} PYTHONPATH=/home/philip/Embedded_programming/Embedded_systems_final_clean/install/dynamixel_sdk_custom_interfaces/lib/python3.8/site-packages:${PYTHONPATH} /usr/bin/cmake /home/philip/Embedded_programming/Embedded_systems_final_clean/DynamixelSDK/dynamixel_sdk_examples -DCMAKE_INSTALL_PREFIX=/home/philip/Embedded_programming/Embedded_systems_final_clean/install/dynamixel_sdk_examples
[4.402s] Invoking command in '/home/philip/Embedded_programming/Embedded_systems_final_clean/build/dynamixel_sdk_examples': AMENT_PREFIX_PATH=/home/philip/Embedded_programming/Embedded_systems_final_clean/install/dynamixel_sdk_custom_interfaces:/home/philip/Embedded_programming/Embedded_systems_final_clean/install/dynamixel_sdk:${AMENT_PREFIX_PATH} CMAKE_PREFIX_PATH=/home/philip/Embedded_programming/Embedded_systems_final_clean/install/dynamixel_sdk_custom_interfaces:/home/philip/Embedded_programming/Embedded_systems_final_clean/install/dynamixel_sdk:/opt/ros/foxy LD_LIBRARY_PATH=/home/philip/Embedded_programming/Embedded_systems_final_clean/install/dynamixel_sdk_custom_interfaces/lib:/home/philip/Embedded_programming/Embedded_systems_final_clean/install/dynamixel_sdk/lib:${LD_LIBRARY_PATH} PYTHONPATH=/home/philip/Embedded_programming/Embedded_systems_final_clean/install/dynamixel_sdk_custom_interfaces/lib/python3.8/site-packages:${PYTHONPATH} /usr/bin/cmake --build /home/philip/Embedded_programming/Embedded_systems_final_clean/build/dynamixel_sdk_examples -- -j4 -l4
[4.500s] [35m[1mScanning dependencies of target read_write_node[0m
[4.607s] [ 50%] [32mBuilding CXX object CMakeFiles/read_write_node.dir/src/read_write_node.cpp.o[0m
[17.322s] [100%] [32m[1mLinking CXX executable read_write_node[0m
[17.920s] [100%] Built target read_write_node
[17.948s] Invoked command in '/home/philip/Embedded_programming/Embedded_systems_final_clean/build/dynamixel_sdk_examples' returned '0': AMENT_PREFIX_PATH=/home/philip/Embedded_programming/Embedded_systems_final_clean/install/dynamixel_sdk_custom_interfaces:/home/philip/Embedded_programming/Embedded_systems_final_clean/install/dynamixel_sdk:${AMENT_PREFIX_PATH} CMAKE_PREFIX_PATH=/home/philip/Embedded_programming/Embedded_systems_final_clean/install/dynamixel_sdk_custom_interfaces:/home/philip/Embedded_programming/Embedded_systems_final_clean/install/dynamixel_sdk:/opt/ros/foxy LD_LIBRARY_PATH=/home/philip/Embedded_programming/Embedded_systems_final_clean/install/dynamixel_sdk_custom_interfaces/lib:/home/philip/Embedded_programming/Embedded_systems_final_clean/install/dynamixel_sdk/lib:${LD_LIBRARY_PATH} PYTHONPATH=/home/philip/Embedded_programming/Embedded_systems_final_clean/install/dynamixel_sdk_custom_interfaces/lib/python3.8/site-packages:${PYTHONPATH} /usr/bin/cmake --build /home/philip/Embedded_programming/Embedded_systems_final_clean/build/dynamixel_sdk_examples -- -j4 -l4
[18.008s] Invoking command in '/home/philip/Embedded_programming/Embedded_systems_final_clean/build/dynamixel_sdk_examples': AMENT_PREFIX_PATH=/home/philip/Embedded_programming/Embedded_systems_final_clean/install/dynamixel_sdk_custom_interfaces:/home/philip/Embedded_programming/Embedded_systems_final_clean/install/dynamixel_sdk:${AMENT_PREFIX_PATH} CMAKE_PREFIX_PATH=/home/philip/Embedded_programming/Embedded_systems_final_clean/install/dynamixel_sdk_custom_interfaces:/home/philip/Embedded_programming/Embedded_systems_final_clean/install/dynamixel_sdk:/opt/ros/foxy LD_LIBRARY_PATH=/home/philip/Embedded_programming/Embedded_systems_final_clean/install/dynamixel_sdk_custom_interfaces/lib:/home/philip/Embedded_programming/Embedded_systems_final_clean/install/dynamixel_sdk/lib:${LD_LIBRARY_PATH} PYTHONPATH=/home/philip/Embedded_programming/Embedded_systems_final_clean/install/dynamixel_sdk_custom_interfaces/lib/python3.8/site-packages:${PYTHONPATH} /usr/bin/cmake --install /home/philip/Embedded_programming/Embedded_systems_final_clean/build/dynamixel_sdk_examples
[18.029s] -- Install configuration: ""
[18.030s] -- Installing: /home/philip/Embedded_programming/Embedded_systems_final_clean/install/dynamixel_sdk_examples/lib/dynamixel_sdk_examples/read_write_node
[18.035s] -- Set runtime path of "/home/philip/Embedded_programming/Embedded_systems_final_clean/install/dynamixel_sdk_examples/lib/dynamixel_sdk_examples/read_write_node" to ""
[18.035s] -- Installing: /home/philip/Embedded_programming/Embedded_systems_final_clean/install/dynamixel_sdk_examples/share/ament_index/resource_index/package_run_dependencies/dynamixel_sdk_examples
[18.036s] -- Installing: /home/philip/Embedded_programming/Embedded_systems_final_clean/install/dynamixel_sdk_examples/share/ament_index/resource_index/parent_prefix_path/dynamixel_sdk_examples
[18.037s] -- Installing: /home/philip/Embedded_programming/Embedded_systems_final_clean/install/dynamixel_sdk_examples/share/dynamixel_sdk_examples/environment/ament_prefix_path.sh
[18.037s] -- Installing: /home/philip/Embedded_programming/Embedded_systems_final_clean/install/dynamixel_sdk_examples/share/dynamixel_sdk_examples/environment/ament_prefix_path.dsv
[18.037s] -- Installing: /home/philip/Embedded_programming/Embedded_systems_final_clean/install/dynamixel_sdk_examples/share/dynamixel_sdk_examples/environment/path.sh
[18.038s] -- Installing: /home/philip/Embedded_programming/Embedded_systems_final_clean/install/dynamixel_sdk_examples/share/dynamixel_sdk_examples/environment/path.dsv
[18.039s] -- Installing: /home/philip/Embedded_programming/Embedded_systems_final_clean/install/dynamixel_sdk_examples/share/dynamixel_sdk_examples/local_setup.bash
[18.039s] -- Installing: /home/philip/Embedded_programming/Embedded_systems_final_clean/install/dynamixel_sdk_examples/share/dynamixel_sdk_examples/local_setup.sh
[18.039s] -- Installing: /home/philip/Embedded_programming/Embedded_systems_final_clean/install/dynamixel_sdk_examples/share/dynamixel_sdk_examples/local_setup.zsh
[18.040s] -- Installing: /home/philip/Embedded_programming/Embedded_systems_final_clean/install/dynamixel_sdk_examples/share/dynamixel_sdk_examples/local_setup.dsv
[18.041s] -- Installing: /home/philip/Embedded_programming/Embedded_systems_final_clean/install/dynamixel_sdk_examples/share/dynamixel_sdk_examples/package.dsv
[18.041s] -- Installing: /home/philip/Embedded_programming/Embedded_systems_final_clean/install/dynamixel_sdk_examples/share/ament_index/resource_index/packages/dynamixel_sdk_examples
[18.042s] -- Installing: /home/philip/Embedded_programming/Embedded_systems_final_clean/install/dynamixel_sdk_examples/share/dynamixel_sdk_examples/cmake/dynamixel_sdk_examplesConfig.cmake
[18.042s] -- Installing: /home/philip/Embedded_programming/Embedded_systems_final_clean/install/dynamixel_sdk_examples/share/dynamixel_sdk_examples/cmake/dynamixel_sdk_examplesConfig-version.cmake
[18.043s] -- Installing: /home/philip/Embedded_programming/Embedded_systems_final_clean/install/dynamixel_sdk_examples/share/dynamixel_sdk_examples/package.xml
[18.047s] Invoked command in '/home/philip/Embedded_programming/Embedded_systems_final_clean/build/dynamixel_sdk_examples' returned '0': AMENT_PREFIX_PATH=/home/philip/Embedded_programming/Embedded_systems_final_clean/install/dynamixel_sdk_custom_interfaces:/home/philip/Embedded_programming/Embedded_systems_final_clean/install/dynamixel_sdk:${AMENT_PREFIX_PATH} CMAKE_PREFIX_PATH=/home/philip/Embedded_programming/Embedded_systems_final_clean/install/dynamixel_sdk_custom_interfaces:/home/philip/Embedded_programming/Embedded_systems_final_clean/install/dynamixel_sdk:/opt/ros/foxy LD_LIBRARY_PATH=/home/philip/Embedded_programming/Embedded_systems_final_clean/install/dynamixel_sdk_custom_interfaces/lib:/home/philip/Embedded_programming/Embedded_systems_final_clean/install/dynamixel_sdk/lib:${LD_LIBRARY_PATH} PYTHONPATH=/home/philip/Embedded_programming/Embedded_systems_final_clean/install/dynamixel_sdk_custom_interfaces/lib/python3.8/site-packages:${PYTHONPATH} /usr/bin/cmake --install /home/philip/Embedded_programming/Embedded_systems_final_clean/build/dynamixel_sdk_examples
