[0.037s] Invoking command in '/home/philip/Embedded_programming/Embedded_systems_final_clean/build/dynamixel_sdk_custom_interfaces': CMAKE_PREFIX_PATH=/opt/ros/foxy /usr/bin/cmake /home/philip/Embedded_programming/Embedded_systems_final_clean/DynamixelSDK/dynamixel_sdk_custom_interfaces -DCMAKE_INSTALL_PREFIX=/home/philip/Embedded_programming/Embedded_systems_final_clean/install/dynamixel_sdk_custom_interfaces
[0.131s] -- The C compiler identification is GNU 9.4.0
[0.227s] -- The CXX compiler identification is GNU 9.4.0
[0.237s] -- Check for working C compiler: /usr/bin/cc
[0.364s] -- Check for working C compiler: /usr/bin/cc -- works
[0.366s] -- Detecting C compiler ABI info
[0.471s] -- Detecting C compiler ABI info - done
[0.497s] -- Detecting C compile features
[0.497s] -- Detecting C compile features - done
[0.501s] -- Check for working CXX compiler: /usr/bin/c++
[0.636s] -- Check for working CXX compiler: /usr/bin/c++ -- works
[0.638s] -- Detecting CXX compiler ABI info
[0.764s] -- Detecting CXX compiler ABI info - done
[0.778s] -- Detecting CXX compile features
[0.779s] -- Detecting CXX compile features - done
[0.784s] -- Found ament_cmake: 0.9.11 (/opt/ros/foxy/share/ament_cmake/cmake)
[0.832s] -- Found PythonInterp: /usr/bin/python3 (found suitable version "3.8.10", minimum required is "3") 
[0.832s] -- Using PYTHON_EXECUTABLE: /usr/bin/python3
[1.175s] -- Found builtin_interfaces: 1.0.0 (/opt/ros/foxy/share/builtin_interfaces/cmake)
[1.227s] -- Using all available rosidl_typesupport_c: rosidl_typesupport_fastrtps_c;rosidl_typesupport_introspection_c
[1.236s] -- Found rosidl_adapter: 1.3.0 (/opt/ros/foxy/share/rosidl_adapter/cmake)
[1.337s] -- Found OpenSSL: /usr/lib/x86_64-linux-gnu/libcrypto.so (found version "1.1.1f")  
[1.393s] -- Found FastRTPS: /opt/ros/foxy/include  
[1.640s] -- Using all available rosidl_typesupport_cpp: rosidl_typesupport_fastrtps_cpp;rosidl_typesupport_introspection_cpp
[1.751s] -- Found rosidl_default_generators: 1.0.1 (/opt/ros/foxy/share/rosidl_default_generators/cmake)
[1.871s] -- Found PythonInterp: /usr/bin/python3 (found version "3.8.10") 
[2.373s] -- Found ament_cmake_ros: 0.9.2 (/opt/ros/foxy/share/ament_cmake_ros/cmake)
[2.848s] -- Using all available rosidl_typesupport_c: rosidl_typesupport_fastrtps_c;rosidl_typesupport_introspection_c
[2.916s] -- Using all available rosidl_typesupport_cpp: rosidl_typesupport_fastrtps_cpp;rosidl_typesupport_introspection_cpp
[2.987s] -- Found PythonInterp: /usr/bin/python3 (found suitable version "3.8.10", minimum required is "3.5") 
[2.992s] -- Found python_cmake_module: 0.8.1 (/opt/ros/foxy/share/python_cmake_module/cmake)
[3.093s] -- Found PythonLibs: /usr/lib/x86_64-linux-gnu/libpython3.8.so (found suitable version "3.8.10", minimum required is "3.5") 
[3.094s] -- Using PYTHON_EXECUTABLE: /usr/bin/python3
[3.094s] -- Using PYTHON_INCLUDE_DIRS: /usr/include/python3.8
[3.094s] -- Using PYTHON_LIBRARIES: /usr/lib/x86_64-linux-gnu/libpython3.8.so
[3.159s] -- Found PythonExtra: .so  
[3.281s] -- Configuring done
[3.372s] -- Generating done
[3.379s] -- Build files have been written to: /home/philip/Embedded_programming/Embedded_systems_final_clean/build/dynamixel_sdk_custom_interfaces
[3.394s] Invoked command in '/home/philip/Embedded_programming/Embedded_systems_final_clean/build/dynamixel_sdk_custom_interfaces' returned '0': CMAKE_PREFIX_PATH=/opt/ros/foxy /usr/bin/cmake /home/philip/Embedded_programming/Embedded_systems_final_clean/DynamixelSDK/dynamixel_sdk_custom_interfaces -DCMAKE_INSTALL_PREFIX=/home/philip/Embedded_programming/Embedded_systems_final_clean/install/dynamixel_sdk_custom_interfaces
[3.399s] Invoking command in '/home/philip/Embedded_programming/Embedded_systems_final_clean/build/dynamixel_sdk_custom_interfaces': CMAKE_PREFIX_PATH=/opt/ros/foxy /usr/bin/cmake --build /home/philip/Embedded_programming/Embedded_systems_final_clean/build/dynamixel_sdk_custom_interfaces -- -j4 -l4
[3.464s] [35m[1mScanning dependencies of target dynamixel_sdk_custom_interfaces__cpp[0m
[3.464s] [  2%] [34m[1mGenerating C code for ROS interfaces[0m
[3.484s] [  5%] [34m[1mGenerating C++ code for ROS interfaces[0m
[4.306s] [35m[1mScanning dependencies of target dynamixel_sdk_custom_interfaces__rosidl_generator_c[0m
[4.326s] [  5%] Built target dynamixel_sdk_custom_interfaces__cpp
[4.326s] [  7%] [32mBuilding C object CMakeFiles/dynamixel_sdk_custom_interfaces__rosidl_generator_c.dir/rosidl_generator_c/dynamixel_sdk_custom_interfaces/srv/detail/get_position__functions.c.o[0m
[4.327s] [ 10%] [32mBuilding C object CMakeFiles/dynamixel_sdk_custom_interfaces__rosidl_generator_c.dir/rosidl_generator_c/dynamixel_sdk_custom_interfaces/msg/detail/set_position__functions.c.o[0m
[4.346s] [ 12%] [34m[1mGenerating C++ type support dispatch for ROS interfaces[0m
[4.388s] [ 15%] [34m[1mGenerating C++ type support for eProsima Fast-RTPS[0m
[4.442s] [ 17%] [34m[1mGenerating C++ introspection for ROS interfaces[0m
[4.469s] [ 20%] [32m[1mLinking C shared library libdynamixel_sdk_custom_interfaces__rosidl_generator_c.so[0m
[4.575s] [ 20%] Built target dynamixel_sdk_custom_interfaces__rosidl_generator_c
[4.631s] [ 23%] [34m[1mGenerating C introspection for ROS interfaces[0m
[5.147s] [35m[1mScanning dependencies of target dynamixel_sdk_custom_interfaces__rosidl_typesupport_cpp[0m
[5.187s] [ 25%] [32mBuilding CXX object CMakeFiles/dynamixel_sdk_custom_interfaces__rosidl_typesupport_cpp.dir/rosidl_typesupport_cpp/dynamixel_sdk_custom_interfaces/msg/set_position__type_support.cpp.o[0m
[5.320s] [35m[1mScanning dependencies of target dynamixel_sdk_custom_interfaces__rosidl_typesupport_fastrtps_cpp[0m
[5.411s] [ 28%] [32mBuilding CXX object CMakeFiles/dynamixel_sdk_custom_interfaces__rosidl_typesupport_fastrtps_cpp.dir/rosidl_typesupport_fastrtps_cpp/dynamixel_sdk_custom_interfaces/msg/detail/dds_fastrtps/set_position__type_support.cpp.o[0m
[5.416s] [35m[1mScanning dependencies of target dynamixel_sdk_custom_interfaces__rosidl_typesupport_introspection_cpp[0m
[5.460s] [ 30%] [32mBuilding CXX object CMakeFiles/dynamixel_sdk_custom_interfaces__rosidl_typesupport_introspection_cpp.dir/rosidl_typesupport_introspection_cpp/dynamixel_sdk_custom_interfaces/msg/detail/set_position__type_support.cpp.o[0m
[5.536s] [35m[1mScanning dependencies of target dynamixel_sdk_custom_interfaces__rosidl_typesupport_introspection_c[0m
[5.612s] [ 33%] [32mBuilding C object CMakeFiles/dynamixel_sdk_custom_interfaces__rosidl_typesupport_introspection_c.dir/rosidl_typesupport_introspection_c/dynamixel_sdk_custom_interfaces/msg/detail/set_position__type_support.c.o[0m
[5.795s] [ 35%] [32mBuilding C object CMakeFiles/dynamixel_sdk_custom_interfaces__rosidl_typesupport_introspection_c.dir/rosidl_typesupport_introspection_c/dynamixel_sdk_custom_interfaces/srv/detail/get_position__type_support.c.o[0m
[5.847s] [ 38%] [32mBuilding CXX object CMakeFiles/dynamixel_sdk_custom_interfaces__rosidl_typesupport_cpp.dir/rosidl_typesupport_cpp/dynamixel_sdk_custom_interfaces/srv/get_position__type_support.cpp.o[0m
[5.887s] [ 41%] [32m[1mLinking C shared library libdynamixel_sdk_custom_interfaces__rosidl_typesupport_introspection_c.so[0m
[5.947s] [ 41%] Built target dynamixel_sdk_custom_interfaces__rosidl_typesupport_introspection_c
[5.967s] [ 43%] [34m[1mGenerating C type support dispatch for ROS interfaces[0m
[6.199s] [ 46%] [32mBuilding CXX object CMakeFiles/dynamixel_sdk_custom_interfaces__rosidl_typesupport_introspection_cpp.dir/rosidl_typesupport_introspection_cpp/dynamixel_sdk_custom_interfaces/srv/detail/get_position__type_support.cpp.o[0m
[6.584s] [ 48%] [32mBuilding CXX object CMakeFiles/dynamixel_sdk_custom_interfaces__rosidl_typesupport_fastrtps_cpp.dir/rosidl_typesupport_fastrtps_cpp/dynamixel_sdk_custom_interfaces/srv/detail/dds_fastrtps/get_position__type_support.cpp.o[0m
[6.864s] [ 51%] [32m[1mLinking CXX shared library libdynamixel_sdk_custom_interfaces__rosidl_typesupport_cpp.so[0m
[7.004s] [35m[1mScanning dependencies of target dynamixel_sdk_custom_interfaces__rosidl_typesupport_c[0m
[7.136s] [ 53%] [32mBuilding CXX object CMakeFiles/dynamixel_sdk_custom_interfaces__rosidl_typesupport_c.dir/rosidl_typesupport_c/dynamixel_sdk_custom_interfaces/msg/set_position__type_support.cpp.o[0m
[7.141s] [ 53%] Built target dynamixel_sdk_custom_interfaces__rosidl_typesupport_cpp
[7.281s] [ 56%] [32mBuilding CXX object CMakeFiles/dynamixel_sdk_custom_interfaces__rosidl_typesupport_c.dir/rosidl_typesupport_c/dynamixel_sdk_custom_interfaces/srv/get_position__type_support.cpp.o[0m
[7.436s] [ 58%] [32m[1mLinking CXX shared library libdynamixel_sdk_custom_interfaces__rosidl_typesupport_introspection_cpp.so[0m
[7.489s] [ 61%] [32m[1mLinking CXX shared library libdynamixel_sdk_custom_interfaces__rosidl_typesupport_c.so[0m
[7.594s] [ 61%] Built target dynamixel_sdk_custom_interfaces__rosidl_typesupport_introspection_cpp
[7.630s] [ 61%] Built target dynamixel_sdk_custom_interfaces__rosidl_typesupport_c
[8.353s] [ 64%] [32m[1mLinking CXX shared library libdynamixel_sdk_custom_interfaces__rosidl_typesupport_fastrtps_cpp.so[0m
[8.589s] [ 64%] Built target dynamixel_sdk_custom_interfaces__rosidl_typesupport_fastrtps_cpp
[8.614s] [ 66%] [34m[1mGenerating C type support for eProsima Fast-RTPS[0m
[9.439s] [35m[1mScanning dependencies of target dynamixel_sdk_custom_interfaces__rosidl_typesupport_fastrtps_c[0m
[9.504s] [ 69%] [32mBuilding CXX object CMakeFiles/dynamixel_sdk_custom_interfaces__rosidl_typesupport_fastrtps_c.dir/rosidl_typesupport_fastrtps_c/dynamixel_sdk_custom_interfaces/srv/detail/get_position__type_support_c.cpp.o[0m
[9.508s] [ 71%] [32mBuilding CXX object CMakeFiles/dynamixel_sdk_custom_interfaces__rosidl_typesupport_fastrtps_c.dir/rosidl_typesupport_fastrtps_c/dynamixel_sdk_custom_interfaces/msg/detail/set_position__type_support_c.cpp.o[0m
[10.848s] [ 74%] [32m[1mLinking CXX shared library libdynamixel_sdk_custom_interfaces__rosidl_typesupport_fastrtps_c.so[0m
[11.075s] [ 74%] Built target dynamixel_sdk_custom_interfaces__rosidl_typesupport_fastrtps_c
[11.099s] [35m[1mScanning dependencies of target dynamixel_sdk_custom_interfaces[0m
[11.126s] [ 74%] Built target dynamixel_sdk_custom_interfaces
[11.152s] [35m[1mScanning dependencies of target dynamixel_sdk_custom_interfaces__py[0m
[11.179s] [ 76%] [34m[1mGenerating Python code for ROS interfaces[0m
[13.032s] [ 76%] Built target dynamixel_sdk_custom_interfaces__py
[13.057s] [35m[1mScanning dependencies of target dynamixel_sdk_custom_interfaces__python[0m
[13.143s] [ 79%] [32mBuilding C object CMakeFiles/dynamixel_sdk_custom_interfaces__python.dir/rosidl_generator_py/dynamixel_sdk_custom_interfaces/msg/_set_position_s.c.o[0m
[13.150s] [ 82%] [32mBuilding C object CMakeFiles/dynamixel_sdk_custom_interfaces__python.dir/rosidl_generator_py/dynamixel_sdk_custom_interfaces/srv/_get_position_s.c.o[0m
[13.548s] [ 84%] [32m[1mLinking C shared library rosidl_generator_py/dynamixel_sdk_custom_interfaces/libdynamixel_sdk_custom_interfaces__python.so[0m
[13.653s] [ 84%] Built target dynamixel_sdk_custom_interfaces__python
[13.690s] [35m[1mScanning dependencies of target dynamixel_sdk_custom_interfaces__rosidl_typesupport_fastrtps_c__pyext[0m
[13.691s] [35m[1mScanning dependencies of target dynamixel_sdk_custom_interfaces__rosidl_typesupport_introspection_c__pyext[0m
[13.694s] [35m[1mScanning dependencies of target dynamixel_sdk_custom_interfaces__rosidl_typesupport_c__pyext[0m
[13.777s] [ 87%] [32mBuilding C object CMakeFiles/dynamixel_sdk_custom_interfaces__rosidl_typesupport_c__pyext.dir/rosidl_generator_py/dynamixel_sdk_custom_interfaces/_dynamixel_sdk_custom_interfaces_s.ep.rosidl_typesupport_c.c.o[0m
[13.777s] [ 89%] [32mBuilding C object CMakeFiles/dynamixel_sdk_custom_interfaces__rosidl_typesupport_introspection_c__pyext.dir/rosidl_generator_py/dynamixel_sdk_custom_interfaces/_dynamixel_sdk_custom_interfaces_s.ep.rosidl_typesupport_introspection_c.c.o[0m
[13.783s] [ 92%] [32mBuilding C object CMakeFiles/dynamixel_sdk_custom_interfaces__rosidl_typesupport_fastrtps_c__pyext.dir/rosidl_generator_py/dynamixel_sdk_custom_interfaces/_dynamixel_sdk_custom_interfaces_s.ep.rosidl_typesupport_fastrtps_c.c.o[0m
[14.151s] [ 94%] [32m[1mLinking C shared library rosidl_generator_py/dynamixel_sdk_custom_interfaces/dynamixel_sdk_custom_interfaces_s__rosidl_typesupport_introspection_c.cpython-38-x86_64-linux-gnu.so[0m
[14.171s] [ 97%] [32m[1mLinking CXX shared library rosidl_generator_py/dynamixel_sdk_custom_interfaces/dynamixel_sdk_custom_interfaces_s__rosidl_typesupport_fastrtps_c.cpython-38-x86_64-linux-gnu.so[0m
[14.181s] [100%] [32m[1mLinking C shared library rosidl_generator_py/dynamixel_sdk_custom_interfaces/dynamixel_sdk_custom_interfaces_s__rosidl_typesupport_c.cpython-38-x86_64-linux-gnu.so[0m
[14.308s] [100%] Built target dynamixel_sdk_custom_interfaces__rosidl_typesupport_introspection_c__pyext
[14.335s] [100%] Built target dynamixel_sdk_custom_interfaces__rosidl_typesupport_c__pyext
[14.414s] [100%] Built target dynamixel_sdk_custom_interfaces__rosidl_typesupport_fastrtps_c__pyext
[14.442s] Invoked command in '/home/philip/Embedded_programming/Embedded_systems_final_clean/build/dynamixel_sdk_custom_interfaces' returned '0': CMAKE_PREFIX_PATH=/opt/ros/foxy /usr/bin/cmake --build /home/philip/Embedded_programming/Embedded_systems_final_clean/build/dynamixel_sdk_custom_interfaces -- -j4 -l4
[14.598s] Invoking command in '/home/philip/Embedded_programming/Embedded_systems_final_clean/build/dynamixel_sdk_custom_interfaces': CMAKE_PREFIX_PATH=/opt/ros/foxy /usr/bin/cmake --install /home/philip/Embedded_programming/Embedded_systems_final_clean/build/dynamixel_sdk_custom_interfaces
[14.619s] -- Install configuration: ""
[14.622s] -- Installing: /home/philip/Embedded_programming/Embedded_systems_final_clean/install/dynamixel_sdk_custom_interfaces/share/ament_index/resource_index/rosidl_interfaces/dynamixel_sdk_custom_interfaces
[14.623s] -- Installing: /home/philip/Embedded_programming/Embedded_systems_final_clean/install/dynamixel_sdk_custom_interfaces/include/dynamixel_sdk_custom_interfaces
[14.624s] -- Installing: /home/philip/Embedded_programming/Embedded_systems_final_clean/install/dynamixel_sdk_custom_interfaces/include/dynamixel_sdk_custom_interfaces/srv
[14.624s] -- Installing: /home/philip/Embedded_programming/Embedded_systems_final_clean/install/dynamixel_sdk_custom_interfaces/include/dynamixel_sdk_custom_interfaces/srv/get_position.h
[14.625s] -- Installing: /home/philip/Embedded_programming/Embedded_systems_final_clean/install/dynamixel_sdk_custom_interfaces/include/dynamixel_sdk_custom_interfaces/srv/detail
[14.625s] -- Installing: /home/philip/Embedded_programming/Embedded_systems_final_clean/install/dynamixel_sdk_custom_interfaces/include/dynamixel_sdk_custom_interfaces/srv/detail/get_position__type_support.h
[14.626s] -- Installing: /home/philip/Embedded_programming/Embedded_systems_final_clean/install/dynamixel_sdk_custom_interfaces/include/dynamixel_sdk_custom_interfaces/srv/detail/get_position__functions.h
[14.626s] -- Installing: /home/philip/Embedded_programming/Embedded_systems_final_clean/install/dynamixel_sdk_custom_interfaces/include/dynamixel_sdk_custom_interfaces/srv/detail/get_position__struct.h
[14.626s] -- Installing: /home/philip/Embedded_programming/Embedded_systems_final_clean/install/dynamixel_sdk_custom_interfaces/include/dynamixel_sdk_custom_interfaces/srv/detail/get_position__functions.c
[14.627s] -- Installing: /home/philip/Embedded_programming/Embedded_systems_final_clean/install/dynamixel_sdk_custom_interfaces/include/dynamixel_sdk_custom_interfaces/msg
[14.627s] -- Installing: /home/philip/Embedded_programming/Embedded_systems_final_clean/install/dynamixel_sdk_custom_interfaces/include/dynamixel_sdk_custom_interfaces/msg/rosidl_generator_c__visibility_control.h
[14.628s] -- Installing: /home/philip/Embedded_programming/Embedded_systems_final_clean/install/dynamixel_sdk_custom_interfaces/include/dynamixel_sdk_custom_interfaces/msg/detail
[14.628s] -- Installing: /home/philip/Embedded_programming/Embedded_systems_final_clean/install/dynamixel_sdk_custom_interfaces/include/dynamixel_sdk_custom_interfaces/msg/detail/set_position__functions.h
[14.629s] -- Installing: /home/philip/Embedded_programming/Embedded_systems_final_clean/install/dynamixel_sdk_custom_interfaces/include/dynamixel_sdk_custom_interfaces/msg/detail/set_position__functions.c
[14.629s] -- Installing: /home/philip/Embedded_programming/Embedded_systems_final_clean/install/dynamixel_sdk_custom_interfaces/include/dynamixel_sdk_custom_interfaces/msg/detail/set_position__struct.h
[14.629s] -- Installing: /home/philip/Embedded_programming/Embedded_systems_final_clean/install/dynamixel_sdk_custom_interfaces/include/dynamixel_sdk_custom_interfaces/msg/detail/set_position__type_support.h
[14.630s] -- Installing: /home/philip/Embedded_programming/Embedded_systems_final_clean/install/dynamixel_sdk_custom_interfaces/include/dynamixel_sdk_custom_interfaces/msg/set_position.h
[14.630s] -- Installing: /home/philip/Embedded_programming/Embedded_systems_final_clean/install/dynamixel_sdk_custom_interfaces/share/dynamixel_sdk_custom_interfaces/environment/library_path.sh
[14.631s] -- Installing: /home/philip/Embedded_programming/Embedded_systems_final_clean/install/dynamixel_sdk_custom_interfaces/share/dynamixel_sdk_custom_interfaces/environment/library_path.dsv
[14.631s] -- Installing: /home/philip/Embedded_programming/Embedded_systems_final_clean/install/dynamixel_sdk_custom_interfaces/lib/libdynamixel_sdk_custom_interfaces__rosidl_generator_c.so
[14.632s] -- Set runtime path of "/home/philip/Embedded_programming/Embedded_systems_final_clean/install/dynamixel_sdk_custom_interfaces/lib/libdynamixel_sdk_custom_interfaces__rosidl_generator_c.so" to ""
[14.633s] -- Up-to-date: /home/philip/Embedded_programming/Embedded_systems_final_clean/install/dynamixel_sdk_custom_interfaces/include/dynamixel_sdk_custom_interfaces
[14.634s] -- Up-to-date: /home/philip/Embedded_programming/Embedded_systems_final_clean/install/dynamixel_sdk_custom_interfaces/include/dynamixel_sdk_custom_interfaces/srv
[14.634s] -- Up-to-date: /home/philip/Embedded_programming/Embedded_systems_final_clean/install/dynamixel_sdk_custom_interfaces/include/dynamixel_sdk_custom_interfaces/srv/detail
[14.634s] -- Installing: /home/philip/Embedded_programming/Embedded_systems_final_clean/install/dynamixel_sdk_custom_interfaces/include/dynamixel_sdk_custom_interfaces/srv/detail/get_position__rosidl_typesupport_fastrtps_c.h
[14.635s] -- Up-to-date: /home/philip/Embedded_programming/Embedded_systems_final_clean/install/dynamixel_sdk_custom_interfaces/include/dynamixel_sdk_custom_interfaces/msg
[14.635s] -- Up-to-date: /home/philip/Embedded_programming/Embedded_systems_final_clean/install/dynamixel_sdk_custom_interfaces/include/dynamixel_sdk_custom_interfaces/msg/detail
[14.635s] -- Installing: /home/philip/Embedded_programming/Embedded_systems_final_clean/install/dynamixel_sdk_custom_interfaces/include/dynamixel_sdk_custom_interfaces/msg/detail/set_position__rosidl_typesupport_fastrtps_c.h
[14.636s] -- Installing: /home/philip/Embedded_programming/Embedded_systems_final_clean/install/dynamixel_sdk_custom_interfaces/include/dynamixel_sdk_custom_interfaces/msg/rosidl_typesupport_fastrtps_c__visibility_control.h
[14.636s] -- Installing: /home/philip/Embedded_programming/Embedded_systems_final_clean/install/dynamixel_sdk_custom_interfaces/lib/libdynamixel_sdk_custom_interfaces__rosidl_typesupport_fastrtps_c.so
[14.637s] -- Set runtime path of "/home/philip/Embedded_programming/Embedded_systems_final_clean/install/dynamixel_sdk_custom_interfaces/lib/libdynamixel_sdk_custom_interfaces__rosidl_typesupport_fastrtps_c.so" to ""
[14.637s] -- Up-to-date: /home/philip/Embedded_programming/Embedded_systems_final_clean/install/dynamixel_sdk_custom_interfaces/include/dynamixel_sdk_custom_interfaces
[14.638s] -- Up-to-date: /home/philip/Embedded_programming/Embedded_systems_final_clean/install/dynamixel_sdk_custom_interfaces/include/dynamixel_sdk_custom_interfaces/srv
[14.638s] -- Up-to-date: /home/philip/Embedded_programming/Embedded_systems_final_clean/install/dynamixel_sdk_custom_interfaces/include/dynamixel_sdk_custom_interfaces/srv/detail
[14.639s] -- Installing: /home/philip/Embedded_programming/Embedded_systems_final_clean/install/dynamixel_sdk_custom_interfaces/include/dynamixel_sdk_custom_interfaces/srv/detail/get_position__rosidl_typesupport_fastrtps_cpp.hpp
[14.639s] -- Installing: /home/philip/Embedded_programming/Embedded_systems_final_clean/install/dynamixel_sdk_custom_interfaces/include/dynamixel_sdk_custom_interfaces/srv/detail/dds_fastrtps
[14.639s] -- Up-to-date: /home/philip/Embedded_programming/Embedded_systems_final_clean/install/dynamixel_sdk_custom_interfaces/include/dynamixel_sdk_custom_interfaces/msg
[14.640s] -- Installing: /home/philip/Embedded_programming/Embedded_systems_final_clean/install/dynamixel_sdk_custom_interfaces/include/dynamixel_sdk_custom_interfaces/msg/rosidl_typesupport_fastrtps_cpp__visibility_control.h
[14.640s] -- Up-to-date: /home/philip/Embedded_programming/Embedded_systems_final_clean/install/dynamixel_sdk_custom_interfaces/include/dynamixel_sdk_custom_interfaces/msg/detail
[14.641s] -- Installing: /home/philip/Embedded_programming/Embedded_systems_final_clean/install/dynamixel_sdk_custom_interfaces/include/dynamixel_sdk_custom_interfaces/msg/detail/set_position__rosidl_typesupport_fastrtps_cpp.hpp
[14.641s] -- Installing: /home/philip/Embedded_programming/Embedded_systems_final_clean/install/dynamixel_sdk_custom_interfaces/include/dynamixel_sdk_custom_interfaces/msg/detail/dds_fastrtps
[14.641s] -- Installing: /home/philip/Embedded_programming/Embedded_systems_final_clean/install/dynamixel_sdk_custom_interfaces/lib/libdynamixel_sdk_custom_interfaces__rosidl_typesupport_fastrtps_cpp.so
[14.642s] -- Set runtime path of "/home/philip/Embedded_programming/Embedded_systems_final_clean/install/dynamixel_sdk_custom_interfaces/lib/libdynamixel_sdk_custom_interfaces__rosidl_typesupport_fastrtps_cpp.so" to ""
[14.642s] -- Up-to-date: /home/philip/Embedded_programming/Embedded_systems_final_clean/install/dynamixel_sdk_custom_interfaces/include/dynamixel_sdk_custom_interfaces
[14.643s] -- Up-to-date: /home/philip/Embedded_programming/Embedded_systems_final_clean/install/dynamixel_sdk_custom_interfaces/include/dynamixel_sdk_custom_interfaces/srv
[14.643s] -- Up-to-date: /home/philip/Embedded_programming/Embedded_systems_final_clean/install/dynamixel_sdk_custom_interfaces/include/dynamixel_sdk_custom_interfaces/srv/detail
[14.644s] -- Installing: /home/philip/Embedded_programming/Embedded_systems_final_clean/install/dynamixel_sdk_custom_interfaces/include/dynamixel_sdk_custom_interfaces/srv/detail/get_position__type_support.c
[14.644s] -- Installing: /home/philip/Embedded_programming/Embedded_systems_final_clean/install/dynamixel_sdk_custom_interfaces/include/dynamixel_sdk_custom_interfaces/srv/detail/get_position__rosidl_typesupport_introspection_c.h
[14.644s] -- Up-to-date: /home/philip/Embedded_programming/Embedded_systems_final_clean/install/dynamixel_sdk_custom_interfaces/include/dynamixel_sdk_custom_interfaces/msg
[14.645s] -- Installing: /home/philip/Embedded_programming/Embedded_systems_final_clean/install/dynamixel_sdk_custom_interfaces/include/dynamixel_sdk_custom_interfaces/msg/rosidl_typesupport_introspection_c__visibility_control.h
[14.645s] -- Up-to-date: /home/philip/Embedded_programming/Embedded_systems_final_clean/install/dynamixel_sdk_custom_interfaces/include/dynamixel_sdk_custom_interfaces/msg/detail
[14.646s] -- Installing: /home/philip/Embedded_programming/Embedded_systems_final_clean/install/dynamixel_sdk_custom_interfaces/include/dynamixel_sdk_custom_interfaces/msg/detail/set_position__type_support.c
[14.646s] -- Installing: /home/philip/Embedded_programming/Embedded_systems_final_clean/install/dynamixel_sdk_custom_interfaces/include/dynamixel_sdk_custom_interfaces/msg/detail/set_position__rosidl_typesupport_introspection_c.h
[14.646s] -- Installing: /home/philip/Embedded_programming/Embedded_systems_final_clean/install/dynamixel_sdk_custom_interfaces/lib/libdynamixel_sdk_custom_interfaces__rosidl_typesupport_introspection_c.so
[14.647s] -- Set runtime path of "/home/philip/Embedded_programming/Embedded_systems_final_clean/install/dynamixel_sdk_custom_interfaces/lib/libdynamixel_sdk_custom_interfaces__rosidl_typesupport_introspection_c.so" to ""
[14.647s] -- Installing: /home/philip/Embedded_programming/Embedded_systems_final_clean/install/dynamixel_sdk_custom_interfaces/lib/libdynamixel_sdk_custom_interfaces__rosidl_typesupport_c.so
[14.648s] -- Set runtime path of "/home/philip/Embedded_programming/Embedded_systems_final_clean/install/dynamixel_sdk_custom_interfaces/lib/libdynamixel_sdk_custom_interfaces__rosidl_typesupport_c.so" to ""
[14.649s] -- Up-to-date: /home/philip/Embedded_programming/Embedded_systems_final_clean/install/dynamixel_sdk_custom_interfaces/include/dynamixel_sdk_custom_interfaces
[14.649s] -- Up-to-date: /home/philip/Embedded_programming/Embedded_systems_final_clean/install/dynamixel_sdk_custom_interfaces/include/dynamixel_sdk_custom_interfaces/srv
[14.650s] -- Installing: /home/philip/Embedded_programming/Embedded_systems_final_clean/install/dynamixel_sdk_custom_interfaces/include/dynamixel_sdk_custom_interfaces/srv/get_position.hpp
[14.650s] -- Up-to-date: /home/philip/Embedded_programming/Embedded_systems_final_clean/install/dynamixel_sdk_custom_interfaces/include/dynamixel_sdk_custom_interfaces/srv/detail
[14.651s] -- Installing: /home/philip/Embedded_programming/Embedded_systems_final_clean/install/dynamixel_sdk_custom_interfaces/include/dynamixel_sdk_custom_interfaces/srv/detail/get_position__traits.hpp
[14.651s] -- Installing: /home/philip/Embedded_programming/Embedded_systems_final_clean/install/dynamixel_sdk_custom_interfaces/include/dynamixel_sdk_custom_interfaces/srv/detail/get_position__builder.hpp
[14.652s] -- Installing: /home/philip/Embedded_programming/Embedded_systems_final_clean/install/dynamixel_sdk_custom_interfaces/include/dynamixel_sdk_custom_interfaces/srv/detail/get_position__struct.hpp
[14.652s] -- Up-to-date: /home/philip/Embedded_programming/Embedded_systems_final_clean/install/dynamixel_sdk_custom_interfaces/include/dynamixel_sdk_custom_interfaces/msg
[14.652s] -- Installing: /home/philip/Embedded_programming/Embedded_systems_final_clean/install/dynamixel_sdk_custom_interfaces/include/dynamixel_sdk_custom_interfaces/msg/set_position.hpp
[14.653s] -- Up-to-date: /home/philip/Embedded_programming/Embedded_systems_final_clean/install/dynamixel_sdk_custom_interfaces/include/dynamixel_sdk_custom_interfaces/msg/detail
[14.653s] -- Installing: /home/philip/Embedded_programming/Embedded_systems_final_clean/install/dynamixel_sdk_custom_interfaces/include/dynamixel_sdk_custom_interfaces/msg/detail/set_position__traits.hpp
[14.654s] -- Installing: /home/philip/Embedded_programming/Embedded_systems_final_clean/install/dynamixel_sdk_custom_interfaces/include/dynamixel_sdk_custom_interfaces/msg/detail/set_position__struct.hpp
[14.654s] -- Installing: /home/philip/Embedded_programming/Embedded_systems_final_clean/install/dynamixel_sdk_custom_interfaces/include/dynamixel_sdk_custom_interfaces/msg/detail/set_position__builder.hpp
[14.655s] -- Up-to-date: /home/philip/Embedded_programming/Embedded_systems_final_clean/install/dynamixel_sdk_custom_interfaces/include/dynamixel_sdk_custom_interfaces
[14.655s] -- Up-to-date: /home/philip/Embedded_programming/Embedded_systems_final_clean/install/dynamixel_sdk_custom_interfaces/include/dynamixel_sdk_custom_interfaces/srv
[14.656s] -- Up-to-date: /home/philip/Embedded_programming/Embedded_systems_final_clean/install/dynamixel_sdk_custom_interfaces/include/dynamixel_sdk_custom_interfaces/srv/detail
[14.656s] -- Installing: /home/philip/Embedded_programming/Embedded_systems_final_clean/install/dynamixel_sdk_custom_interfaces/include/dynamixel_sdk_custom_interfaces/srv/detail/get_position__rosidl_typesupport_introspection_cpp.hpp
[14.657s] -- Installing: /home/philip/Embedded_programming/Embedded_systems_final_clean/install/dynamixel_sdk_custom_interfaces/include/dynamixel_sdk_custom_interfaces/srv/detail/get_position__type_support.cpp
[14.657s] -- Up-to-date: /home/philip/Embedded_programming/Embedded_systems_final_clean/install/dynamixel_sdk_custom_interfaces/include/dynamixel_sdk_custom_interfaces/msg
[14.658s] -- Up-to-date: /home/philip/Embedded_programming/Embedded_systems_final_clean/install/dynamixel_sdk_custom_interfaces/include/dynamixel_sdk_custom_interfaces/msg/detail
[14.658s] -- Installing: /home/philip/Embedded_programming/Embedded_systems_final_clean/install/dynamixel_sdk_custom_interfaces/include/dynamixel_sdk_custom_interfaces/msg/detail/set_position__rosidl_typesupport_introspection_cpp.hpp
[14.658s] -- Installing: /home/philip/Embedded_programming/Embedded_systems_final_clean/install/dynamixel_sdk_custom_interfaces/include/dynamixel_sdk_custom_interfaces/msg/detail/set_position__type_support.cpp
[14.659s] -- Installing: /home/philip/Embedded_programming/Embedded_systems_final_clean/install/dynamixel_sdk_custom_interfaces/lib/libdynamixel_sdk_custom_interfaces__rosidl_typesupport_introspection_cpp.so
[14.659s] -- Set runtime path of "/home/philip/Embedded_programming/Embedded_systems_final_clean/install/dynamixel_sdk_custom_interfaces/lib/libdynamixel_sdk_custom_interfaces__rosidl_typesupport_introspection_cpp.so" to ""
[14.660s] -- Installing: /home/philip/Embedded_programming/Embedded_systems_final_clean/install/dynamixel_sdk_custom_interfaces/lib/libdynamixel_sdk_custom_interfaces__rosidl_typesupport_cpp.so
[14.660s] -- Set runtime path of "/home/philip/Embedded_programming/Embedded_systems_final_clean/install/dynamixel_sdk_custom_interfaces/lib/libdynamixel_sdk_custom_interfaces__rosidl_typesupport_cpp.so" to ""
[14.661s] -- Installing: /home/philip/Embedded_programming/Embedded_systems_final_clean/install/dynamixel_sdk_custom_interfaces/share/dynamixel_sdk_custom_interfaces/environment/pythonpath.sh
[14.661s] -- Installing: /home/philip/Embedded_programming/Embedded_systems_final_clean/install/dynamixel_sdk_custom_interfaces/share/dynamixel_sdk_custom_interfaces/environment/pythonpath.dsv
[14.661s] -- Installing: /home/philip/Embedded_programming/Embedded_systems_final_clean/install/dynamixel_sdk_custom_interfaces/lib/python3.8/site-packages/dynamixel_sdk_custom_interfaces/__init__.py
[14.747s] Compiling '/home/philip/Embedded_programming/Embedded_systems_final_clean/install/dynamixel_sdk_custom_interfaces/lib/python3.8/site-packages/dynamixel_sdk_custom_interfaces/__init__.py'...
[14.757s] -- Installing: /home/philip/Embedded_programming/Embedded_systems_final_clean/install/dynamixel_sdk_custom_interfaces/lib/python3.8/site-packages/dynamixel_sdk_custom_interfaces/msg
[14.757s] -- Installing: /home/philip/Embedded_programming/Embedded_systems_final_clean/install/dynamixel_sdk_custom_interfaces/lib/python3.8/site-packages/dynamixel_sdk_custom_interfaces/msg/__init__.py
[14.758s] -- Installing: /home/philip/Embedded_programming/Embedded_systems_final_clean/install/dynamixel_sdk_custom_interfaces/lib/python3.8/site-packages/dynamixel_sdk_custom_interfaces/msg/_set_position_s.c
[14.758s] -- Installing: /home/philip/Embedded_programming/Embedded_systems_final_clean/install/dynamixel_sdk_custom_interfaces/lib/python3.8/site-packages/dynamixel_sdk_custom_interfaces/msg/_set_position.py
[14.759s] -- Installing: /home/philip/Embedded_programming/Embedded_systems_final_clean/install/dynamixel_sdk_custom_interfaces/lib/python3.8/site-packages/dynamixel_sdk_custom_interfaces/srv
[14.759s] -- Installing: /home/philip/Embedded_programming/Embedded_systems_final_clean/install/dynamixel_sdk_custom_interfaces/lib/python3.8/site-packages/dynamixel_sdk_custom_interfaces/srv/_get_position.py
[14.760s] -- Installing: /home/philip/Embedded_programming/Embedded_systems_final_clean/install/dynamixel_sdk_custom_interfaces/lib/python3.8/site-packages/dynamixel_sdk_custom_interfaces/srv/_get_position_s.c
[14.760s] -- Installing: /home/philip/Embedded_programming/Embedded_systems_final_clean/install/dynamixel_sdk_custom_interfaces/lib/python3.8/site-packages/dynamixel_sdk_custom_interfaces/srv/__init__.py
[14.761s] -- Installing: /home/philip/Embedded_programming/Embedded_systems_final_clean/install/dynamixel_sdk_custom_interfaces/lib/python3.8/site-packages/dynamixel_sdk_custom_interfaces/dynamixel_sdk_custom_interfaces_s__rosidl_typesupport_fastrtps_c.cpython-38-x86_64-linux-gnu.so
[14.763s] -- Set runtime path of "/home/philip/Embedded_programming/Embedded_systems_final_clean/install/dynamixel_sdk_custom_interfaces/lib/python3.8/site-packages/dynamixel_sdk_custom_interfaces/dynamixel_sdk_custom_interfaces_s__rosidl_typesupport_fastrtps_c.cpython-38-x86_64-linux-gnu.so" to ""
[14.763s] -- Installing: /home/philip/Embedded_programming/Embedded_systems_final_clean/install/dynamixel_sdk_custom_interfaces/lib/python3.8/site-packages/dynamixel_sdk_custom_interfaces/dynamixel_sdk_custom_interfaces_s__rosidl_typesupport_introspection_c.cpython-38-x86_64-linux-gnu.so
[14.765s] -- Set runtime path of "/home/philip/Embedded_programming/Embedded_systems_final_clean/install/dynamixel_sdk_custom_interfaces/lib/python3.8/site-packages/dynamixel_sdk_custom_interfaces/dynamixel_sdk_custom_interfaces_s__rosidl_typesupport_introspection_c.cpython-38-x86_64-linux-gnu.so" to ""
[14.766s] -- Installing: /home/philip/Embedded_programming/Embedded_systems_final_clean/install/dynamixel_sdk_custom_interfaces/lib/python3.8/site-packages/dynamixel_sdk_custom_interfaces/dynamixel_sdk_custom_interfaces_s__rosidl_typesupport_c.cpython-38-x86_64-linux-gnu.so
[14.767s] -- Set runtime path of "/home/philip/Embedded_programming/Embedded_systems_final_clean/install/dynamixel_sdk_custom_interfaces/lib/python3.8/site-packages/dynamixel_sdk_custom_interfaces/dynamixel_sdk_custom_interfaces_s__rosidl_typesupport_c.cpython-38-x86_64-linux-gnu.so" to ""
[14.768s] -- Installing: /home/philip/Embedded_programming/Embedded_systems_final_clean/install/dynamixel_sdk_custom_interfaces/lib/libdynamixel_sdk_custom_interfaces__python.so
[14.769s] -- Set runtime path of "/home/philip/Embedded_programming/Embedded_systems_final_clean/install/dynamixel_sdk_custom_interfaces/lib/libdynamixel_sdk_custom_interfaces__python.so" to ""
[14.770s] -- Installing: /home/philip/Embedded_programming/Embedded_systems_final_clean/install/dynamixel_sdk_custom_interfaces/share/dynamixel_sdk_custom_interfaces/msg/SetPosition.idl
[14.770s] -- Installing: /home/philip/Embedded_programming/Embedded_systems_final_clean/install/dynamixel_sdk_custom_interfaces/share/dynamixel_sdk_custom_interfaces/srv/GetPosition.idl
[14.771s] -- Installing: /home/philip/Embedded_programming/Embedded_systems_final_clean/install/dynamixel_sdk_custom_interfaces/share/dynamixel_sdk_custom_interfaces/msg/SetPosition.msg
[14.771s] -- Installing: /home/philip/Embedded_programming/Embedded_systems_final_clean/install/dynamixel_sdk_custom_interfaces/share/dynamixel_sdk_custom_interfaces/srv/GetPosition.srv
[14.772s] -- Installing: /home/philip/Embedded_programming/Embedded_systems_final_clean/install/dynamixel_sdk_custom_interfaces/share/dynamixel_sdk_custom_interfaces/srv/GetPosition_Request.msg
[14.772s] -- Installing: /home/philip/Embedded_programming/Embedded_systems_final_clean/install/dynamixel_sdk_custom_interfaces/share/dynamixel_sdk_custom_interfaces/srv/GetPosition_Response.msg
[14.773s] -- Installing: /home/philip/Embedded_programming/Embedded_systems_final_clean/install/dynamixel_sdk_custom_interfaces/share/ament_index/resource_index/package_run_dependencies/dynamixel_sdk_custom_interfaces
[14.774s] -- Installing: /home/philip/Embedded_programming/Embedded_systems_final_clean/install/dynamixel_sdk_custom_interfaces/share/ament_index/resource_index/parent_prefix_path/dynamixel_sdk_custom_interfaces
[14.774s] -- Installing: /home/philip/Embedded_programming/Embedded_systems_final_clean/install/dynamixel_sdk_custom_interfaces/share/dynamixel_sdk_custom_interfaces/environment/ament_prefix_path.sh
[14.775s] -- Installing: /home/philip/Embedded_programming/Embedded_systems_final_clean/install/dynamixel_sdk_custom_interfaces/share/dynamixel_sdk_custom_interfaces/environment/ament_prefix_path.dsv
[14.776s] -- Installing: /home/philip/Embedded_programming/Embedded_systems_final_clean/install/dynamixel_sdk_custom_interfaces/share/dynamixel_sdk_custom_interfaces/environment/path.sh
[14.776s] -- Installing: /home/philip/Embedded_programming/Embedded_systems_final_clean/install/dynamixel_sdk_custom_interfaces/share/dynamixel_sdk_custom_interfaces/environment/path.dsv
[14.776s] -- Installing: /home/philip/Embedded_programming/Embedded_systems_final_clean/install/dynamixel_sdk_custom_interfaces/share/dynamixel_sdk_custom_interfaces/local_setup.bash
[14.777s] -- Installing: /home/philip/Embedded_programming/Embedded_systems_final_clean/install/dynamixel_sdk_custom_interfaces/share/dynamixel_sdk_custom_interfaces/local_setup.sh
[14.777s] -- Installing: /home/philip/Embedded_programming/Embedded_systems_final_clean/install/dynamixel_sdk_custom_interfaces/share/dynamixel_sdk_custom_interfaces/local_setup.zsh
[14.778s] -- Installing: /home/philip/Embedded_programming/Embedded_systems_final_clean/install/dynamixel_sdk_custom_interfaces/share/dynamixel_sdk_custom_interfaces/local_setup.dsv
[14.778s] -- Installing: /home/philip/Embedded_programming/Embedded_systems_final_clean/install/dynamixel_sdk_custom_interfaces/share/dynamixel_sdk_custom_interfaces/package.dsv
[14.779s] -- Installing: /home/philip/Embedded_programming/Embedded_systems_final_clean/install/dynamixel_sdk_custom_interfaces/share/ament_index/resource_index/packages/dynamixel_sdk_custom_interfaces
[14.779s] -- Installing: /home/philip/Embedded_programming/Embedded_systems_final_clean/install/dynamixel_sdk_custom_interfaces/share/dynamixel_sdk_custom_interfaces/cmake/dynamixel_sdk_custom_interfaces__rosidl_generator_cExport.cmake
[14.780s] -- Installing: /home/philip/Embedded_programming/Embedded_systems_final_clean/install/dynamixel_sdk_custom_interfaces/share/dynamixel_sdk_custom_interfaces/cmake/dynamixel_sdk_custom_interfaces__rosidl_generator_cExport-noconfig.cmake
[14.780s] -- Installing: /home/philip/Embedded_programming/Embedded_systems_final_clean/install/dynamixel_sdk_custom_interfaces/share/dynamixel_sdk_custom_interfaces/cmake/dynamixel_sdk_custom_interfaces__rosidl_typesupport_introspection_cExport.cmake
[14.780s] -- Installing: /home/philip/Embedded_programming/Embedded_systems_final_clean/install/dynamixel_sdk_custom_interfaces/share/dynamixel_sdk_custom_interfaces/cmake/dynamixel_sdk_custom_interfaces__rosidl_typesupport_introspection_cExport-noconfig.cmake
[14.781s] -- Installing: /home/philip/Embedded_programming/Embedded_systems_final_clean/install/dynamixel_sdk_custom_interfaces/share/dynamixel_sdk_custom_interfaces/cmake/dynamixel_sdk_custom_interfaces__rosidl_typesupport_cExport.cmake
[14.781s] -- Installing: /home/philip/Embedded_programming/Embedded_systems_final_clean/install/dynamixel_sdk_custom_interfaces/share/dynamixel_sdk_custom_interfaces/cmake/dynamixel_sdk_custom_interfaces__rosidl_typesupport_cExport-noconfig.cmake
[14.782s] -- Installing: /home/philip/Embedded_programming/Embedded_systems_final_clean/install/dynamixel_sdk_custom_interfaces/share/dynamixel_sdk_custom_interfaces/cmake/dynamixel_sdk_custom_interfaces__rosidl_generator_cppExport.cmake
[14.784s] -- Installing: /home/philip/Embedded_programming/Embedded_systems_final_clean/install/dynamixel_sdk_custom_interfaces/share/dynamixel_sdk_custom_interfaces/cmake/dynamixel_sdk_custom_interfaces__rosidl_typesupport_introspection_cppExport.cmake
[14.785s] -- Installing: /home/philip/Embedded_programming/Embedded_systems_final_clean/install/dynamixel_sdk_custom_interfaces/share/dynamixel_sdk_custom_interfaces/cmake/dynamixel_sdk_custom_interfaces__rosidl_typesupport_introspection_cppExport-noconfig.cmake
[14.785s] -- Installing: /home/philip/Embedded_programming/Embedded_systems_final_clean/install/dynamixel_sdk_custom_interfaces/share/dynamixel_sdk_custom_interfaces/cmake/dynamixel_sdk_custom_interfaces__rosidl_typesupport_cppExport.cmake
[14.786s] -- Installing: /home/philip/Embedded_programming/Embedded_systems_final_clean/install/dynamixel_sdk_custom_interfaces/share/dynamixel_sdk_custom_interfaces/cmake/dynamixel_sdk_custom_interfaces__rosidl_typesupport_cppExport-noconfig.cmake
[14.786s] -- Installing: /home/philip/Embedded_programming/Embedded_systems_final_clean/install/dynamixel_sdk_custom_interfaces/share/dynamixel_sdk_custom_interfaces/cmake/rosidl_cmake-extras.cmake
[14.788s] -- Installing: /home/philip/Embedded_programming/Embedded_systems_final_clean/install/dynamixel_sdk_custom_interfaces/share/dynamixel_sdk_custom_interfaces/cmake/ament_cmake_export_dependencies-extras.cmake
[14.789s] -- Installing: /home/philip/Embedded_programming/Embedded_systems_final_clean/install/dynamixel_sdk_custom_interfaces/share/dynamixel_sdk_custom_interfaces/cmake/ament_cmake_export_libraries-extras.cmake
[14.789s] -- Installing: /home/philip/Embedded_programming/Embedded_systems_final_clean/install/dynamixel_sdk_custom_interfaces/share/dynamixel_sdk_custom_interfaces/cmake/ament_cmake_export_targets-extras.cmake
[14.790s] -- Installing: /home/philip/Embedded_programming/Embedded_systems_final_clean/install/dynamixel_sdk_custom_interfaces/share/dynamixel_sdk_custom_interfaces/cmake/ament_cmake_export_include_directories-extras.cmake
[14.790s] -- Installing: /home/philip/Embedded_programming/Embedded_systems_final_clean/install/dynamixel_sdk_custom_interfaces/share/dynamixel_sdk_custom_interfaces/cmake/rosidl_cmake_export_typesupport_libraries-extras.cmake
[14.791s] -- Installing: /home/philip/Embedded_programming/Embedded_systems_final_clean/install/dynamixel_sdk_custom_interfaces/share/dynamixel_sdk_custom_interfaces/cmake/rosidl_cmake_export_typesupport_targets-extras.cmake
[14.791s] -- Installing: /home/philip/Embedded_programming/Embedded_systems_final_clean/install/dynamixel_sdk_custom_interfaces/share/dynamixel_sdk_custom_interfaces/cmake/dynamixel_sdk_custom_interfacesConfig.cmake
[14.791s] -- Installing: /home/philip/Embedded_programming/Embedded_systems_final_clean/install/dynamixel_sdk_custom_interfaces/share/dynamixel_sdk_custom_interfaces/cmake/dynamixel_sdk_custom_interfacesConfig-version.cmake
[14.792s] -- Installing: /home/philip/Embedded_programming/Embedded_systems_final_clean/install/dynamixel_sdk_custom_interfaces/share/dynamixel_sdk_custom_interfaces/package.xml
[14.804s] Invoked command in '/home/philip/Embedded_programming/Embedded_systems_final_clean/build/dynamixel_sdk_custom_interfaces' returned '0': CMAKE_PREFIX_PATH=/opt/ros/foxy /usr/bin/cmake --install /home/philip/Embedded_programming/Embedded_systems_final_clean/build/dynamixel_sdk_custom_interfaces
